[3.669s] Invoking command in '/home/ubuntu/AutoSys-TurtlebotRos2/ros2_ws/src/talker_listener': PYTHONPATH=/home/ubuntu/AutoSys-TurtlebotRos2/ros2_ws/install/talker_listener/lib/python3.8/site-packages:${PYTHONPATH} /usr/bin/python3 setup.py egg_info --egg-base ../../build/talker_listener build --build-base /home/ubuntu/AutoSys-TurtlebotRos2/ros2_ws/build/talker_listener/build install --prefix /home/ubuntu/AutoSys-TurtlebotRos2/ros2_ws/install/talker_listener --record /home/ubuntu/AutoSys-TurtlebotRos2/ros2_ws/build/talker_listener/install.log --single-version-externally-managed
[6.238s] running egg_info
[6.247s] writing ../../build/talker_listener/talker_listener.egg-info/PKG-INFO
[6.252s] writing dependency_links to ../../build/talker_listener/talker_listener.egg-info/dependency_links.txt
[6.255s] writing entry points to ../../build/talker_listener/talker_listener.egg-info/entry_points.txt
[6.258s] writing requirements to ../../build/talker_listener/talker_listener.egg-info/requires.txt
[6.261s] writing top-level names to ../../build/talker_listener/talker_listener.egg-info/top_level.txt
[6.650s] reading manifest file '../../build/talker_listener/talker_listener.egg-info/SOURCES.txt'
[6.665s] writing manifest file '../../build/talker_listener/talker_listener.egg-info/SOURCES.txt'
[6.668s] running build
[6.671s] running build_py
[6.684s] running install
[6.695s] running install_lib
[6.727s] running install_data
[6.737s] running install_egg_info
[6.762s] removing '/home/ubuntu/AutoSys-TurtlebotRos2/ros2_ws/install/talker_listener/lib/python3.8/site-packages/talker_listener-0.0.0-py3.8.egg-info' (and everything under it)
[6.794s] Copying ../../build/talker_listener/talker_listener.egg-info to /home/ubuntu/AutoSys-TurtlebotRos2/ros2_ws/install/talker_listener/lib/python3.8/site-packages/talker_listener-0.0.0-py3.8.egg-info
[6.834s] running install_scripts
[7.034s] Installing follower script to /home/ubuntu/AutoSys-TurtlebotRos2/ros2_ws/install/talker_listener/lib/talker_listener
[7.040s] Installing picture_publisher script to /home/ubuntu/AutoSys-TurtlebotRos2/ros2_ws/install/talker_listener/lib/talker_listener
[7.046s] Installing talker_listener script to /home/ubuntu/AutoSys-TurtlebotRos2/ros2_ws/install/talker_listener/lib/talker_listener
[7.055s] writing list of installed files to '/home/ubuntu/AutoSys-TurtlebotRos2/ros2_ws/build/talker_listener/install.log'
[7.193s] Invoked command in '/home/ubuntu/AutoSys-TurtlebotRos2/ros2_ws/src/talker_listener' returned '0': PYTHONPATH=/home/ubuntu/AutoSys-TurtlebotRos2/ros2_ws/install/talker_listener/lib/python3.8/site-packages:${PYTHONPATH} /usr/bin/python3 setup.py egg_info --egg-base ../../build/talker_listener build --build-base /home/ubuntu/AutoSys-TurtlebotRos2/ros2_ws/build/talker_listener/build install --prefix /home/ubuntu/AutoSys-TurtlebotRos2/ros2_ws/install/talker_listener --record /home/ubuntu/AutoSys-TurtlebotRos2/ros2_ws/build/talker_listener/install.log --single-version-externally-managed
