[3.904s] Invoking command in '/home/ubuntu/AutoSys-TurtlebotRos2/picproc_ws/src/picproc': PYTHONPATH=/home/ubuntu/AutoSys-TurtlebotRos2/picproc_ws/install/picproc/lib/python3.8/site-packages:${PYTHONPATH} /usr/bin/python3 setup.py egg_info --egg-base ../../build/picproc build --build-base /home/ubuntu/AutoSys-TurtlebotRos2/picproc_ws/build/picproc/build install --prefix /home/ubuntu/AutoSys-TurtlebotRos2/picproc_ws/install/picproc --record /home/ubuntu/AutoSys-TurtlebotRos2/picproc_ws/build/picproc/install.log --single-version-externally-managed
[5.118s] running egg_info
[5.121s] creating ../../build/picproc/picproc.egg-info
[5.122s] writing ../../build/picproc/picproc.egg-info/PKG-INFO
[5.124s] writing dependency_links to ../../build/picproc/picproc.egg-info/dependency_links.txt
[5.126s] writing entry points to ../../build/picproc/picproc.egg-info/entry_points.txt
[5.127s] writing requirements to ../../build/picproc/picproc.egg-info/requires.txt
[5.128s] writing top-level names to ../../build/picproc/picproc.egg-info/top_level.txt
[5.133s] writing manifest file '../../build/picproc/picproc.egg-info/SOURCES.txt'
[5.292s] reading manifest file '../../build/picproc/picproc.egg-info/SOURCES.txt'
[5.296s] writing manifest file '../../build/picproc/picproc.egg-info/SOURCES.txt'
[5.297s] running build
[5.298s] running build_py
[5.300s] creating /home/ubuntu/AutoSys-TurtlebotRos2/picproc_ws/build/picproc/build
[5.301s] creating /home/ubuntu/AutoSys-TurtlebotRos2/picproc_ws/build/picproc/build/lib
[5.302s] creating /home/ubuntu/AutoSys-TurtlebotRos2/picproc_ws/build/picproc/build/lib/picproc
[5.303s] copying picproc/__init__.py -> /home/ubuntu/AutoSys-TurtlebotRos2/picproc_ws/build/picproc/build/lib/picproc
[5.303s] copying picproc/picproc_node.py -> /home/ubuntu/AutoSys-TurtlebotRos2/picproc_ws/build/picproc/build/lib/picproc
[5.304s] running install
[5.307s] running install_lib
[5.313s] creating /home/ubuntu/AutoSys-TurtlebotRos2/picproc_ws/install/picproc/lib/python3.8/site-packages/picproc
[5.314s] copying /home/ubuntu/AutoSys-TurtlebotRos2/picproc_ws/build/picproc/build/lib/picproc/__init__.py -> /home/ubuntu/AutoSys-TurtlebotRos2/picproc_ws/install/picproc/lib/python3.8/site-packages/picproc
[5.315s] copying /home/ubuntu/AutoSys-TurtlebotRos2/picproc_ws/build/picproc/build/lib/picproc/picproc_node.py -> /home/ubuntu/AutoSys-TurtlebotRos2/picproc_ws/install/picproc/lib/python3.8/site-packages/picproc
[5.318s] byte-compiling /home/ubuntu/AutoSys-TurtlebotRos2/picproc_ws/install/picproc/lib/python3.8/site-packages/picproc/__init__.py to __init__.cpython-38.pyc
[5.324s] byte-compiling /home/ubuntu/AutoSys-TurtlebotRos2/picproc_ws/install/picproc/lib/python3.8/site-packages/picproc/picproc_node.py to picproc_node.cpython-38.pyc
[5.328s] running install_data
[5.331s] creating /home/ubuntu/AutoSys-TurtlebotRos2/picproc_ws/install/picproc/share/ament_index
[5.332s] creating /home/ubuntu/AutoSys-TurtlebotRos2/picproc_ws/install/picproc/share/ament_index/resource_index
[5.334s] creating /home/ubuntu/AutoSys-TurtlebotRos2/picproc_ws/install/picproc/share/ament_index/resource_index/packages
[5.335s] copying resource/picproc -> /home/ubuntu/AutoSys-TurtlebotRos2/picproc_ws/install/picproc/share/ament_index/resource_index/packages
[5.335s] copying package.xml -> /home/ubuntu/AutoSys-TurtlebotRos2/picproc_ws/install/picproc/share/picproc
[5.336s] running install_egg_info
[5.342s] Copying ../../build/picproc/picproc.egg-info to /home/ubuntu/AutoSys-TurtlebotRos2/picproc_ws/install/picproc/lib/python3.8/site-packages/picproc-0.0.0-py3.8.egg-info
[5.350s] running install_scripts
[5.439s] Installing picproc_node script to /home/ubuntu/AutoSys-TurtlebotRos2/picproc_ws/install/picproc/lib/picproc
[5.441s] writing list of installed files to '/home/ubuntu/AutoSys-TurtlebotRos2/picproc_ws/build/picproc/install.log'
[5.561s] Invoked command in '/home/ubuntu/AutoSys-TurtlebotRos2/picproc_ws/src/picproc' returned '0': PYTHONPATH=/home/ubuntu/AutoSys-TurtlebotRos2/picproc_ws/install/picproc/lib/python3.8/site-packages:${PYTHONPATH} /usr/bin/python3 setup.py egg_info --egg-base ../../build/picproc build --build-base /home/ubuntu/AutoSys-TurtlebotRos2/picproc_ws/build/picproc/build install --prefix /home/ubuntu/AutoSys-TurtlebotRos2/picproc_ws/install/picproc --record /home/ubuntu/AutoSys-TurtlebotRos2/picproc_ws/build/picproc/install.log --single-version-externally-managed
