[0.672s] DEBUG:colcon:Command line arguments: ['/usr/bin/colcon', 'build']
[0.672s] DEBUG:colcon:Parsed command line arguments: Namespace(allow_overriding=[], ament_cmake_args=None, base_paths=['.'], build_base='build', catkin_cmake_args=None, catkin_skip_building_tests=False, cmake_args=None, cmake_clean_cache=False, cmake_clean_first=False, cmake_force_configure=False, cmake_target=None, cmake_target_skip_unavailable=False, continue_on_error=False, event_handlers=None, executor='parallel', ignore_user_meta=False, install_base='install', log_base=None, log_level=None, main=<bound method BuildVerb.main of <colcon_core.verb.build.BuildVerb object at 0xffff7f4f27f0>>, merge_install=False, metas=['./colcon.meta'], packages_above=None, packages_above_and_dependencies=None, packages_above_depth=None, packages_end=None, packages_ignore=None, packages_ignore_regex=None, packages_select=None, packages_select_build_failed=False, packages_select_by_dep=None, packages_select_regex=None, packages_select_test_failures=False, packages_skip=None, packages_skip_build_finished=False, packages_skip_by_dep=None, packages_skip_regex=None, packages_skip_test_passed=False, packages_skip_up_to=None, packages_start=None, packages_up_to=None, packages_up_to_regex=None, parallel_workers=4, paths=None, symlink_install=False, test_result_base=None, verb_extension=<colcon_core.verb.build.BuildVerb object at 0xffff7f4f27f0>, verb_name='build', verb_parser=<colcon_defaults.argument_parser.defaults.DefaultArgumentsDecorator object at 0xffff7f4fa4f0>)
[0.783s] Level 1:colcon.colcon_core.package_discovery:discover_packages(colcon_meta) check parameters
[0.784s] Level 1:colcon.colcon_core.package_discovery:discover_packages(recursive) check parameters
[0.784s] Level 1:colcon.colcon_core.package_discovery:discover_packages(ignore) check parameters
[0.784s] Level 1:colcon.colcon_core.package_discovery:discover_packages(path) check parameters
[0.784s] Level 1:colcon.colcon_core.package_discovery:discover_packages(colcon_meta) discover
[0.784s] Level 1:colcon.colcon_core.package_discovery:discover_packages(recursive) discover
[0.785s] INFO:colcon.colcon_core.package_discovery:Crawling recursively for packages in '/home/ubuntu/AutoSys-TurtlebotRos2/turtlebot3_ws'
[0.785s] Level 1:colcon.colcon_core.package_identification:_identify(.) by extensions ['ignore', 'ignore_ament_install']
[0.785s] Level 1:colcon.colcon_core.package_identification:_identify(.) by extension 'ignore'
[0.786s] Level 1:colcon.colcon_core.package_identification:_identify(.) by extension 'ignore_ament_install'
[0.786s] Level 1:colcon.colcon_core.package_identification:_identify(.) by extensions ['colcon_pkg']
[0.786s] Level 1:colcon.colcon_core.package_identification:_identify(.) by extension 'colcon_pkg'
[0.786s] Level 1:colcon.colcon_core.package_identification:_identify(.) by extensions ['colcon_meta']
[0.786s] Level 1:colcon.colcon_core.package_identification:_identify(.) by extension 'colcon_meta'
[0.787s] Level 1:colcon.colcon_core.package_identification:_identify(.) by extensions ['ros']
[0.787s] Level 1:colcon.colcon_core.package_identification:_identify(.) by extension 'ros'
[0.831s] Level 1:colcon.colcon_core.package_identification:_identify(.) by extensions ['cmake', 'python']
[0.832s] Level 1:colcon.colcon_core.package_identification:_identify(.) by extension 'cmake'
[0.832s] Level 1:colcon.colcon_core.package_identification:_identify(.) by extension 'python'
[0.832s] Level 1:colcon.colcon_core.package_identification:_identify(.) by extensions ['python_setup_py']
[0.832s] Level 1:colcon.colcon_core.package_identification:_identify(.) by extension 'python_setup_py'
[0.833s] Level 1:colcon.colcon_core.package_identification:_identify(build) by extensions ['ignore', 'ignore_ament_install']
[0.833s] Level 1:colcon.colcon_core.package_identification:_identify(build) by extension 'ignore'
[0.833s] Level 1:colcon.colcon_core.package_identification:_identify(build) ignored
[0.834s] Level 1:colcon.colcon_core.package_identification:_identify(install) by extensions ['ignore', 'ignore_ament_install']
[0.835s] Level 1:colcon.colcon_core.package_identification:_identify(install) by extension 'ignore'
[0.835s] Level 1:colcon.colcon_core.package_identification:_identify(install) ignored
[0.835s] Level 1:colcon.colcon_core.package_identification:_identify(log) by extensions ['ignore', 'ignore_ament_install']
[0.836s] Level 1:colcon.colcon_core.package_identification:_identify(log) by extension 'ignore'
[0.836s] Level 1:colcon.colcon_core.package_identification:_identify(log) ignored
[0.836s] Level 1:colcon.colcon_core.package_identification:_identify(src) by extensions ['ignore', 'ignore_ament_install']
[0.836s] Level 1:colcon.colcon_core.package_identification:_identify(src) by extension 'ignore'
[0.837s] Level 1:colcon.colcon_core.package_identification:_identify(src) by extension 'ignore_ament_install'
[0.837s] Level 1:colcon.colcon_core.package_identification:_identify(src) by extensions ['colcon_pkg']
[0.837s] Level 1:colcon.colcon_core.package_identification:_identify(src) by extension 'colcon_pkg'
[0.837s] Level 1:colcon.colcon_core.package_identification:_identify(src) by extensions ['colcon_meta']
[0.837s] Level 1:colcon.colcon_core.package_identification:_identify(src) by extension 'colcon_meta'
[0.838s] Level 1:colcon.colcon_core.package_identification:_identify(src) by extensions ['ros']
[0.838s] Level 1:colcon.colcon_core.package_identification:_identify(src) by extension 'ros'
[0.838s] Level 1:colcon.colcon_core.package_identification:_identify(src) by extensions ['cmake', 'python']
[0.838s] Level 1:colcon.colcon_core.package_identification:_identify(src) by extension 'cmake'
[0.839s] Level 1:colcon.colcon_core.package_identification:_identify(src) by extension 'python'
[0.839s] Level 1:colcon.colcon_core.package_identification:_identify(src) by extensions ['python_setup_py']
[0.839s] Level 1:colcon.colcon_core.package_identification:_identify(src) by extension 'python_setup_py'
[0.839s] Level 1:colcon.colcon_core.package_identification:_identify(src/talker_listener) by extensions ['ignore', 'ignore_ament_install']
[0.840s] Level 1:colcon.colcon_core.package_identification:_identify(src/talker_listener) by extension 'ignore'
[0.840s] Level 1:colcon.colcon_core.package_identification:_identify(src/talker_listener) by extension 'ignore_ament_install'
[0.840s] Level 1:colcon.colcon_core.package_identification:_identify(src/talker_listener) by extensions ['colcon_pkg']
[0.840s] Level 1:colcon.colcon_core.package_identification:_identify(src/talker_listener) by extension 'colcon_pkg'
[0.841s] Level 1:colcon.colcon_core.package_identification:_identify(src/talker_listener) by extensions ['colcon_meta']
[0.841s] Level 1:colcon.colcon_core.package_identification:_identify(src/talker_listener) by extension 'colcon_meta'
[0.841s] Level 1:colcon.colcon_core.package_identification:_identify(src/talker_listener) by extensions ['ros']
[0.841s] Level 1:colcon.colcon_core.package_identification:_identify(src/talker_listener) by extension 'ros'
[0.851s] DEBUG:colcon.colcon_core.package_identification:Package 'src/talker_listener' with type 'ros.ament_python' and name 'talker_listener'
[0.851s] Level 1:colcon.colcon_core.package_discovery:discover_packages(recursive) using defaults
[0.851s] Level 1:colcon.colcon_core.package_discovery:discover_packages(ignore) discover
[0.851s] Level 1:colcon.colcon_core.package_discovery:discover_packages(ignore) using defaults
[0.851s] Level 1:colcon.colcon_core.package_discovery:discover_packages(path) discover
[0.852s] Level 1:colcon.colcon_core.package_discovery:discover_packages(path) using defaults
[0.972s] Level 1:colcon.colcon_core.package_discovery:discover_packages(prefix_path) check parameters
[0.972s] Level 1:colcon.colcon_core.package_discovery:discover_packages(prefix_path) discover
[0.988s] DEBUG:colcon.colcon_installed_package_information.package_discovery:Found 7 installed packages in /home/ubuntu/turtlebot3_ws/install
[0.996s] DEBUG:colcon.colcon_installed_package_information.package_discovery:Found 171 installed packages in /opt/ros/foxy
[1.001s] Level 1:colcon.colcon_core.package_discovery:discover_packages(prefix_path) using defaults
[1.198s] Level 5:colcon.colcon_core.verb:set package 'talker_listener' build argument 'cmake_args' from command line to 'None'
[1.198s] Level 5:colcon.colcon_core.verb:set package 'talker_listener' build argument 'cmake_target' from command line to 'None'
[1.198s] Level 5:colcon.colcon_core.verb:set package 'talker_listener' build argument 'cmake_target_skip_unavailable' from command line to 'False'
[1.198s] Level 5:colcon.colcon_core.verb:set package 'talker_listener' build argument 'cmake_clean_cache' from command line to 'False'
[1.198s] Level 5:colcon.colcon_core.verb:set package 'talker_listener' build argument 'cmake_clean_first' from command line to 'False'
[1.199s] Level 5:colcon.colcon_core.verb:set package 'talker_listener' build argument 'cmake_force_configure' from command line to 'False'
[1.199s] Level 5:colcon.colcon_core.verb:set package 'talker_listener' build argument 'ament_cmake_args' from command line to 'None'
[1.199s] Level 5:colcon.colcon_core.verb:set package 'talker_listener' build argument 'catkin_cmake_args' from command line to 'None'
[1.199s] Level 5:colcon.colcon_core.verb:set package 'talker_listener' build argument 'catkin_skip_building_tests' from command line to 'False'
[1.199s] DEBUG:colcon.colcon_core.verb:Building package 'talker_listener' with the following arguments: {'ament_cmake_args': None, 'build_base': '/home/ubuntu/AutoSys-TurtlebotRos2/turtlebot3_ws/build/talker_listener', 'catkin_cmake_args': None, 'catkin_skip_building_tests': False, 'cmake_args': None, 'cmake_clean_cache': False, 'cmake_clean_first': False, 'cmake_force_configure': False, 'cmake_target': None, 'cmake_target_skip_unavailable': False, 'install_base': '/home/ubuntu/AutoSys-TurtlebotRos2/turtlebot3_ws/install/talker_listener', 'merge_install': False, 'path': '/home/ubuntu/AutoSys-TurtlebotRos2/turtlebot3_ws/src/talker_listener', 'symlink_install': False, 'test_result_base': None}
[1.202s] INFO:colcon.colcon_core.executor:Executing jobs using 'parallel' executor
[1.222s] DEBUG:colcon.colcon_parallel_executor.executor.parallel:run_until_complete
[1.224s] INFO:colcon.colcon_ros.task.ament_python.build:Building ROS package in '/home/ubuntu/AutoSys-TurtlebotRos2/turtlebot3_ws/src/talker_listener' with build type 'ament_python'
[1.225s] Level 1:colcon.colcon_core.shell:create_environment_hook('talker_listener', 'ament_prefix_path')
[1.246s] INFO:colcon.colcon_core.plugin_system:Skipping extension 'colcon_core.shell.bat': Not used on non-Windows systems
[1.247s] INFO:colcon.colcon_core.shell:Creating environment hook '/home/ubuntu/AutoSys-TurtlebotRos2/turtlebot3_ws/install/talker_listener/share/talker_listener/hook/ament_prefix_path.ps1'
[1.249s] INFO:colcon.colcon_core.shell:Creating environment descriptor '/home/ubuntu/AutoSys-TurtlebotRos2/turtlebot3_ws/install/talker_listener/share/talker_listener/hook/ament_prefix_path.dsv'
[1.252s] INFO:colcon.colcon_core.shell:Creating environment hook '/home/ubuntu/AutoSys-TurtlebotRos2/turtlebot3_ws/install/talker_listener/share/talker_listener/hook/ament_prefix_path.sh'
[1.261s] INFO:colcon.colcon_core.shell:Skip shell extension 'powershell' for command environment: Not usable outside of PowerShell
[1.261s] DEBUG:colcon.colcon_core.shell:Skip shell extension 'dsv' for command environment
[2.457s] INFO:colcon.colcon_core.task.python.build:Building Python package in '/home/ubuntu/AutoSys-TurtlebotRos2/turtlebot3_ws/src/talker_listener'
[2.464s] INFO:colcon.colcon_core.shell:Skip shell extension 'powershell' for command environment: Not usable outside of PowerShell
[2.465s] DEBUG:colcon.colcon_core.shell:Skip shell extension 'dsv' for command environment
[4.478s] DEBUG:colcon.colcon_core.event_handler.log_command:Invoking command in '/home/ubuntu/AutoSys-TurtlebotRos2/turtlebot3_ws/src/talker_listener': PYTHONPATH=/home/ubuntu/AutoSys-TurtlebotRos2/turtlebot3_ws/install/talker_listener/lib/python3.8/site-packages:${PYTHONPATH} /usr/bin/python3 setup.py egg_info --egg-base ../../build/talker_listener build --build-base /home/ubuntu/AutoSys-TurtlebotRos2/turtlebot3_ws/build/talker_listener/build install --prefix /home/ubuntu/AutoSys-TurtlebotRos2/turtlebot3_ws/install/talker_listener --record /home/ubuntu/AutoSys-TurtlebotRos2/turtlebot3_ws/build/talker_listener/install.log --single-version-externally-managed
[5.726s] DEBUG:colcon.colcon_core.event_handler.log_command:Invoked command in '/home/ubuntu/AutoSys-TurtlebotRos2/turtlebot3_ws/src/talker_listener' returned '0': PYTHONPATH=/home/ubuntu/AutoSys-TurtlebotRos2/turtlebot3_ws/install/talker_listener/lib/python3.8/site-packages:${PYTHONPATH} /usr/bin/python3 setup.py egg_info --egg-base ../../build/talker_listener build --build-base /home/ubuntu/AutoSys-TurtlebotRos2/turtlebot3_ws/build/talker_listener/build install --prefix /home/ubuntu/AutoSys-TurtlebotRos2/turtlebot3_ws/install/talker_listener --record /home/ubuntu/AutoSys-TurtlebotRos2/turtlebot3_ws/build/talker_listener/install.log --single-version-externally-managed
[5.753s] Level 1:colcon.colcon_core.environment:checking '/home/ubuntu/AutoSys-TurtlebotRos2/turtlebot3_ws/install/talker_listener' for CMake module files
[5.756s] Level 1:colcon.colcon_core.environment:checking '/home/ubuntu/AutoSys-TurtlebotRos2/turtlebot3_ws/install/talker_listener' for CMake config files
[5.760s] Level 1:colcon.colcon_core.environment:checking '/home/ubuntu/AutoSys-TurtlebotRos2/turtlebot3_ws/install/talker_listener/lib'
[5.761s] Level 1:colcon.colcon_core.environment:checking '/home/ubuntu/AutoSys-TurtlebotRos2/turtlebot3_ws/install/talker_listener/bin'
[5.761s] Level 1:colcon.colcon_core.environment:checking '/home/ubuntu/AutoSys-TurtlebotRos2/turtlebot3_ws/install/talker_listener/lib/pkgconfig/talker_listener.pc'
[5.762s] Level 1:colcon.colcon_core.environment:checking '/home/ubuntu/AutoSys-TurtlebotRos2/turtlebot3_ws/install/talker_listener/lib/python3.8/site-packages'
[5.763s] Level 1:colcon.colcon_core.shell:create_environment_hook('talker_listener', 'pythonpath')
[5.768s] INFO:colcon.colcon_core.shell:Creating environment hook '/home/ubuntu/AutoSys-TurtlebotRos2/turtlebot3_ws/install/talker_listener/share/talker_listener/hook/pythonpath.ps1'
[5.771s] INFO:colcon.colcon_core.shell:Creating environment descriptor '/home/ubuntu/AutoSys-TurtlebotRos2/turtlebot3_ws/install/talker_listener/share/talker_listener/hook/pythonpath.dsv'
[5.773s] INFO:colcon.colcon_core.shell:Creating environment hook '/home/ubuntu/AutoSys-TurtlebotRos2/turtlebot3_ws/install/talker_listener/share/talker_listener/hook/pythonpath.sh'
[5.776s] Level 1:colcon.colcon_core.environment:checking '/home/ubuntu/AutoSys-TurtlebotRos2/turtlebot3_ws/install/talker_listener/bin'
[5.776s] Level 1:colcon.colcon_core.environment:create_environment_scripts_only(talker_listener)
[5.783s] INFO:colcon.colcon_core.shell:Creating package script '/home/ubuntu/AutoSys-TurtlebotRos2/turtlebot3_ws/install/talker_listener/share/talker_listener/package.ps1'
[5.786s] INFO:colcon.colcon_core.shell:Creating package descriptor '/home/ubuntu/AutoSys-TurtlebotRos2/turtlebot3_ws/install/talker_listener/share/talker_listener/package.dsv'
[5.789s] INFO:colcon.colcon_core.shell:Creating package script '/home/ubuntu/AutoSys-TurtlebotRos2/turtlebot3_ws/install/talker_listener/share/talker_listener/package.sh'
[5.792s] INFO:colcon.colcon_core.shell:Creating package script '/home/ubuntu/AutoSys-TurtlebotRos2/turtlebot3_ws/install/talker_listener/share/talker_listener/package.bash'
[5.796s] INFO:colcon.colcon_core.shell:Creating package script '/home/ubuntu/AutoSys-TurtlebotRos2/turtlebot3_ws/install/talker_listener/share/talker_listener/package.zsh'
[5.799s] Level 1:colcon.colcon_core.environment:create_file_with_runtime_dependencies(/home/ubuntu/AutoSys-TurtlebotRos2/turtlebot3_ws/install/talker_listener/share/colcon-core/packages/talker_listener)
[5.801s] DEBUG:colcon.colcon_parallel_executor.executor.parallel:closing loop
[5.802s] DEBUG:colcon.colcon_parallel_executor.executor.parallel:loop closed
[5.803s] DEBUG:colcon.colcon_parallel_executor.executor.parallel:run_until_complete finished with '0'
[5.804s] DEBUG:colcon.colcon_core.event_reactor:joining thread
[5.830s] INFO:colcon.colcon_core.plugin_system:Skipping extension 'colcon_notification.desktop_notification.notify_send': Could not find 'notify-send'
[5.831s] INFO:colcon.colcon_core.plugin_system:Skipping extension 'colcon_notification.desktop_notification.terminal_notifier': Not used on non-Darwin systems
[5.831s] INFO:colcon.colcon_core.plugin_system:Skipping extension 'colcon_notification.desktop_notification.win32': Not used on non-Windows systems
[5.831s] INFO:colcon.colcon_notification.desktop_notification:Sending desktop notification using 'notify2'
[5.834s] DEBUG:colcon.colcon_notification.desktop_notification.notify2:Failed to initialize notify2: org.freedesktop.DBus.Error.ServiceUnknown: The name org.freedesktop.Notifications was not provided by any .service files
[5.835s] DEBUG:colcon.colcon_core.event_reactor:joined thread
[5.841s] INFO:colcon.colcon_core.shell:Creating prefix script '/home/ubuntu/AutoSys-TurtlebotRos2/turtlebot3_ws/install/local_setup.ps1'
[5.845s] INFO:colcon.colcon_core.shell:Creating prefix util module '/home/ubuntu/AutoSys-TurtlebotRos2/turtlebot3_ws/install/_local_setup_util_ps1.py'
[5.853s] INFO:colcon.colcon_core.shell:Creating prefix chain script '/home/ubuntu/AutoSys-TurtlebotRos2/turtlebot3_ws/install/setup.ps1'
[5.860s] INFO:colcon.colcon_core.shell:Creating prefix script '/home/ubuntu/AutoSys-TurtlebotRos2/turtlebot3_ws/install/local_setup.sh'
[5.863s] INFO:colcon.colcon_core.shell:Creating prefix util module '/home/ubuntu/AutoSys-TurtlebotRos2/turtlebot3_ws/install/_local_setup_util_sh.py'
[5.865s] INFO:colcon.colcon_core.shell:Creating prefix chain script '/home/ubuntu/AutoSys-TurtlebotRos2/turtlebot3_ws/install/setup.sh'
[5.873s] INFO:colcon.colcon_core.shell:Creating prefix script '/home/ubuntu/AutoSys-TurtlebotRos2/turtlebot3_ws/install/local_setup.bash'
[5.876s] INFO:colcon.colcon_core.shell:Creating prefix chain script '/home/ubuntu/AutoSys-TurtlebotRos2/turtlebot3_ws/install/setup.bash'
[5.883s] INFO:colcon.colcon_core.shell:Creating prefix script '/home/ubuntu/AutoSys-TurtlebotRos2/turtlebot3_ws/install/local_setup.zsh'
[5.885s] INFO:colcon.colcon_core.shell:Creating prefix chain script '/home/ubuntu/AutoSys-TurtlebotRos2/turtlebot3_ws/install/setup.zsh'
