[6.468s] Invoking command in '/home/ubuntu/AutoSys-TurtlebotRos2/ros2_ws/src/talker_listener': PYTHONPATH=/home/ubuntu/AutoSys-TurtlebotRos2/ros2_ws/install/talker_listener/lib/python3.8/site-packages:${PYTHONPATH} /usr/bin/python3 setup.py egg_info --egg-base ../../build/talker_listener build --build-base /home/ubuntu/AutoSys-TurtlebotRos2/ros2_ws/build/talker_listener/build install --prefix /home/ubuntu/AutoSys-TurtlebotRos2/ros2_ws/install/talker_listener --record /home/ubuntu/AutoSys-TurtlebotRos2/ros2_ws/build/talker_listener/install.log --single-version-externally-managed
[8.954s] running egg_info
[8.960s] writing ../../build/talker_listener/talker_listener.egg-info/PKG-INFO
[8.962s] writing dependency_links to ../../build/talker_listener/talker_listener.egg-info/dependency_links.txt
[8.964s] writing entry points to ../../build/talker_listener/talker_listener.egg-info/entry_points.txt
[8.967s] writing requirements to ../../build/talker_listener/talker_listener.egg-info/requires.txt
[8.968s] writing top-level names to ../../build/talker_listener/talker_listener.egg-info/top_level.txt
[9.366s] reading manifest file '../../build/talker_listener/talker_listener.egg-info/SOURCES.txt'
[9.377s] writing manifest file '../../build/talker_listener/talker_listener.egg-info/SOURCES.txt'
[9.378s] running build
[9.380s] running build_py
[9.382s] copying talker_listener/picture_publisher.py -> /home/ubuntu/AutoSys-TurtlebotRos2/ros2_ws/build/talker_listener/build/lib/talker_listener
[9.386s] running install
[9.393s] running install_lib
[9.404s] copying /home/ubuntu/AutoSys-TurtlebotRos2/ros2_ws/build/talker_listener/build/lib/talker_listener/picture_publisher.py -> /home/ubuntu/AutoSys-TurtlebotRos2/ros2_ws/install/talker_listener/lib/python3.8/site-packages/talker_listener
[9.413s] byte-compiling /home/ubuntu/AutoSys-TurtlebotRos2/ros2_ws/install/talker_listener/lib/python3.8/site-packages/talker_listener/picture_publisher.py to picture_publisher.cpython-38.pyc
[9.429s] running install_data
[9.434s] running install_egg_info
[9.450s] removing '/home/ubuntu/AutoSys-TurtlebotRos2/ros2_ws/install/talker_listener/lib/python3.8/site-packages/talker_listener-0.0.0-py3.8.egg-info' (and everything under it)
[9.455s] Copying ../../build/talker_listener/talker_listener.egg-info to /home/ubuntu/AutoSys-TurtlebotRos2/ros2_ws/install/talker_listener/lib/python3.8/site-packages/talker_listener-0.0.0-py3.8.egg-info
[9.472s] running install_scripts
[9.636s] Installing follower script to /home/ubuntu/AutoSys-TurtlebotRos2/ros2_ws/install/talker_listener/lib/talker_listener
[9.638s] Installing picture_publisher script to /home/ubuntu/AutoSys-TurtlebotRos2/ros2_ws/install/talker_listener/lib/talker_listener
[9.640s] Installing talker_listener script to /home/ubuntu/AutoSys-TurtlebotRos2/ros2_ws/install/talker_listener/lib/talker_listener
[9.647s] writing list of installed files to '/home/ubuntu/AutoSys-TurtlebotRos2/ros2_ws/build/talker_listener/install.log'
[9.823s] Invoked command in '/home/ubuntu/AutoSys-TurtlebotRos2/ros2_ws/src/talker_listener' returned '0': PYTHONPATH=/home/ubuntu/AutoSys-TurtlebotRos2/ros2_ws/install/talker_listener/lib/python3.8/site-packages:${PYTHONPATH} /usr/bin/python3 setup.py egg_info --egg-base ../../build/talker_listener build --build-base /home/ubuntu/AutoSys-TurtlebotRos2/ros2_ws/build/talker_listener/build install --prefix /home/ubuntu/AutoSys-TurtlebotRos2/ros2_ws/install/talker_listener --record /home/ubuntu/AutoSys-TurtlebotRos2/ros2_ws/build/talker_listener/install.log --single-version-externally-managed
