[4.202s] Invoking command in '/home/ubuntu/ros2_ws/src/talker_listener': PYTHONPATH=/home/ubuntu/ros2_ws/install/talker_listener/lib/python3.8/site-packages:${PYTHONPATH} /usr/bin/python3 setup.py egg_info --egg-base ../../build/talker_listener build --build-base /home/ubuntu/ros2_ws/build/talker_listener/build install --prefix /home/ubuntu/ros2_ws/install/talker_listener --record /home/ubuntu/ros2_ws/build/talker_listener/install.log --single-version-externally-managed
[5.535s] running egg_info
[5.537s] writing ../../build/talker_listener/talker_listener.egg-info/PKG-INFO
[5.539s] writing dependency_links to ../../build/talker_listener/talker_listener.egg-info/dependency_links.txt
[5.540s] writing entry points to ../../build/talker_listener/talker_listener.egg-info/entry_points.txt
[5.541s] writing requirements to ../../build/talker_listener/talker_listener.egg-info/requires.txt
[5.542s] writing top-level names to ../../build/talker_listener/talker_listener.egg-info/top_level.txt
[5.693s] reading manifest file '../../build/talker_listener/talker_listener.egg-info/SOURCES.txt'
[5.698s] writing manifest file '../../build/talker_listener/talker_listener.egg-info/SOURCES.txt'
[5.699s] running build
[5.700s] running build_py
[5.700s] copying talker_listener/follower_node.py -> /home/ubuntu/ros2_ws/build/talker_listener/build/lib/talker_listener
[5.702s] running install
[5.705s] running install_lib
[5.710s] copying /home/ubuntu/ros2_ws/build/talker_listener/build/lib/talker_listener/follower_node.py -> /home/ubuntu/ros2_ws/install/talker_listener/lib/python3.8/site-packages/talker_listener
[5.713s] byte-compiling /home/ubuntu/ros2_ws/install/talker_listener/lib/python3.8/site-packages/talker_listener/follower_node.py to follower_node.cpython-38.pyc
[5.719s] running install_data
[5.722s] running install_egg_info
[5.731s] removing '/home/ubuntu/ros2_ws/install/talker_listener/lib/python3.8/site-packages/talker_listener-0.0.0-py3.8.egg-info' (and everything under it)
[5.733s] Copying ../../build/talker_listener/talker_listener.egg-info to /home/ubuntu/ros2_ws/install/talker_listener/lib/python3.8/site-packages/talker_listener-0.0.0-py3.8.egg-info
[5.740s] running install_scripts
[5.811s] Installing follower script to /home/ubuntu/ros2_ws/install/talker_listener/lib/talker_listener
[5.812s] Installing talker_listener script to /home/ubuntu/ros2_ws/install/talker_listener/lib/talker_listener
[5.813s] writing list of installed files to '/home/ubuntu/ros2_ws/build/talker_listener/install.log'
[5.911s] Invoked command in '/home/ubuntu/ros2_ws/src/talker_listener' returned '0': PYTHONPATH=/home/ubuntu/ros2_ws/install/talker_listener/lib/python3.8/site-packages:${PYTHONPATH} /usr/bin/python3 setup.py egg_info --egg-base ../../build/talker_listener build --build-base /home/ubuntu/ros2_ws/build/talker_listener/build install --prefix /home/ubuntu/ros2_ws/install/talker_listener --record /home/ubuntu/ros2_ws/build/talker_listener/install.log --single-version-externally-managed
