[4.763s] Invoking command in '/home/ubuntu/ros2_ws/src/talker_listener': PYTHONPATH=/home/ubuntu/ros2_ws/install/talker_listener/lib/python3.8/site-packages:${PYTHONPATH} /usr/bin/python3 setup.py egg_info --egg-base ../../build/talker_listener build --build-base /home/ubuntu/ros2_ws/build/talker_listener/build install --prefix /home/ubuntu/ros2_ws/install/talker_listener --record /home/ubuntu/ros2_ws/build/talker_listener/install.log --single-version-externally-managed
[6.285s] running egg_info
[6.290s] writing ../../build/talker_listener/talker_listener.egg-info/PKG-INFO
[6.294s] writing dependency_links to ../../build/talker_listener/talker_listener.egg-info/dependency_links.txt
[6.298s] writing entry points to ../../build/talker_listener/talker_listener.egg-info/entry_points.txt
[6.302s] writing requirements to ../../build/talker_listener/talker_listener.egg-info/requires.txt
[6.305s] writing top-level names to ../../build/talker_listener/talker_listener.egg-info/top_level.txt
[6.528s] reading manifest file '../../build/talker_listener/talker_listener.egg-info/SOURCES.txt'
[6.535s] writing manifest file '../../build/talker_listener/talker_listener.egg-info/SOURCES.txt'
[6.543s] running build
[6.543s] running build_py
[6.544s] copying talker_listener/follower_node.py -> /home/ubuntu/ros2_ws/build/talker_listener/build/lib/talker_listener
[6.544s] running install
[6.547s] running install_lib
[6.554s] copying /home/ubuntu/ros2_ws/build/talker_listener/build/lib/talker_listener/follower_node.py -> /home/ubuntu/ros2_ws/install/talker_listener/lib/python3.8/site-packages/talker_listener
[6.559s] byte-compiling /home/ubuntu/ros2_ws/install/talker_listener/lib/python3.8/site-packages/talker_listener/follower_node.py to follower_node.cpython-38.pyc
[6.566s] running install_data
[6.571s] running install_egg_info
[6.582s] removing '/home/ubuntu/ros2_ws/install/talker_listener/lib/python3.8/site-packages/talker_listener-0.0.0-py3.8.egg-info' (and everything under it)
[6.586s] Copying ../../build/talker_listener/talker_listener.egg-info to /home/ubuntu/ros2_ws/install/talker_listener/lib/python3.8/site-packages/talker_listener-0.0.0-py3.8.egg-info
[6.600s] running install_scripts
[6.722s] Installing follower script to /home/ubuntu/ros2_ws/install/talker_listener/lib/talker_listener
[6.726s] Installing talker_listener script to /home/ubuntu/ros2_ws/install/talker_listener/lib/talker_listener
[6.730s] writing list of installed files to '/home/ubuntu/ros2_ws/build/talker_listener/install.log'
[6.885s] Invoked command in '/home/ubuntu/ros2_ws/src/talker_listener' returned '0': PYTHONPATH=/home/ubuntu/ros2_ws/install/talker_listener/lib/python3.8/site-packages:${PYTHONPATH} /usr/bin/python3 setup.py egg_info --egg-base ../../build/talker_listener build --build-base /home/ubuntu/ros2_ws/build/talker_listener/build install --prefix /home/ubuntu/ros2_ws/install/talker_listener --record /home/ubuntu/ros2_ws/build/talker_listener/install.log --single-version-externally-managed
