[6.292s] Invoking command in '/home/ubuntu/AutoSys-TurtlebotRos2/ros2_ws/src/talker_listener': PYTHONPATH=/home/ubuntu/AutoSys-TurtlebotRos2/ros2_ws/install/talker_listener/lib/python3.8/site-packages:${PYTHONPATH} /usr/bin/python3 setup.py egg_info --egg-base ../../build/talker_listener build --build-base /home/ubuntu/AutoSys-TurtlebotRos2/ros2_ws/build/talker_listener/build install --prefix /home/ubuntu/AutoSys-TurtlebotRos2/ros2_ws/install/talker_listener --record /home/ubuntu/AutoSys-TurtlebotRos2/ros2_ws/build/talker_listener/install.log --single-version-externally-managed
[7.890s] running egg_info
[7.893s] writing ../../build/talker_listener/talker_listener.egg-info/PKG-INFO
[7.894s] writing dependency_links to ../../build/talker_listener/talker_listener.egg-info/dependency_links.txt
[7.897s] writing entry points to ../../build/talker_listener/talker_listener.egg-info/entry_points.txt
[7.898s] writing requirements to ../../build/talker_listener/talker_listener.egg-info/requires.txt
[7.900s] writing top-level names to ../../build/talker_listener/talker_listener.egg-info/top_level.txt
[8.075s] reading manifest file '../../build/talker_listener/talker_listener.egg-info/SOURCES.txt'
[8.080s] writing manifest file '../../build/talker_listener/talker_listener.egg-info/SOURCES.txt'
[8.081s] running build
[8.081s] running build_py
[8.084s] running install
[8.088s] running install_lib
[8.098s] running install_data
[8.100s] running install_egg_info
[8.112s] removing '/home/ubuntu/AutoSys-TurtlebotRos2/ros2_ws/install/talker_listener/lib/python3.8/site-packages/talker_listener-0.0.0-py3.8.egg-info' (and everything under it)
[8.113s] Copying ../../build/talker_listener/talker_listener.egg-info to /home/ubuntu/AutoSys-TurtlebotRos2/ros2_ws/install/talker_listener/lib/python3.8/site-packages/talker_listener-0.0.0-py3.8.egg-info
[8.121s] running install_scripts
[8.221s] Installing follower script to /home/ubuntu/AutoSys-TurtlebotRos2/ros2_ws/install/talker_listener/lib/talker_listener
[8.224s] Installing picture_publisher script to /home/ubuntu/AutoSys-TurtlebotRos2/ros2_ws/install/talker_listener/lib/talker_listener
[8.227s] Installing talker_listener script to /home/ubuntu/AutoSys-TurtlebotRos2/ros2_ws/install/talker_listener/lib/talker_listener
[8.231s] writing list of installed files to '/home/ubuntu/AutoSys-TurtlebotRos2/ros2_ws/build/talker_listener/install.log'
[8.418s] Invoked command in '/home/ubuntu/AutoSys-TurtlebotRos2/ros2_ws/src/talker_listener' returned '0': PYTHONPATH=/home/ubuntu/AutoSys-TurtlebotRos2/ros2_ws/install/talker_listener/lib/python3.8/site-packages:${PYTHONPATH} /usr/bin/python3 setup.py egg_info --egg-base ../../build/talker_listener build --build-base /home/ubuntu/AutoSys-TurtlebotRos2/ros2_ws/build/talker_listener/build install --prefix /home/ubuntu/AutoSys-TurtlebotRos2/ros2_ws/install/talker_listener --record /home/ubuntu/AutoSys-TurtlebotRos2/ros2_ws/build/talker_listener/install.log --single-version-externally-managed
