[0.690s] DEBUG:colcon:Command line arguments: ['/usr/bin/colcon', 'build']
[0.691s] DEBUG:colcon:Parsed command line arguments: Namespace(allow_overriding=[], ament_cmake_args=None, base_paths=['.'], build_base='build', catkin_cmake_args=None, catkin_skip_building_tests=False, cmake_args=None, cmake_clean_cache=False, cmake_clean_first=False, cmake_force_configure=False, cmake_target=None, cmake_target_skip_unavailable=False, continue_on_error=False, event_handlers=None, executor='parallel', ignore_user_meta=False, install_base='install', log_base=None, log_level=None, main=<bound method BuildVerb.main of <colcon_core.verb.build.BuildVerb object at 0xffffb97d1ac0>>, merge_install=False, metas=['./colcon.meta'], packages_above=None, packages_above_and_dependencies=None, packages_above_depth=None, packages_end=None, packages_ignore=None, packages_ignore_regex=None, packages_select=None, packages_select_build_failed=False, packages_select_by_dep=None, packages_select_regex=None, packages_select_test_failures=False, packages_skip=None, packages_skip_build_finished=False, packages_skip_by_dep=None, packages_skip_regex=None, packages_skip_test_passed=False, packages_skip_up_to=None, packages_start=None, packages_up_to=None, packages_up_to_regex=None, parallel_workers=4, paths=None, symlink_install=False, test_result_base=None, verb_extension=<colcon_core.verb.build.BuildVerb object at 0xffffb97d1ac0>, verb_name='build', verb_parser=<colcon_defaults.argument_parser.defaults.DefaultArgumentsDecorator object at 0xffffb97d9070>)
[0.807s] Level 1:colcon.colcon_core.package_discovery:discover_packages(colcon_meta) check parameters
[0.807s] Level 1:colcon.colcon_core.package_discovery:discover_packages(recursive) check parameters
[0.808s] Level 1:colcon.colcon_core.package_discovery:discover_packages(ignore) check parameters
[0.808s] Level 1:colcon.colcon_core.package_discovery:discover_packages(path) check parameters
[0.808s] Level 1:colcon.colcon_core.package_discovery:discover_packages(colcon_meta) discover
[0.808s] Level 1:colcon.colcon_core.package_discovery:discover_packages(recursive) discover
[0.809s] INFO:colcon.colcon_core.package_discovery:Crawling recursively for packages in '/home/ubuntu/AutoSys-TurtlebotRos2/ros2_ws'
[0.809s] Level 1:colcon.colcon_core.package_identification:_identify(.) by extensions ['ignore', 'ignore_ament_install']
[0.810s] Level 1:colcon.colcon_core.package_identification:_identify(.) by extension 'ignore'
[0.810s] Level 1:colcon.colcon_core.package_identification:_identify(.) by extension 'ignore_ament_install'
[0.811s] Level 1:colcon.colcon_core.package_identification:_identify(.) by extensions ['colcon_pkg']
[0.811s] Level 1:colcon.colcon_core.package_identification:_identify(.) by extension 'colcon_pkg'
[0.811s] Level 1:colcon.colcon_core.package_identification:_identify(.) by extensions ['colcon_meta']
[0.811s] Level 1:colcon.colcon_core.package_identification:_identify(.) by extension 'colcon_meta'
[0.812s] Level 1:colcon.colcon_core.package_identification:_identify(.) by extensions ['ros']
[0.812s] Level 1:colcon.colcon_core.package_identification:_identify(.) by extension 'ros'
[0.858s] Level 1:colcon.colcon_core.package_identification:_identify(.) by extensions ['cmake', 'python']
[0.858s] Level 1:colcon.colcon_core.package_identification:_identify(.) by extension 'cmake'
[0.859s] Level 1:colcon.colcon_core.package_identification:_identify(.) by extension 'python'
[0.859s] Level 1:colcon.colcon_core.package_identification:_identify(.) by extensions ['python_setup_py']
[0.860s] Level 1:colcon.colcon_core.package_identification:_identify(.) by extension 'python_setup_py'
[0.861s] Level 1:colcon.colcon_core.package_identification:_identify(build) by extensions ['ignore', 'ignore_ament_install']
[0.861s] Level 1:colcon.colcon_core.package_identification:_identify(build) by extension 'ignore'
[0.861s] Level 1:colcon.colcon_core.package_identification:_identify(build) ignored
[0.862s] Level 1:colcon.colcon_core.package_identification:_identify(install) by extensions ['ignore', 'ignore_ament_install']
[0.863s] Level 1:colcon.colcon_core.package_identification:_identify(install) by extension 'ignore'
[0.863s] Level 1:colcon.colcon_core.package_identification:_identify(install) ignored
[0.864s] Level 1:colcon.colcon_core.package_identification:_identify(log) by extensions ['ignore', 'ignore_ament_install']
[0.865s] Level 1:colcon.colcon_core.package_identification:_identify(log) by extension 'ignore'
[0.865s] Level 1:colcon.colcon_core.package_identification:_identify(log) ignored
[0.866s] Level 1:colcon.colcon_core.package_identification:_identify(src) by extensions ['ignore', 'ignore_ament_install']
[0.867s] Level 1:colcon.colcon_core.package_identification:_identify(src) by extension 'ignore'
[0.867s] Level 1:colcon.colcon_core.package_identification:_identify(src) by extension 'ignore_ament_install'
[0.868s] Level 1:colcon.colcon_core.package_identification:_identify(src) by extensions ['colcon_pkg']
[0.868s] Level 1:colcon.colcon_core.package_identification:_identify(src) by extension 'colcon_pkg'
[0.868s] Level 1:colcon.colcon_core.package_identification:_identify(src) by extensions ['colcon_meta']
[0.868s] Level 1:colcon.colcon_core.package_identification:_identify(src) by extension 'colcon_meta'
[0.869s] Level 1:colcon.colcon_core.package_identification:_identify(src) by extensions ['ros']
[0.869s] Level 1:colcon.colcon_core.package_identification:_identify(src) by extension 'ros'
[0.869s] Level 1:colcon.colcon_core.package_identification:_identify(src) by extensions ['cmake', 'python']
[0.870s] Level 1:colcon.colcon_core.package_identification:_identify(src) by extension 'cmake'
[0.870s] Level 1:colcon.colcon_core.package_identification:_identify(src) by extension 'python'
[0.870s] Level 1:colcon.colcon_core.package_identification:_identify(src) by extensions ['python_setup_py']
[0.871s] Level 1:colcon.colcon_core.package_identification:_identify(src) by extension 'python_setup_py'
[0.871s] Level 1:colcon.colcon_core.package_identification:_identify(src/talker_listener) by extensions ['ignore', 'ignore_ament_install']
[0.872s] Level 1:colcon.colcon_core.package_identification:_identify(src/talker_listener) by extension 'ignore'
[0.872s] Level 1:colcon.colcon_core.package_identification:_identify(src/talker_listener) by extension 'ignore_ament_install'
[0.873s] Level 1:colcon.colcon_core.package_identification:_identify(src/talker_listener) by extensions ['colcon_pkg']
[0.873s] Level 1:colcon.colcon_core.package_identification:_identify(src/talker_listener) by extension 'colcon_pkg'
[0.873s] Level 1:colcon.colcon_core.package_identification:_identify(src/talker_listener) by extensions ['colcon_meta']
[0.874s] Level 1:colcon.colcon_core.package_identification:_identify(src/talker_listener) by extension 'colcon_meta'
[0.874s] Level 1:colcon.colcon_core.package_identification:_identify(src/talker_listener) by extensions ['ros']
[0.874s] Level 1:colcon.colcon_core.package_identification:_identify(src/talker_listener) by extension 'ros'
[0.885s] DEBUG:colcon.colcon_core.package_identification:Package 'src/talker_listener' with type 'ros.ament_python' and name 'talker_listener'
[0.885s] Level 1:colcon.colcon_core.package_discovery:discover_packages(recursive) using defaults
[0.886s] Level 1:colcon.colcon_core.package_discovery:discover_packages(ignore) discover
[0.886s] Level 1:colcon.colcon_core.package_discovery:discover_packages(ignore) using defaults
[0.886s] Level 1:colcon.colcon_core.package_discovery:discover_packages(path) discover
[0.886s] Level 1:colcon.colcon_core.package_discovery:discover_packages(path) using defaults
[1.011s] Level 1:colcon.colcon_core.package_discovery:discover_packages(prefix_path) check parameters
[1.012s] Level 1:colcon.colcon_core.package_discovery:discover_packages(prefix_path) discover
[1.028s] DEBUG:colcon.colcon_installed_package_information.package_discovery:Found 7 installed packages in /home/ubuntu/turtlebot3_ws/install
[1.037s] DEBUG:colcon.colcon_installed_package_information.package_discovery:Found 173 installed packages in /opt/ros/foxy
[1.042s] Level 1:colcon.colcon_core.package_discovery:discover_packages(prefix_path) using defaults
[1.247s] Level 5:colcon.colcon_core.verb:set package 'talker_listener' build argument 'cmake_args' from command line to 'None'
[1.248s] Level 5:colcon.colcon_core.verb:set package 'talker_listener' build argument 'cmake_target' from command line to 'None'
[1.248s] Level 5:colcon.colcon_core.verb:set package 'talker_listener' build argument 'cmake_target_skip_unavailable' from command line to 'False'
[1.248s] Level 5:colcon.colcon_core.verb:set package 'talker_listener' build argument 'cmake_clean_cache' from command line to 'False'
[1.248s] Level 5:colcon.colcon_core.verb:set package 'talker_listener' build argument 'cmake_clean_first' from command line to 'False'
[1.248s] Level 5:colcon.colcon_core.verb:set package 'talker_listener' build argument 'cmake_force_configure' from command line to 'False'
[1.249s] Level 5:colcon.colcon_core.verb:set package 'talker_listener' build argument 'ament_cmake_args' from command line to 'None'
[1.249s] Level 5:colcon.colcon_core.verb:set package 'talker_listener' build argument 'catkin_cmake_args' from command line to 'None'
[1.249s] Level 5:colcon.colcon_core.verb:set package 'talker_listener' build argument 'catkin_skip_building_tests' from command line to 'False'
[1.249s] DEBUG:colcon.colcon_core.verb:Building package 'talker_listener' with the following arguments: {'ament_cmake_args': None, 'build_base': '/home/ubuntu/AutoSys-TurtlebotRos2/ros2_ws/build/talker_listener', 'catkin_cmake_args': None, 'catkin_skip_building_tests': False, 'cmake_args': None, 'cmake_clean_cache': False, 'cmake_clean_first': False, 'cmake_force_configure': False, 'cmake_target': None, 'cmake_target_skip_unavailable': False, 'install_base': '/home/ubuntu/AutoSys-TurtlebotRos2/ros2_ws/install/talker_listener', 'merge_install': False, 'path': '/home/ubuntu/AutoSys-TurtlebotRos2/ros2_ws/src/talker_listener', 'symlink_install': False, 'test_result_base': None}
[1.252s] INFO:colcon.colcon_core.executor:Executing jobs using 'parallel' executor
[1.271s] DEBUG:colcon.colcon_parallel_executor.executor.parallel:run_until_complete
[1.273s] INFO:colcon.colcon_ros.task.ament_python.build:Building ROS package in '/home/ubuntu/AutoSys-TurtlebotRos2/ros2_ws/src/talker_listener' with build type 'ament_python'
[1.274s] Level 1:colcon.colcon_core.shell:create_environment_hook('talker_listener', 'ament_prefix_path')
[1.295s] INFO:colcon.colcon_core.plugin_system:Skipping extension 'colcon_core.shell.bat': Not used on non-Windows systems
[1.296s] INFO:colcon.colcon_core.shell:Creating environment hook '/home/ubuntu/AutoSys-TurtlebotRos2/ros2_ws/install/talker_listener/share/talker_listener/hook/ament_prefix_path.ps1'
[1.299s] INFO:colcon.colcon_core.shell:Creating environment descriptor '/home/ubuntu/AutoSys-TurtlebotRos2/ros2_ws/install/talker_listener/share/talker_listener/hook/ament_prefix_path.dsv'
[1.302s] INFO:colcon.colcon_core.shell:Creating environment hook '/home/ubuntu/AutoSys-TurtlebotRos2/ros2_ws/install/talker_listener/share/talker_listener/hook/ament_prefix_path.sh'
[1.312s] INFO:colcon.colcon_core.shell:Skip shell extension 'powershell' for command environment: Not usable outside of PowerShell
[1.313s] DEBUG:colcon.colcon_core.shell:Skip shell extension 'dsv' for command environment
[2.555s] INFO:colcon.colcon_core.task.python.build:Building Python package in '/home/ubuntu/AutoSys-TurtlebotRos2/ros2_ws/src/talker_listener'
[2.562s] INFO:colcon.colcon_core.shell:Skip shell extension 'powershell' for command environment: Not usable outside of PowerShell
[2.563s] DEBUG:colcon.colcon_core.shell:Skip shell extension 'dsv' for command environment
[5.039s] DEBUG:colcon.colcon_core.event_handler.log_command:Invoking command in '/home/ubuntu/AutoSys-TurtlebotRos2/ros2_ws/src/talker_listener': PYTHONPATH=/home/ubuntu/AutoSys-TurtlebotRos2/ros2_ws/install/talker_listener/lib/python3.8/site-packages:${PYTHONPATH} /usr/bin/python3 setup.py egg_info --egg-base ../../build/talker_listener build --build-base /home/ubuntu/AutoSys-TurtlebotRos2/ros2_ws/build/talker_listener/build install --prefix /home/ubuntu/AutoSys-TurtlebotRos2/ros2_ws/install/talker_listener --record /home/ubuntu/AutoSys-TurtlebotRos2/ros2_ws/build/talker_listener/install.log --single-version-externally-managed
[6.716s] DEBUG:colcon.colcon_core.event_handler.log_command:Invoked command in '/home/ubuntu/AutoSys-TurtlebotRos2/ros2_ws/src/talker_listener' returned '0': PYTHONPATH=/home/ubuntu/AutoSys-TurtlebotRos2/ros2_ws/install/talker_listener/lib/python3.8/site-packages:${PYTHONPATH} /usr/bin/python3 setup.py egg_info --egg-base ../../build/talker_listener build --build-base /home/ubuntu/AutoSys-TurtlebotRos2/ros2_ws/build/talker_listener/build install --prefix /home/ubuntu/AutoSys-TurtlebotRos2/ros2_ws/install/talker_listener --record /home/ubuntu/AutoSys-TurtlebotRos2/ros2_ws/build/talker_listener/install.log --single-version-externally-managed
[6.738s] Level 1:colcon.colcon_core.environment:checking '/home/ubuntu/AutoSys-TurtlebotRos2/ros2_ws/install/talker_listener' for CMake module files
[6.742s] Level 1:colcon.colcon_core.environment:checking '/home/ubuntu/AutoSys-TurtlebotRos2/ros2_ws/install/talker_listener' for CMake config files
[6.748s] Level 1:colcon.colcon_core.environment:checking '/home/ubuntu/AutoSys-TurtlebotRos2/ros2_ws/install/talker_listener/lib'
[6.749s] Level 1:colcon.colcon_core.environment:checking '/home/ubuntu/AutoSys-TurtlebotRos2/ros2_ws/install/talker_listener/bin'
[6.750s] Level 1:colcon.colcon_core.environment:checking '/home/ubuntu/AutoSys-TurtlebotRos2/ros2_ws/install/talker_listener/lib/pkgconfig/talker_listener.pc'
[6.751s] Level 1:colcon.colcon_core.environment:checking '/home/ubuntu/AutoSys-TurtlebotRos2/ros2_ws/install/talker_listener/lib/python3.8/site-packages'
[6.751s] Level 1:colcon.colcon_core.shell:create_environment_hook('talker_listener', 'pythonpath')
[6.758s] INFO:colcon.colcon_core.shell:Creating environment hook '/home/ubuntu/AutoSys-TurtlebotRos2/ros2_ws/install/talker_listener/share/talker_listener/hook/pythonpath.ps1'
[6.760s] INFO:colcon.colcon_core.shell:Creating environment descriptor '/home/ubuntu/AutoSys-TurtlebotRos2/ros2_ws/install/talker_listener/share/talker_listener/hook/pythonpath.dsv'
[6.763s] INFO:colcon.colcon_core.shell:Creating environment hook '/home/ubuntu/AutoSys-TurtlebotRos2/ros2_ws/install/talker_listener/share/talker_listener/hook/pythonpath.sh'
[6.766s] Level 1:colcon.colcon_core.environment:checking '/home/ubuntu/AutoSys-TurtlebotRos2/ros2_ws/install/talker_listener/bin'
[6.766s] Level 1:colcon.colcon_core.environment:create_environment_scripts_only(talker_listener)
[6.774s] INFO:colcon.colcon_core.shell:Creating package script '/home/ubuntu/AutoSys-TurtlebotRos2/ros2_ws/install/talker_listener/share/talker_listener/package.ps1'
[6.778s] INFO:colcon.colcon_core.shell:Creating package descriptor '/home/ubuntu/AutoSys-TurtlebotRos2/ros2_ws/install/talker_listener/share/talker_listener/package.dsv'
[6.782s] INFO:colcon.colcon_core.shell:Creating package script '/home/ubuntu/AutoSys-TurtlebotRos2/ros2_ws/install/talker_listener/share/talker_listener/package.sh'
[6.786s] INFO:colcon.colcon_core.shell:Creating package script '/home/ubuntu/AutoSys-TurtlebotRos2/ros2_ws/install/talker_listener/share/talker_listener/package.bash'
[6.790s] INFO:colcon.colcon_core.shell:Creating package script '/home/ubuntu/AutoSys-TurtlebotRos2/ros2_ws/install/talker_listener/share/talker_listener/package.zsh'
[6.794s] Level 1:colcon.colcon_core.environment:create_file_with_runtime_dependencies(/home/ubuntu/AutoSys-TurtlebotRos2/ros2_ws/install/talker_listener/share/colcon-core/packages/talker_listener)
[6.797s] DEBUG:colcon.colcon_parallel_executor.executor.parallel:closing loop
[6.798s] DEBUG:colcon.colcon_parallel_executor.executor.parallel:loop closed
[6.799s] DEBUG:colcon.colcon_parallel_executor.executor.parallel:run_until_complete finished with '0'
[6.800s] DEBUG:colcon.colcon_core.event_reactor:joining thread
[6.830s] INFO:colcon.colcon_core.plugin_system:Skipping extension 'colcon_notification.desktop_notification.terminal_notifier': Not used on non-Darwin systems
[6.830s] INFO:colcon.colcon_core.plugin_system:Skipping extension 'colcon_notification.desktop_notification.win32': Not used on non-Windows systems
[6.831s] INFO:colcon.colcon_notification.desktop_notification:Sending desktop notification using 'notify2'
[31.859s] DEBUG:colcon.colcon_notification.desktop_notification.notify2:Failed to initialize notify2: org.freedesktop.DBus.Error.NoReply: Did not receive a reply. Possible causes include: the remote application did not send a reply, the message bus security policy blocked the reply, the reply timeout expired, or the network connection was broken.
[31.860s] DEBUG:colcon.colcon_core.event_reactor:joined thread
[31.874s] INFO:colcon.colcon_core.shell:Creating prefix script '/home/ubuntu/AutoSys-TurtlebotRos2/ros2_ws/install/local_setup.ps1'
[31.879s] INFO:colcon.colcon_core.shell:Creating prefix util module '/home/ubuntu/AutoSys-TurtlebotRos2/ros2_ws/install/_local_setup_util_ps1.py'
[31.888s] INFO:colcon.colcon_core.shell:Creating prefix chain script '/home/ubuntu/AutoSys-TurtlebotRos2/ros2_ws/install/setup.ps1'
[31.898s] INFO:colcon.colcon_core.shell:Creating prefix script '/home/ubuntu/AutoSys-TurtlebotRos2/ros2_ws/install/local_setup.sh'
[31.901s] INFO:colcon.colcon_core.shell:Creating prefix util module '/home/ubuntu/AutoSys-TurtlebotRos2/ros2_ws/install/_local_setup_util_sh.py'
[31.904s] INFO:colcon.colcon_core.shell:Creating prefix chain script '/home/ubuntu/AutoSys-TurtlebotRos2/ros2_ws/install/setup.sh'
[31.913s] INFO:colcon.colcon_core.shell:Creating prefix script '/home/ubuntu/AutoSys-TurtlebotRos2/ros2_ws/install/local_setup.bash'
[31.916s] INFO:colcon.colcon_core.shell:Creating prefix chain script '/home/ubuntu/AutoSys-TurtlebotRos2/ros2_ws/install/setup.bash'
[31.925s] INFO:colcon.colcon_core.shell:Creating prefix script '/home/ubuntu/AutoSys-TurtlebotRos2/ros2_ws/install/local_setup.zsh'
[31.928s] INFO:colcon.colcon_core.shell:Creating prefix chain script '/home/ubuntu/AutoSys-TurtlebotRos2/ros2_ws/install/setup.zsh'
