[3.216s] Invoking command in '/home/ubuntu/ros2_ws/src/talker_listener': PYTHONPATH=/home/ubuntu/ros2_ws/install/talker_listener/lib/python3.8/site-packages:${PYTHONPATH} /usr/bin/python3 setup.py egg_info --egg-base ../../build/talker_listener build --build-base /home/ubuntu/ros2_ws/build/talker_listener/build install --prefix /home/ubuntu/ros2_ws/install/talker_listener --record /home/ubuntu/ros2_ws/build/talker_listener/install.log --single-version-externally-managed
[4.162s] running egg_info
[4.165s] writing ../../build/talker_listener/talker_listener.egg-info/PKG-INFO
[4.166s] writing dependency_links to ../../build/talker_listener/talker_listener.egg-info/dependency_links.txt
[4.167s] writing entry points to ../../build/talker_listener/talker_listener.egg-info/entry_points.txt
[4.168s] writing requirements to ../../build/talker_listener/talker_listener.egg-info/requires.txt
[4.168s] writing top-level names to ../../build/talker_listener/talker_listener.egg-info/top_level.txt
[4.317s] reading manifest file '../../build/talker_listener/talker_listener.egg-info/SOURCES.txt'
[4.321s] writing manifest file '../../build/talker_listener/talker_listener.egg-info/SOURCES.txt'
[4.322s] running build
[4.322s] running build_py
[4.324s] running install
[4.327s] running install_lib
[4.334s] running install_data
[4.336s] running install_egg_info
[4.344s] removing '/home/ubuntu/ros2_ws/install/talker_listener/lib/python3.8/site-packages/talker_listener-0.0.0-py3.8.egg-info' (and everything under it)
[4.346s] Copying ../../build/talker_listener/talker_listener.egg-info to /home/ubuntu/ros2_ws/install/talker_listener/lib/python3.8/site-packages/talker_listener-0.0.0-py3.8.egg-info
[4.352s] running install_scripts
[4.421s] Installing follower script to /home/ubuntu/ros2_ws/install/talker_listener/lib/talker_listener
[4.422s] Installing talker_listener script to /home/ubuntu/ros2_ws/install/talker_listener/lib/talker_listener
[4.424s] writing list of installed files to '/home/ubuntu/ros2_ws/build/talker_listener/install.log'
[4.521s] Invoked command in '/home/ubuntu/ros2_ws/src/talker_listener' returned '0': PYTHONPATH=/home/ubuntu/ros2_ws/install/talker_listener/lib/python3.8/site-packages:${PYTHONPATH} /usr/bin/python3 setup.py egg_info --egg-base ../../build/talker_listener build --build-base /home/ubuntu/ros2_ws/build/talker_listener/build install --prefix /home/ubuntu/ros2_ws/install/talker_listener --record /home/ubuntu/ros2_ws/build/talker_listener/install.log --single-version-externally-managed
