[5.937s] Invoking command in '/home/ubuntu/ros2_ws/src/talker_listener': PYTHONPATH=/home/ubuntu/ros2_ws/install/talker_listener/lib/python3.8/site-packages:${PYTHONPATH} /usr/bin/python3 setup.py egg_info --egg-base ../../build/talker_listener build --build-base /home/ubuntu/ros2_ws/build/talker_listener/build install --prefix /home/ubuntu/ros2_ws/install/talker_listener --record /home/ubuntu/ros2_ws/build/talker_listener/install.log --single-version-externally-managed
[7.228s] running egg_info
[7.232s] creating ../../build/talker_listener/talker_listener.egg-info
[7.233s] writing ../../build/talker_listener/talker_listener.egg-info/PKG-INFO
[7.235s] writing dependency_links to ../../build/talker_listener/talker_listener.egg-info/dependency_links.txt
[7.239s] writing entry points to ../../build/talker_listener/talker_listener.egg-info/entry_points.txt
[7.241s] writing requirements to ../../build/talker_listener/talker_listener.egg-info/requires.txt
[7.244s] writing top-level names to ../../build/talker_listener/talker_listener.egg-info/top_level.txt
[7.253s] writing manifest file '../../build/talker_listener/talker_listener.egg-info/SOURCES.txt'
[7.414s] reading manifest file '../../build/talker_listener/talker_listener.egg-info/SOURCES.txt'
[7.417s] writing manifest file '../../build/talker_listener/talker_listener.egg-info/SOURCES.txt'
[7.418s] running build
[7.419s] running build_py
[7.419s] creating /home/ubuntu/ros2_ws/build/talker_listener/build
[7.420s] creating /home/ubuntu/ros2_ws/build/talker_listener/build/lib
[7.420s] creating /home/ubuntu/ros2_ws/build/talker_listener/build/lib/talker_listener
[7.421s] copying talker_listener/__init__.py -> /home/ubuntu/ros2_ws/build/talker_listener/build/lib/talker_listener
[7.421s] copying talker_listener/talker_node.py -> /home/ubuntu/ros2_ws/build/talker_listener/build/lib/talker_listener
[7.422s] running install
[7.425s] running install_lib
[7.429s] creating /home/ubuntu/ros2_ws/install/talker_listener/lib/python3.8/site-packages/talker_listener
[7.429s] copying /home/ubuntu/ros2_ws/build/talker_listener/build/lib/talker_listener/__init__.py -> /home/ubuntu/ros2_ws/install/talker_listener/lib/python3.8/site-packages/talker_listener
[7.430s] copying /home/ubuntu/ros2_ws/build/talker_listener/build/lib/talker_listener/talker_node.py -> /home/ubuntu/ros2_ws/install/talker_listener/lib/python3.8/site-packages/talker_listener
[7.432s] byte-compiling /home/ubuntu/ros2_ws/install/talker_listener/lib/python3.8/site-packages/talker_listener/__init__.py to __init__.cpython-38.pyc
[7.437s] byte-compiling /home/ubuntu/ros2_ws/install/talker_listener/lib/python3.8/site-packages/talker_listener/talker_node.py to talker_node.cpython-38.pyc
[7.439s] running install_data
[7.441s] creating /home/ubuntu/ros2_ws/install/talker_listener/share/ament_index
[7.442s] creating /home/ubuntu/ros2_ws/install/talker_listener/share/ament_index/resource_index
[7.442s] creating /home/ubuntu/ros2_ws/install/talker_listener/share/ament_index/resource_index/packages
[7.443s] copying resource/talker_listener -> /home/ubuntu/ros2_ws/install/talker_listener/share/ament_index/resource_index/packages
[7.443s] copying package.xml -> /home/ubuntu/ros2_ws/install/talker_listener/share/talker_listener
[7.444s] running install_egg_info
[7.449s] Copying ../../build/talker_listener/talker_listener.egg-info to /home/ubuntu/ros2_ws/install/talker_listener/lib/python3.8/site-packages/talker_listener-0.0.0-py3.8.egg-info
[7.454s] running install_scripts
[7.537s] Installing talker script to /home/ubuntu/ros2_ws/install/talker_listener/lib/talker_listener
[7.538s] writing list of installed files to '/home/ubuntu/ros2_ws/build/talker_listener/install.log'
[7.640s] Invoked command in '/home/ubuntu/ros2_ws/src/talker_listener' returned '0': PYTHONPATH=/home/ubuntu/ros2_ws/install/talker_listener/lib/python3.8/site-packages:${PYTHONPATH} /usr/bin/python3 setup.py egg_info --egg-base ../../build/talker_listener build --build-base /home/ubuntu/ros2_ws/build/talker_listener/build install --prefix /home/ubuntu/ros2_ws/install/talker_listener --record /home/ubuntu/ros2_ws/build/talker_listener/install.log --single-version-externally-managed
