[4.640s] Invoking command in '/home/ubuntu/AutoSys-TurtlebotRos2/ros2_ws/src/talker_listener': PYTHONPATH=/home/ubuntu/AutoSys-TurtlebotRos2/ros2_ws/install/talker_listener/lib/python3.8/site-packages:${PYTHONPATH} /usr/bin/python3 setup.py egg_info --egg-base ../../build/talker_listener build --build-base /home/ubuntu/AutoSys-TurtlebotRos2/ros2_ws/build/talker_listener/build install --prefix /home/ubuntu/AutoSys-TurtlebotRos2/ros2_ws/install/talker_listener --record /home/ubuntu/AutoSys-TurtlebotRos2/ros2_ws/build/talker_listener/install.log --single-version-externally-managed
[6.502s] running egg_info
[6.505s] writing ../../build/talker_listener/talker_listener.egg-info/PKG-INFO
[6.507s] writing dependency_links to ../../build/talker_listener/talker_listener.egg-info/dependency_links.txt
[6.510s] writing entry points to ../../build/talker_listener/talker_listener.egg-info/entry_points.txt
[6.513s] writing requirements to ../../build/talker_listener/talker_listener.egg-info/requires.txt
[6.516s] writing top-level names to ../../build/talker_listener/talker_listener.egg-info/top_level.txt
[6.750s] reading manifest file '../../build/talker_listener/talker_listener.egg-info/SOURCES.txt'
[6.758s] writing manifest file '../../build/talker_listener/talker_listener.egg-info/SOURCES.txt'
[6.760s] running build
[6.761s] running build_py
[6.766s] copying talker_listener/picture_publisher.py -> /home/ubuntu/AutoSys-TurtlebotRos2/ros2_ws/build/talker_listener/build/lib/talker_listener
[6.771s] running install
[6.777s] running install_lib
[6.800s] copying /home/ubuntu/AutoSys-TurtlebotRos2/ros2_ws/build/talker_listener/build/lib/talker_listener/picture_publisher.py -> /home/ubuntu/AutoSys-TurtlebotRos2/ros2_ws/install/talker_listener/lib/python3.8/site-packages/talker_listener
[6.819s] byte-compiling /home/ubuntu/AutoSys-TurtlebotRos2/ros2_ws/install/talker_listener/lib/python3.8/site-packages/talker_listener/picture_publisher.py to picture_publisher.cpython-38.pyc
[6.833s] running install_data
[6.842s] running install_egg_info
[6.863s] removing '/home/ubuntu/AutoSys-TurtlebotRos2/ros2_ws/install/talker_listener/lib/python3.8/site-packages/talker_listener-0.0.0-py3.8.egg-info' (and everything under it)
[6.866s] Copying ../../build/talker_listener/talker_listener.egg-info to /home/ubuntu/AutoSys-TurtlebotRos2/ros2_ws/install/talker_listener/lib/python3.8/site-packages/talker_listener-0.0.0-py3.8.egg-info
[6.876s] running install_scripts
[7.005s] Installing follower script to /home/ubuntu/AutoSys-TurtlebotRos2/ros2_ws/install/talker_listener/lib/talker_listener
[7.009s] Installing picture_publisher script to /home/ubuntu/AutoSys-TurtlebotRos2/ros2_ws/install/talker_listener/lib/talker_listener
[7.011s] Installing talker_listener script to /home/ubuntu/AutoSys-TurtlebotRos2/ros2_ws/install/talker_listener/lib/talker_listener
[7.015s] writing list of installed files to '/home/ubuntu/AutoSys-TurtlebotRos2/ros2_ws/build/talker_listener/install.log'
[7.168s] Invoked command in '/home/ubuntu/AutoSys-TurtlebotRos2/ros2_ws/src/talker_listener' returned '0': PYTHONPATH=/home/ubuntu/AutoSys-TurtlebotRos2/ros2_ws/install/talker_listener/lib/python3.8/site-packages:${PYTHONPATH} /usr/bin/python3 setup.py egg_info --egg-base ../../build/talker_listener build --build-base /home/ubuntu/AutoSys-TurtlebotRos2/ros2_ws/build/talker_listener/build install --prefix /home/ubuntu/AutoSys-TurtlebotRos2/ros2_ws/install/talker_listener --record /home/ubuntu/AutoSys-TurtlebotRos2/ros2_ws/build/talker_listener/install.log --single-version-externally-managed
