[3.195s] Invoking command in '/home/ubuntu/ros2_ws/src/talker_listener': PYTHONPATH=/home/ubuntu/ros2_ws/install/talker_listener/lib/python3.8/site-packages:${PYTHONPATH} /usr/bin/python3 setup.py egg_info --egg-base ../../build/talker_listener build --build-base /home/ubuntu/ros2_ws/build/talker_listener/build install --prefix /home/ubuntu/ros2_ws/install/talker_listener --record /home/ubuntu/ros2_ws/build/talker_listener/install.log --single-version-externally-managed
[4.130s] running egg_info
[4.133s] writing ../../build/talker_listener/talker_listener.egg-info/PKG-INFO
[4.134s] writing dependency_links to ../../build/talker_listener/talker_listener.egg-info/dependency_links.txt
[4.136s] writing entry points to ../../build/talker_listener/talker_listener.egg-info/entry_points.txt
[4.137s] writing requirements to ../../build/talker_listener/talker_listener.egg-info/requires.txt
[4.138s] writing top-level names to ../../build/talker_listener/talker_listener.egg-info/top_level.txt
[4.283s] reading manifest file '../../build/talker_listener/talker_listener.egg-info/SOURCES.txt'
[4.287s] writing manifest file '../../build/talker_listener/talker_listener.egg-info/SOURCES.txt'
[4.288s] running build
[4.289s] running build_py
[4.289s] copying talker_listener/follower_node.py -> /home/ubuntu/ros2_ws/build/talker_listener/build/lib/talker_listener
[4.291s] running install
[4.294s] running install_lib
[4.298s] copying /home/ubuntu/ros2_ws/build/talker_listener/build/lib/talker_listener/follower_node.py -> /home/ubuntu/ros2_ws/install/talker_listener/lib/python3.8/site-packages/talker_listener
[4.302s] byte-compiling /home/ubuntu/ros2_ws/install/talker_listener/lib/python3.8/site-packages/talker_listener/follower_node.py to follower_node.cpython-38.pyc
[4.308s] running install_data
[4.310s] running install_egg_info
[4.317s] removing '/home/ubuntu/ros2_ws/install/talker_listener/lib/python3.8/site-packages/talker_listener-0.0.0-py3.8.egg-info' (and everything under it)
[4.319s] Copying ../../build/talker_listener/talker_listener.egg-info to /home/ubuntu/ros2_ws/install/talker_listener/lib/python3.8/site-packages/talker_listener-0.0.0-py3.8.egg-info
[4.325s] running install_scripts
[4.394s] Installing follower script to /home/ubuntu/ros2_ws/install/talker_listener/lib/talker_listener
[4.395s] Installing talker_listener script to /home/ubuntu/ros2_ws/install/talker_listener/lib/talker_listener
[4.397s] writing list of installed files to '/home/ubuntu/ros2_ws/build/talker_listener/install.log'
[4.495s] Invoked command in '/home/ubuntu/ros2_ws/src/talker_listener' returned '0': PYTHONPATH=/home/ubuntu/ros2_ws/install/talker_listener/lib/python3.8/site-packages:${PYTHONPATH} /usr/bin/python3 setup.py egg_info --egg-base ../../build/talker_listener build --build-base /home/ubuntu/ros2_ws/build/talker_listener/build install --prefix /home/ubuntu/ros2_ws/install/talker_listener --record /home/ubuntu/ros2_ws/build/talker_listener/install.log --single-version-externally-managed
