[4.530s] Invoking command in '/home/ubuntu/AutoSys-TurtlebotRos2/picproc_ws/src/picproc': PYTHONPATH=/home/ubuntu/AutoSys-TurtlebotRos2/picproc_ws/install/picproc/lib/python3.8/site-packages:${PYTHONPATH} /usr/bin/python3 setup.py egg_info --egg-base ../../build/picproc build --build-base /home/ubuntu/AutoSys-TurtlebotRos2/picproc_ws/build/picproc/build install --prefix /home/ubuntu/AutoSys-TurtlebotRos2/picproc_ws/install/picproc --record /home/ubuntu/AutoSys-TurtlebotRos2/picproc_ws/build/picproc/install.log --single-version-externally-managed
[6.003s] running egg_info
[6.005s] writing ../../build/picproc/picproc.egg-info/PKG-INFO
[6.007s] writing dependency_links to ../../build/picproc/picproc.egg-info/dependency_links.txt
[6.008s] writing entry points to ../../build/picproc/picproc.egg-info/entry_points.txt
[6.009s] writing requirements to ../../build/picproc/picproc.egg-info/requires.txt
[6.010s] writing top-level names to ../../build/picproc/picproc.egg-info/top_level.txt
[6.188s] reading manifest file '../../build/picproc/picproc.egg-info/SOURCES.txt'
[6.193s] writing manifest file '../../build/picproc/picproc.egg-info/SOURCES.txt'
[6.194s] running build
[6.195s] running build_py
[6.197s] running install
[6.209s] running install_lib
[6.210s] running install_data
[6.212s] running install_egg_info
[6.221s] removing '/home/ubuntu/AutoSys-TurtlebotRos2/picproc_ws/install/picproc/lib/python3.8/site-packages/picproc-0.0.0-py3.8.egg-info' (and everything under it)
[6.226s] Copying ../../build/picproc/picproc.egg-info to /home/ubuntu/AutoSys-TurtlebotRos2/picproc_ws/install/picproc/lib/python3.8/site-packages/picproc-0.0.0-py3.8.egg-info
[6.232s] running install_scripts
[6.335s] Installing picproc_node script to /home/ubuntu/AutoSys-TurtlebotRos2/picproc_ws/install/picproc/lib/picproc
[6.336s] writing list of installed files to '/home/ubuntu/AutoSys-TurtlebotRos2/picproc_ws/build/picproc/install.log'
[6.481s] Invoked command in '/home/ubuntu/AutoSys-TurtlebotRos2/picproc_ws/src/picproc' returned '0': PYTHONPATH=/home/ubuntu/AutoSys-TurtlebotRos2/picproc_ws/install/picproc/lib/python3.8/site-packages:${PYTHONPATH} /usr/bin/python3 setup.py egg_info --egg-base ../../build/picproc build --build-base /home/ubuntu/AutoSys-TurtlebotRos2/picproc_ws/build/picproc/build install --prefix /home/ubuntu/AutoSys-TurtlebotRos2/picproc_ws/install/picproc --record /home/ubuntu/AutoSys-TurtlebotRos2/picproc_ws/build/picproc/install.log --single-version-externally-managed
