[0.349s] DEBUG:colcon:Command line arguments: ['/usr/bin/colcon', 'build']
[0.349s] DEBUG:colcon:Parsed command line arguments: Namespace(allow_overriding=[], ament_cmake_args=None, base_paths=['.'], build_base='build', catkin_cmake_args=None, catkin_skip_building_tests=False, cmake_args=None, cmake_clean_cache=False, cmake_clean_first=False, cmake_force_configure=False, cmake_target=None, cmake_target_skip_unavailable=False, continue_on_error=False, event_handlers=None, executor='parallel', ignore_user_meta=False, install_base='install', log_base=None, log_level=None, main=<bound method BuildVerb.main of <colcon_core.verb.build.BuildVerb object at 0x7f6406cf0550>>, merge_install=False, metas=['./colcon.meta'], packages_above=None, packages_above_and_dependencies=None, packages_above_depth=None, packages_end=None, packages_ignore=None, packages_ignore_regex=None, packages_select=None, packages_select_build_failed=False, packages_select_by_dep=None, packages_select_regex=None, packages_select_test_failures=False, packages_skip=None, packages_skip_build_finished=False, packages_skip_by_dep=None, packages_skip_regex=None, packages_skip_test_passed=False, packages_skip_up_to=None, packages_start=None, packages_up_to=None, packages_up_to_regex=None, parallel_workers=12, paths=None, symlink_install=False, test_result_base=None, verb_extension=<colcon_core.verb.build.BuildVerb object at 0x7f6406cf0550>, verb_name='build', verb_parser=<colcon_defaults.argument_parser.defaults.DefaultArgumentsDecorator object at 0x7f6406cf0a90>)
[0.399s] Level 1:colcon.colcon_core.package_discovery:discover_packages(colcon_meta) check parameters
[0.399s] Level 1:colcon.colcon_core.package_discovery:discover_packages(recursive) check parameters
[0.399s] Level 1:colcon.colcon_core.package_discovery:discover_packages(ignore) check parameters
[0.399s] Level 1:colcon.colcon_core.package_discovery:discover_packages(path) check parameters
[0.399s] Level 1:colcon.colcon_core.package_discovery:discover_packages(colcon_meta) discover
[0.399s] Level 1:colcon.colcon_core.package_discovery:discover_packages(recursive) discover
[0.399s] INFO:colcon.colcon_core.package_discovery:Crawling recursively for packages in '/home/user/AutoSys-TurtlebotRos2'
[0.400s] Level 1:colcon.colcon_core.package_identification:_identify(.) by extensions ['ignore', 'ignore_ament_install']
[0.400s] Level 1:colcon.colcon_core.package_identification:_identify(.) by extension 'ignore'
[0.400s] Level 1:colcon.colcon_core.package_identification:_identify(.) by extension 'ignore_ament_install'
[0.400s] Level 1:colcon.colcon_core.package_identification:_identify(.) by extensions ['colcon_pkg']
[0.400s] Level 1:colcon.colcon_core.package_identification:_identify(.) by extension 'colcon_pkg'
[0.400s] Level 1:colcon.colcon_core.package_identification:_identify(.) by extensions ['colcon_meta']
[0.400s] Level 1:colcon.colcon_core.package_identification:_identify(.) by extension 'colcon_meta'
[0.400s] Level 1:colcon.colcon_core.package_identification:_identify(.) by extensions ['ros']
[0.401s] Level 1:colcon.colcon_core.package_identification:_identify(.) by extension 'ros'
[0.409s] Level 1:colcon.colcon_core.package_identification:_identify(.) by extensions ['cmake', 'python']
[0.410s] Level 1:colcon.colcon_core.package_identification:_identify(.) by extension 'cmake'
[0.410s] Level 1:colcon.colcon_core.package_identification:_identify(.) by extension 'python'
[0.410s] Level 1:colcon.colcon_core.package_identification:_identify(.) by extensions ['python_setup_py']
[0.410s] Level 1:colcon.colcon_core.package_identification:_identify(.) by extension 'python_setup_py'
[0.410s] Level 1:colcon.colcon_core.package_identification:_identify(build) by extensions ['ignore', 'ignore_ament_install']
[0.410s] Level 1:colcon.colcon_core.package_identification:_identify(build) by extension 'ignore'
[0.410s] Level 1:colcon.colcon_core.package_identification:_identify(build) ignored
[0.410s] Level 1:colcon.colcon_core.package_identification:_identify(docs) by extensions ['ignore', 'ignore_ament_install']
[0.410s] Level 1:colcon.colcon_core.package_identification:_identify(docs) by extension 'ignore'
[0.411s] Level 1:colcon.colcon_core.package_identification:_identify(docs) by extension 'ignore_ament_install'
[0.411s] Level 1:colcon.colcon_core.package_identification:_identify(docs) by extensions ['colcon_pkg']
[0.411s] Level 1:colcon.colcon_core.package_identification:_identify(docs) by extension 'colcon_pkg'
[0.411s] Level 1:colcon.colcon_core.package_identification:_identify(docs) by extensions ['colcon_meta']
[0.411s] Level 1:colcon.colcon_core.package_identification:_identify(docs) by extension 'colcon_meta'
[0.411s] Level 1:colcon.colcon_core.package_identification:_identify(docs) by extensions ['ros']
[0.411s] Level 1:colcon.colcon_core.package_identification:_identify(docs) by extension 'ros'
[0.411s] Level 1:colcon.colcon_core.package_identification:_identify(docs) by extensions ['cmake', 'python']
[0.411s] Level 1:colcon.colcon_core.package_identification:_identify(docs) by extension 'cmake'
[0.411s] Level 1:colcon.colcon_core.package_identification:_identify(docs) by extension 'python'
[0.411s] Level 1:colcon.colcon_core.package_identification:_identify(docs) by extensions ['python_setup_py']
[0.411s] Level 1:colcon.colcon_core.package_identification:_identify(docs) by extension 'python_setup_py'
[0.411s] Level 1:colcon.colcon_core.package_identification:_identify(install) by extensions ['ignore', 'ignore_ament_install']
[0.411s] Level 1:colcon.colcon_core.package_identification:_identify(install) by extension 'ignore'
[0.411s] Level 1:colcon.colcon_core.package_identification:_identify(install) ignored
[0.412s] Level 1:colcon.colcon_core.package_identification:_identify(log) by extensions ['ignore', 'ignore_ament_install']
[0.412s] Level 1:colcon.colcon_core.package_identification:_identify(log) by extension 'ignore'
[0.412s] Level 1:colcon.colcon_core.package_identification:_identify(log) ignored
[0.412s] Level 1:colcon.colcon_core.package_identification:_identify(picproc_ws) by extensions ['ignore', 'ignore_ament_install']
[0.412s] Level 1:colcon.colcon_core.package_identification:_identify(picproc_ws) by extension 'ignore'
[0.412s] Level 1:colcon.colcon_core.package_identification:_identify(picproc_ws) by extension 'ignore_ament_install'
[0.412s] Level 1:colcon.colcon_core.package_identification:_identify(picproc_ws) by extensions ['colcon_pkg']
[0.412s] Level 1:colcon.colcon_core.package_identification:_identify(picproc_ws) by extension 'colcon_pkg'
[0.412s] Level 1:colcon.colcon_core.package_identification:_identify(picproc_ws) by extensions ['colcon_meta']
[0.412s] Level 1:colcon.colcon_core.package_identification:_identify(picproc_ws) by extension 'colcon_meta'
[0.412s] Level 1:colcon.colcon_core.package_identification:_identify(picproc_ws) by extensions ['ros']
[0.412s] Level 1:colcon.colcon_core.package_identification:_identify(picproc_ws) by extension 'ros'
[0.413s] Level 1:colcon.colcon_core.package_identification:_identify(picproc_ws) by extensions ['cmake', 'python']
[0.413s] Level 1:colcon.colcon_core.package_identification:_identify(picproc_ws) by extension 'cmake'
[0.413s] Level 1:colcon.colcon_core.package_identification:_identify(picproc_ws) by extension 'python'
[0.413s] Level 1:colcon.colcon_core.package_identification:_identify(picproc_ws) by extensions ['python_setup_py']
[0.413s] Level 1:colcon.colcon_core.package_identification:_identify(picproc_ws) by extension 'python_setup_py'
[0.413s] Level 1:colcon.colcon_core.package_identification:_identify(picproc_ws/build) by extensions ['ignore', 'ignore_ament_install']
[0.413s] Level 1:colcon.colcon_core.package_identification:_identify(picproc_ws/build) by extension 'ignore'
[0.413s] Level 1:colcon.colcon_core.package_identification:_identify(picproc_ws/build) ignored
[0.413s] Level 1:colcon.colcon_core.package_identification:_identify(picproc_ws/install) by extensions ['ignore', 'ignore_ament_install']
[0.413s] Level 1:colcon.colcon_core.package_identification:_identify(picproc_ws/install) by extension 'ignore'
[0.413s] Level 1:colcon.colcon_core.package_identification:_identify(picproc_ws/install) ignored
[0.413s] Level 1:colcon.colcon_core.package_identification:_identify(picproc_ws/log) by extensions ['ignore', 'ignore_ament_install']
[0.413s] Level 1:colcon.colcon_core.package_identification:_identify(picproc_ws/log) by extension 'ignore'
[0.414s] Level 1:colcon.colcon_core.package_identification:_identify(picproc_ws/log) ignored
[0.414s] Level 1:colcon.colcon_core.package_identification:_identify(picproc_ws/src) by extensions ['ignore', 'ignore_ament_install']
[0.414s] Level 1:colcon.colcon_core.package_identification:_identify(picproc_ws/src) by extension 'ignore'
[0.414s] Level 1:colcon.colcon_core.package_identification:_identify(picproc_ws/src) by extension 'ignore_ament_install'
[0.414s] Level 1:colcon.colcon_core.package_identification:_identify(picproc_ws/src) by extensions ['colcon_pkg']
[0.414s] Level 1:colcon.colcon_core.package_identification:_identify(picproc_ws/src) by extension 'colcon_pkg'
[0.414s] Level 1:colcon.colcon_core.package_identification:_identify(picproc_ws/src) by extensions ['colcon_meta']
[0.414s] Level 1:colcon.colcon_core.package_identification:_identify(picproc_ws/src) by extension 'colcon_meta'
[0.414s] Level 1:colcon.colcon_core.package_identification:_identify(picproc_ws/src) by extensions ['ros']
[0.414s] Level 1:colcon.colcon_core.package_identification:_identify(picproc_ws/src) by extension 'ros'
[0.414s] Level 1:colcon.colcon_core.package_identification:_identify(picproc_ws/src) by extensions ['cmake', 'python']
[0.414s] Level 1:colcon.colcon_core.package_identification:_identify(picproc_ws/src) by extension 'cmake'
[0.414s] Level 1:colcon.colcon_core.package_identification:_identify(picproc_ws/src) by extension 'python'
[0.414s] Level 1:colcon.colcon_core.package_identification:_identify(picproc_ws/src) by extensions ['python_setup_py']
[0.414s] Level 1:colcon.colcon_core.package_identification:_identify(picproc_ws/src) by extension 'python_setup_py'
[0.415s] Level 1:colcon.colcon_core.package_identification:_identify(picproc_ws/src/picproc) by extensions ['ignore', 'ignore_ament_install']
[0.415s] Level 1:colcon.colcon_core.package_identification:_identify(picproc_ws/src/picproc) by extension 'ignore'
[0.415s] Level 1:colcon.colcon_core.package_identification:_identify(picproc_ws/src/picproc) by extension 'ignore_ament_install'
[0.415s] Level 1:colcon.colcon_core.package_identification:_identify(picproc_ws/src/picproc) by extensions ['colcon_pkg']
[0.415s] Level 1:colcon.colcon_core.package_identification:_identify(picproc_ws/src/picproc) by extension 'colcon_pkg'
[0.415s] Level 1:colcon.colcon_core.package_identification:_identify(picproc_ws/src/picproc) by extensions ['colcon_meta']
[0.415s] Level 1:colcon.colcon_core.package_identification:_identify(picproc_ws/src/picproc) by extension 'colcon_meta'
[0.415s] Level 1:colcon.colcon_core.package_identification:_identify(picproc_ws/src/picproc) by extensions ['ros']
[0.415s] Level 1:colcon.colcon_core.package_identification:_identify(picproc_ws/src/picproc) by extension 'ros'
[0.419s] DEBUG:colcon.colcon_core.package_identification:Package 'picproc_ws/src/picproc' with type 'ros.ament_python' and name 'picproc'
[0.419s] Level 1:colcon.colcon_core.package_identification:_identify(ros2_ws) by extensions ['ignore', 'ignore_ament_install']
[0.419s] Level 1:colcon.colcon_core.package_identification:_identify(ros2_ws) by extension 'ignore'
[0.419s] Level 1:colcon.colcon_core.package_identification:_identify(ros2_ws) by extension 'ignore_ament_install'
[0.419s] Level 1:colcon.colcon_core.package_identification:_identify(ros2_ws) by extensions ['colcon_pkg']
[0.419s] Level 1:colcon.colcon_core.package_identification:_identify(ros2_ws) by extension 'colcon_pkg'
[0.419s] Level 1:colcon.colcon_core.package_identification:_identify(ros2_ws) by extensions ['colcon_meta']
[0.419s] Level 1:colcon.colcon_core.package_identification:_identify(ros2_ws) by extension 'colcon_meta'
[0.419s] Level 1:colcon.colcon_core.package_identification:_identify(ros2_ws) by extensions ['ros']
[0.419s] Level 1:colcon.colcon_core.package_identification:_identify(ros2_ws) by extension 'ros'
[0.419s] Level 1:colcon.colcon_core.package_identification:_identify(ros2_ws) by extensions ['cmake', 'python']
[0.419s] Level 1:colcon.colcon_core.package_identification:_identify(ros2_ws) by extension 'cmake'
[0.419s] Level 1:colcon.colcon_core.package_identification:_identify(ros2_ws) by extension 'python'
[0.419s] Level 1:colcon.colcon_core.package_identification:_identify(ros2_ws) by extensions ['python_setup_py']
[0.420s] Level 1:colcon.colcon_core.package_identification:_identify(ros2_ws) by extension 'python_setup_py'
[0.420s] Level 1:colcon.colcon_core.package_identification:_identify(ros2_ws/build) by extensions ['ignore', 'ignore_ament_install']
[0.420s] Level 1:colcon.colcon_core.package_identification:_identify(ros2_ws/build) by extension 'ignore'
[0.420s] Level 1:colcon.colcon_core.package_identification:_identify(ros2_ws/build) ignored
[0.420s] Level 1:colcon.colcon_core.package_identification:_identify(ros2_ws/install) by extensions ['ignore', 'ignore_ament_install']
[0.420s] Level 1:colcon.colcon_core.package_identification:_identify(ros2_ws/install) by extension 'ignore'
[0.420s] Level 1:colcon.colcon_core.package_identification:_identify(ros2_ws/install) ignored
[0.420s] Level 1:colcon.colcon_core.package_identification:_identify(ros2_ws/log) by extensions ['ignore', 'ignore_ament_install']
[0.420s] Level 1:colcon.colcon_core.package_identification:_identify(ros2_ws/log) by extension 'ignore'
[0.420s] Level 1:colcon.colcon_core.package_identification:_identify(ros2_ws/log) ignored
[0.420s] Level 1:colcon.colcon_core.package_identification:_identify(ros2_ws/src) by extensions ['ignore', 'ignore_ament_install']
[0.421s] Level 1:colcon.colcon_core.package_identification:_identify(ros2_ws/src) by extension 'ignore'
[0.421s] Level 1:colcon.colcon_core.package_identification:_identify(ros2_ws/src) by extension 'ignore_ament_install'
[0.421s] Level 1:colcon.colcon_core.package_identification:_identify(ros2_ws/src) by extensions ['colcon_pkg']
[0.421s] Level 1:colcon.colcon_core.package_identification:_identify(ros2_ws/src) by extension 'colcon_pkg'
[0.421s] Level 1:colcon.colcon_core.package_identification:_identify(ros2_ws/src) by extensions ['colcon_meta']
[0.421s] Level 1:colcon.colcon_core.package_identification:_identify(ros2_ws/src) by extension 'colcon_meta'
[0.421s] Level 1:colcon.colcon_core.package_identification:_identify(ros2_ws/src) by extensions ['ros']
[0.421s] Level 1:colcon.colcon_core.package_identification:_identify(ros2_ws/src) by extension 'ros'
[0.421s] Level 1:colcon.colcon_core.package_identification:_identify(ros2_ws/src) by extensions ['cmake', 'python']
[0.421s] Level 1:colcon.colcon_core.package_identification:_identify(ros2_ws/src) by extension 'cmake'
[0.421s] Level 1:colcon.colcon_core.package_identification:_identify(ros2_ws/src) by extension 'python'
[0.421s] Level 1:colcon.colcon_core.package_identification:_identify(ros2_ws/src) by extensions ['python_setup_py']
[0.421s] Level 1:colcon.colcon_core.package_identification:_identify(ros2_ws/src) by extension 'python_setup_py'
[0.421s] Level 1:colcon.colcon_core.package_identification:_identify(ros2_ws/src/talker_listener) by extensions ['ignore', 'ignore_ament_install']
[0.421s] Level 1:colcon.colcon_core.package_identification:_identify(ros2_ws/src/talker_listener) by extension 'ignore'
[0.421s] Level 1:colcon.colcon_core.package_identification:_identify(ros2_ws/src/talker_listener) by extension 'ignore_ament_install'
[0.422s] Level 1:colcon.colcon_core.package_identification:_identify(ros2_ws/src/talker_listener) by extensions ['colcon_pkg']
[0.422s] Level 1:colcon.colcon_core.package_identification:_identify(ros2_ws/src/talker_listener) by extension 'colcon_pkg'
[0.422s] Level 1:colcon.colcon_core.package_identification:_identify(ros2_ws/src/talker_listener) by extensions ['colcon_meta']
[0.422s] Level 1:colcon.colcon_core.package_identification:_identify(ros2_ws/src/talker_listener) by extension 'colcon_meta'
[0.422s] Level 1:colcon.colcon_core.package_identification:_identify(ros2_ws/src/talker_listener) by extensions ['ros']
[0.422s] Level 1:colcon.colcon_core.package_identification:_identify(ros2_ws/src/talker_listener) by extension 'ros'
[0.423s] DEBUG:colcon.colcon_core.package_identification:Package 'ros2_ws/src/talker_listener' with type 'ros.ament_python' and name 'talker_listener'
[0.423s] Level 1:colcon.colcon_core.package_discovery:discover_packages(recursive) using defaults
[0.424s] Level 1:colcon.colcon_core.package_discovery:discover_packages(ignore) discover
[0.424s] Level 1:colcon.colcon_core.package_discovery:discover_packages(ignore) using defaults
[0.424s] Level 1:colcon.colcon_core.package_discovery:discover_packages(path) discover
[0.424s] Level 1:colcon.colcon_core.package_discovery:discover_packages(path) using defaults
[0.455s] Level 1:colcon.colcon_core.package_discovery:discover_packages(prefix_path) check parameters
[0.455s] Level 1:colcon.colcon_core.package_discovery:discover_packages(prefix_path) discover
[0.459s] DEBUG:colcon.colcon_installed_package_information.package_discovery:Found 0 installed packages in /home/user/colcon_ws/install
[0.461s] DEBUG:colcon.colcon_installed_package_information.package_discovery:Found 332 installed packages in /opt/ros/foxy
[0.462s] Level 1:colcon.colcon_core.package_discovery:discover_packages(prefix_path) using defaults
[0.541s] Level 5:colcon.colcon_core.verb:set package 'picproc' build argument 'cmake_args' from command line to 'None'
[0.541s] Level 5:colcon.colcon_core.verb:set package 'picproc' build argument 'cmake_target' from command line to 'None'
[0.541s] Level 5:colcon.colcon_core.verb:set package 'picproc' build argument 'cmake_target_skip_unavailable' from command line to 'False'
[0.541s] Level 5:colcon.colcon_core.verb:set package 'picproc' build argument 'cmake_clean_cache' from command line to 'False'
[0.542s] Level 5:colcon.colcon_core.verb:set package 'picproc' build argument 'cmake_clean_first' from command line to 'False'
[0.542s] Level 5:colcon.colcon_core.verb:set package 'picproc' build argument 'cmake_force_configure' from command line to 'False'
[0.542s] Level 5:colcon.colcon_core.verb:set package 'picproc' build argument 'ament_cmake_args' from command line to 'None'
[0.542s] Level 5:colcon.colcon_core.verb:set package 'picproc' build argument 'catkin_cmake_args' from command line to 'None'
[0.542s] Level 5:colcon.colcon_core.verb:set package 'picproc' build argument 'catkin_skip_building_tests' from command line to 'False'
[0.542s] DEBUG:colcon.colcon_core.verb:Building package 'picproc' with the following arguments: {'ament_cmake_args': None, 'build_base': '/home/user/AutoSys-TurtlebotRos2/build/picproc', 'catkin_cmake_args': None, 'catkin_skip_building_tests': False, 'cmake_args': None, 'cmake_clean_cache': False, 'cmake_clean_first': False, 'cmake_force_configure': False, 'cmake_target': None, 'cmake_target_skip_unavailable': False, 'install_base': '/home/user/AutoSys-TurtlebotRos2/install/picproc', 'merge_install': False, 'path': '/home/user/AutoSys-TurtlebotRos2/picproc_ws/src/picproc', 'symlink_install': False, 'test_result_base': None}
[0.543s] Level 5:colcon.colcon_core.verb:set package 'talker_listener' build argument 'cmake_args' from command line to 'None'
[0.543s] Level 5:colcon.colcon_core.verb:set package 'talker_listener' build argument 'cmake_target' from command line to 'None'
[0.543s] Level 5:colcon.colcon_core.verb:set package 'talker_listener' build argument 'cmake_target_skip_unavailable' from command line to 'False'
[0.543s] Level 5:colcon.colcon_core.verb:set package 'talker_listener' build argument 'cmake_clean_cache' from command line to 'False'
[0.543s] Level 5:colcon.colcon_core.verb:set package 'talker_listener' build argument 'cmake_clean_first' from command line to 'False'
[0.543s] Level 5:colcon.colcon_core.verb:set package 'talker_listener' build argument 'cmake_force_configure' from command line to 'False'
[0.543s] Level 5:colcon.colcon_core.verb:set package 'talker_listener' build argument 'ament_cmake_args' from command line to 'None'
[0.543s] Level 5:colcon.colcon_core.verb:set package 'talker_listener' build argument 'catkin_cmake_args' from command line to 'None'
[0.543s] Level 5:colcon.colcon_core.verb:set package 'talker_listener' build argument 'catkin_skip_building_tests' from command line to 'False'
[0.543s] DEBUG:colcon.colcon_core.verb:Building package 'talker_listener' with the following arguments: {'ament_cmake_args': None, 'build_base': '/home/user/AutoSys-TurtlebotRos2/build/talker_listener', 'catkin_cmake_args': None, 'catkin_skip_building_tests': False, 'cmake_args': None, 'cmake_clean_cache': False, 'cmake_clean_first': False, 'cmake_force_configure': False, 'cmake_target': None, 'cmake_target_skip_unavailable': False, 'install_base': '/home/user/AutoSys-TurtlebotRos2/install/talker_listener', 'merge_install': False, 'path': '/home/user/AutoSys-TurtlebotRos2/ros2_ws/src/talker_listener', 'symlink_install': False, 'test_result_base': None}
[0.544s] INFO:colcon.colcon_core.executor:Executing jobs using 'parallel' executor
[0.547s] DEBUG:colcon.colcon_parallel_executor.executor.parallel:run_until_complete
[0.548s] INFO:colcon.colcon_ros.task.ament_python.build:Building ROS package in '/home/user/AutoSys-TurtlebotRos2/picproc_ws/src/picproc' with build type 'ament_python'
[0.548s] Level 1:colcon.colcon_core.shell:create_environment_hook('picproc', 'ament_prefix_path')
[0.559s] INFO:colcon.colcon_core.plugin_system:Skipping extension 'colcon_core.shell.bat': Not used on non-Windows systems
[0.559s] INFO:colcon.colcon_core.shell:Creating environment hook '/home/user/AutoSys-TurtlebotRos2/install/picproc/share/picproc/hook/ament_prefix_path.ps1'
[0.561s] INFO:colcon.colcon_core.shell:Creating environment descriptor '/home/user/AutoSys-TurtlebotRos2/install/picproc/share/picproc/hook/ament_prefix_path.dsv'
[0.563s] INFO:colcon.colcon_core.shell:Creating environment hook '/home/user/AutoSys-TurtlebotRos2/install/picproc/share/picproc/hook/ament_prefix_path.sh'
[0.564s] INFO:colcon.colcon_core.shell:Skip shell extension 'powershell' for command environment: Not usable outside of PowerShell
[0.564s] DEBUG:colcon.colcon_core.shell:Skip shell extension 'dsv' for command environment
[0.569s] INFO:colcon.colcon_ros.task.ament_python.build:Building ROS package in '/home/user/AutoSys-TurtlebotRos2/ros2_ws/src/talker_listener' with build type 'ament_python'
[0.569s] Level 1:colcon.colcon_core.shell:create_environment_hook('talker_listener', 'ament_prefix_path')
[0.571s] INFO:colcon.colcon_core.shell:Creating environment hook '/home/user/AutoSys-TurtlebotRos2/install/talker_listener/share/talker_listener/hook/ament_prefix_path.ps1'
[0.572s] INFO:colcon.colcon_core.shell:Creating environment descriptor '/home/user/AutoSys-TurtlebotRos2/install/talker_listener/share/talker_listener/hook/ament_prefix_path.dsv'
[0.573s] INFO:colcon.colcon_core.shell:Creating environment hook '/home/user/AutoSys-TurtlebotRos2/install/talker_listener/share/talker_listener/hook/ament_prefix_path.sh'
[0.574s] INFO:colcon.colcon_core.shell:Skip shell extension 'powershell' for command environment: Not usable outside of PowerShell
[0.574s] DEBUG:colcon.colcon_core.shell:Skip shell extension 'dsv' for command environment
[0.748s] INFO:colcon.colcon_core.task.python.build:Building Python package in '/home/user/AutoSys-TurtlebotRos2/picproc_ws/src/picproc'
[0.749s] INFO:colcon.colcon_core.shell:Skip shell extension 'powershell' for command environment: Not usable outside of PowerShell
[0.749s] DEBUG:colcon.colcon_core.shell:Skip shell extension 'dsv' for command environment
[0.934s] INFO:colcon.colcon_core.task.python.build:Building Python package in '/home/user/AutoSys-TurtlebotRos2/ros2_ws/src/talker_listener'
[0.936s] INFO:colcon.colcon_core.shell:Skip shell extension 'powershell' for command environment: Not usable outside of PowerShell
[0.936s] DEBUG:colcon.colcon_core.shell:Skip shell extension 'dsv' for command environment
[1.344s] DEBUG:colcon.colcon_core.event_handler.log_command:Invoking command in '/home/user/AutoSys-TurtlebotRos2/ros2_ws/src/talker_listener': PYTHONPATH=/home/user/AutoSys-TurtlebotRos2/build/talker_listener/prefix_override:/home/user/AutoSys-TurtlebotRos2/install/talker_listener/lib/python3.8/site-packages:${PYTHONPATH} /usr/bin/python3 setup.py egg_info --egg-base ../../../build/talker_listener build --build-base /home/user/AutoSys-TurtlebotRos2/build/talker_listener/build install --record /home/user/AutoSys-TurtlebotRos2/build/talker_listener/install.log --install-scripts $base/lib/talker_listener --single-version-externally-managed
[1.348s] DEBUG:colcon.colcon_core.event_handler.log_command:Invoking command in '/home/user/AutoSys-TurtlebotRos2/picproc_ws/src/picproc': PYTHONPATH=/home/user/AutoSys-TurtlebotRos2/build/picproc/prefix_override:/home/user/AutoSys-TurtlebotRos2/install/picproc/lib/python3.8/site-packages:${PYTHONPATH} /usr/bin/python3 setup.py egg_info --egg-base ../../../build/picproc build --build-base /home/user/AutoSys-TurtlebotRos2/build/picproc/build install --record /home/user/AutoSys-TurtlebotRos2/build/picproc/install.log --install-scripts $base/lib/picproc --single-version-externally-managed
[1.587s] DEBUG:colcon.colcon_core.event_handler.log_command:Invoked command in '/home/user/AutoSys-TurtlebotRos2/picproc_ws/src/picproc' returned '0': PYTHONPATH=/home/user/AutoSys-TurtlebotRos2/build/picproc/prefix_override:/home/user/AutoSys-TurtlebotRos2/install/picproc/lib/python3.8/site-packages:${PYTHONPATH} /usr/bin/python3 setup.py egg_info --egg-base ../../../build/picproc build --build-base /home/user/AutoSys-TurtlebotRos2/build/picproc/build install --record /home/user/AutoSys-TurtlebotRos2/build/picproc/install.log --install-scripts $base/lib/picproc --single-version-externally-managed
[1.599s] Level 1:colcon.colcon_core.environment:checking '/home/user/AutoSys-TurtlebotRos2/install/picproc' for CMake module files
[1.600s] Level 1:colcon.colcon_core.environment:checking '/home/user/AutoSys-TurtlebotRos2/install/picproc' for CMake config files
[1.600s] Level 1:colcon.colcon_core.environment:checking '/home/user/AutoSys-TurtlebotRos2/install/picproc/lib'
[1.601s] Level 1:colcon.colcon_core.environment:checking '/home/user/AutoSys-TurtlebotRos2/install/picproc/bin'
[1.601s] Level 1:colcon.colcon_core.environment:checking '/home/user/AutoSys-TurtlebotRos2/install/picproc/lib/pkgconfig/picproc.pc'
[1.601s] Level 1:colcon.colcon_core.environment:checking '/home/user/AutoSys-TurtlebotRos2/install/picproc/lib/python3.8/site-packages'
[1.601s] Level 1:colcon.colcon_core.shell:create_environment_hook('picproc', 'pythonpath')
[1.602s] INFO:colcon.colcon_core.shell:Creating environment hook '/home/user/AutoSys-TurtlebotRos2/install/picproc/share/picproc/hook/pythonpath.ps1'
[1.602s] INFO:colcon.colcon_core.shell:Creating environment descriptor '/home/user/AutoSys-TurtlebotRos2/install/picproc/share/picproc/hook/pythonpath.dsv'
[1.603s] INFO:colcon.colcon_core.shell:Creating environment hook '/home/user/AutoSys-TurtlebotRos2/install/picproc/share/picproc/hook/pythonpath.sh'
[1.603s] Level 1:colcon.colcon_core.environment:checking '/home/user/AutoSys-TurtlebotRos2/install/picproc/bin'
[1.603s] Level 1:colcon.colcon_core.environment:create_environment_scripts_only(picproc)
[1.604s] INFO:colcon.colcon_core.shell:Creating package script '/home/user/AutoSys-TurtlebotRos2/install/picproc/share/picproc/package.ps1'
[1.605s] INFO:colcon.colcon_core.shell:Creating package descriptor '/home/user/AutoSys-TurtlebotRos2/install/picproc/share/picproc/package.dsv'
[1.606s] INFO:colcon.colcon_core.shell:Creating package script '/home/user/AutoSys-TurtlebotRos2/install/picproc/share/picproc/package.sh'
[1.607s] INFO:colcon.colcon_core.shell:Creating package script '/home/user/AutoSys-TurtlebotRos2/install/picproc/share/picproc/package.bash'
[1.608s] INFO:colcon.colcon_core.shell:Creating package script '/home/user/AutoSys-TurtlebotRos2/install/picproc/share/picproc/package.zsh'
[1.609s] Level 1:colcon.colcon_core.environment:create_file_with_runtime_dependencies(/home/user/AutoSys-TurtlebotRos2/install/picproc/share/colcon-core/packages/picproc)
[1.613s] Level 1:colcon.colcon_core.environment:checking '/home/user/AutoSys-TurtlebotRos2/install/talker_listener' for CMake module files
[1.614s] Level 1:colcon.colcon_core.environment:checking '/home/user/AutoSys-TurtlebotRos2/install/talker_listener' for CMake config files
[1.614s] DEBUG:colcon.colcon_core.event_handler.log_command:Invoked command in '/home/user/AutoSys-TurtlebotRos2/ros2_ws/src/talker_listener' returned '0': PYTHONPATH=/home/user/AutoSys-TurtlebotRos2/build/talker_listener/prefix_override:/home/user/AutoSys-TurtlebotRos2/install/talker_listener/lib/python3.8/site-packages:${PYTHONPATH} /usr/bin/python3 setup.py egg_info --egg-base ../../../build/talker_listener build --build-base /home/user/AutoSys-TurtlebotRos2/build/talker_listener/build install --record /home/user/AutoSys-TurtlebotRos2/build/talker_listener/install.log --install-scripts $base/lib/talker_listener --single-version-externally-managed
[1.614s] Level 1:colcon.colcon_core.environment:checking '/home/user/AutoSys-TurtlebotRos2/install/talker_listener/lib'
[1.615s] Level 1:colcon.colcon_core.environment:checking '/home/user/AutoSys-TurtlebotRos2/install/talker_listener/bin'
[1.615s] Level 1:colcon.colcon_core.environment:checking '/home/user/AutoSys-TurtlebotRos2/install/talker_listener/lib/pkgconfig/talker_listener.pc'
[1.615s] Level 1:colcon.colcon_core.environment:checking '/home/user/AutoSys-TurtlebotRos2/install/talker_listener/lib/python3.8/site-packages'
[1.615s] Level 1:colcon.colcon_core.shell:create_environment_hook('talker_listener', 'pythonpath')
[1.616s] INFO:colcon.colcon_core.shell:Creating environment hook '/home/user/AutoSys-TurtlebotRos2/install/talker_listener/share/talker_listener/hook/pythonpath.ps1'
[1.616s] INFO:colcon.colcon_core.shell:Creating environment descriptor '/home/user/AutoSys-TurtlebotRos2/install/talker_listener/share/talker_listener/hook/pythonpath.dsv'
[1.617s] INFO:colcon.colcon_core.shell:Creating environment hook '/home/user/AutoSys-TurtlebotRos2/install/talker_listener/share/talker_listener/hook/pythonpath.sh'
[1.617s] Level 1:colcon.colcon_core.environment:checking '/home/user/AutoSys-TurtlebotRos2/install/talker_listener/bin'
[1.617s] Level 1:colcon.colcon_core.environment:create_environment_scripts_only(talker_listener)
[1.618s] INFO:colcon.colcon_core.shell:Creating package script '/home/user/AutoSys-TurtlebotRos2/install/talker_listener/share/talker_listener/package.ps1'
[1.618s] INFO:colcon.colcon_core.shell:Creating package descriptor '/home/user/AutoSys-TurtlebotRos2/install/talker_listener/share/talker_listener/package.dsv'
[1.619s] INFO:colcon.colcon_core.shell:Creating package script '/home/user/AutoSys-TurtlebotRos2/install/talker_listener/share/talker_listener/package.sh'
[1.619s] INFO:colcon.colcon_core.shell:Creating package script '/home/user/AutoSys-TurtlebotRos2/install/talker_listener/share/talker_listener/package.bash'
[1.619s] INFO:colcon.colcon_core.shell:Creating package script '/home/user/AutoSys-TurtlebotRos2/install/talker_listener/share/talker_listener/package.zsh'
[1.620s] Level 1:colcon.colcon_core.environment:create_file_with_runtime_dependencies(/home/user/AutoSys-TurtlebotRos2/install/talker_listener/share/colcon-core/packages/talker_listener)
[1.620s] DEBUG:colcon.colcon_parallel_executor.executor.parallel:closing loop
[1.621s] DEBUG:colcon.colcon_parallel_executor.executor.parallel:loop closed
[1.621s] DEBUG:colcon.colcon_parallel_executor.executor.parallel:run_until_complete finished with '0'
[1.621s] DEBUG:colcon.colcon_core.event_reactor:joining thread
[1.697s] INFO:colcon.colcon_core.plugin_system:Skipping extension 'colcon_notification.desktop_notification.notify_send': Could not find 'notify-send'
[1.697s] INFO:colcon.colcon_core.plugin_system:Skipping extension 'colcon_notification.desktop_notification.terminal_notifier': Not used on non-Darwin systems
[1.697s] INFO:colcon.colcon_core.plugin_system:Skipping extension 'colcon_notification.desktop_notification.win32': Not used on non-Windows systems
[1.697s] INFO:colcon.colcon_notification.desktop_notification:Sending desktop notification using 'notify2'
[1.725s] DEBUG:colcon.colcon_notification.desktop_notification.notify2:Failed to initialize notify2: org.freedesktop.DBus.Error.ServiceUnknown: The name org.freedesktop.Notifications was not provided by any .service files
[1.725s] DEBUG:colcon.colcon_core.event_reactor:joined thread
[1.726s] INFO:colcon.colcon_core.shell:Creating prefix script '/home/user/AutoSys-TurtlebotRos2/install/local_setup.ps1'
[1.728s] INFO:colcon.colcon_core.shell:Creating prefix util module '/home/user/AutoSys-TurtlebotRos2/install/_local_setup_util_ps1.py'
[1.729s] INFO:colcon.colcon_core.shell:Creating prefix chain script '/home/user/AutoSys-TurtlebotRos2/install/setup.ps1'
[1.730s] INFO:colcon.colcon_core.shell:Creating prefix script '/home/user/AutoSys-TurtlebotRos2/install/local_setup.sh'
[1.731s] INFO:colcon.colcon_core.shell:Creating prefix util module '/home/user/AutoSys-TurtlebotRos2/install/_local_setup_util_sh.py'
[1.731s] INFO:colcon.colcon_core.shell:Creating prefix chain script '/home/user/AutoSys-TurtlebotRos2/install/setup.sh'
[1.732s] INFO:colcon.colcon_core.shell:Creating prefix script '/home/user/AutoSys-TurtlebotRos2/install/local_setup.bash'
[1.733s] INFO:colcon.colcon_core.shell:Creating prefix chain script '/home/user/AutoSys-TurtlebotRos2/install/setup.bash'
[1.735s] INFO:colcon.colcon_core.shell:Creating prefix script '/home/user/AutoSys-TurtlebotRos2/install/local_setup.zsh'
[1.735s] INFO:colcon.colcon_core.shell:Creating prefix chain script '/home/user/AutoSys-TurtlebotRos2/install/setup.zsh'
