[6.268s] Invoking command in '/home/ubuntu/AutoSys-TurtlebotRos2/picproc_ws/src/picproc': PYTHONPATH=/home/ubuntu/AutoSys-TurtlebotRos2/picproc_ws/install/picproc/lib/python3.8/site-packages:${PYTHONPATH} /usr/bin/python3 setup.py egg_info --egg-base ../../build/picproc build --build-base /home/ubuntu/AutoSys-TurtlebotRos2/picproc_ws/build/picproc/build install --prefix /home/ubuntu/AutoSys-TurtlebotRos2/picproc_ws/install/picproc --record /home/ubuntu/AutoSys-TurtlebotRos2/picproc_ws/build/picproc/install.log --single-version-externally-managed
[7.768s] running egg_info
[7.770s] writing ../../build/picproc/picproc.egg-info/PKG-INFO
[7.772s] writing dependency_links to ../../build/picproc/picproc.egg-info/dependency_links.txt
[7.773s] writing entry points to ../../build/picproc/picproc.egg-info/entry_points.txt
[7.774s] writing requirements to ../../build/picproc/picproc.egg-info/requires.txt
[7.775s] writing top-level names to ../../build/picproc/picproc.egg-info/top_level.txt
[7.949s] reading manifest file '../../build/picproc/picproc.egg-info/SOURCES.txt'
[7.955s] writing manifest file '../../build/picproc/picproc.egg-info/SOURCES.txt'
[7.956s] running build
[7.957s] running build_py
[7.958s] running install
[7.963s] running install_lib
[7.971s] running install_data
[7.980s] running install_egg_info
[7.985s] removing '/home/ubuntu/AutoSys-TurtlebotRos2/picproc_ws/install/picproc/lib/python3.8/site-packages/picproc-0.0.0-py3.8.egg-info' (and everything under it)
[7.991s] Copying ../../build/picproc/picproc.egg-info to /home/ubuntu/AutoSys-TurtlebotRos2/picproc_ws/install/picproc/lib/python3.8/site-packages/picproc-0.0.0-py3.8.egg-info
[7.997s] running install_scripts
[8.083s] Installing picproc_node script to /home/ubuntu/AutoSys-TurtlebotRos2/picproc_ws/install/picproc/lib/picproc
[8.086s] writing list of installed files to '/home/ubuntu/AutoSys-TurtlebotRos2/picproc_ws/build/picproc/install.log'
[8.212s] Invoked command in '/home/ubuntu/AutoSys-TurtlebotRos2/picproc_ws/src/picproc' returned '0': PYTHONPATH=/home/ubuntu/AutoSys-TurtlebotRos2/picproc_ws/install/picproc/lib/python3.8/site-packages:${PYTHONPATH} /usr/bin/python3 setup.py egg_info --egg-base ../../build/picproc build --build-base /home/ubuntu/AutoSys-TurtlebotRos2/picproc_ws/build/picproc/build install --prefix /home/ubuntu/AutoSys-TurtlebotRos2/picproc_ws/install/picproc --record /home/ubuntu/AutoSys-TurtlebotRos2/picproc_ws/build/picproc/install.log --single-version-externally-managed
