[0.545s] Invoking command in '/home/user/AutoSys-TurtlebotRos2/picproc_ws/src/picproc': PYTHONPATH=/home/user/AutoSys-TurtlebotRos2/picproc_ws/build/picproc/prefix_override:/home/user/AutoSys-TurtlebotRos2/picproc_ws/install/picproc/lib/python3.8/site-packages:${PYTHONPATH} /usr/bin/python3 setup.py egg_info --egg-base ../../build/picproc build --build-base /home/user/AutoSys-TurtlebotRos2/picproc_ws/build/picproc/build install --record /home/user/AutoSys-TurtlebotRos2/picproc_ws/build/picproc/install.log --install-scripts $base/lib/picproc --single-version-externally-managed
[0.716s] running egg_info
[0.717s] writing ../../build/picproc/picproc.egg-info/PKG-INFO
[0.717s] writing dependency_links to ../../build/picproc/picproc.egg-info/dependency_links.txt
[0.717s] writing entry points to ../../build/picproc/picproc.egg-info/entry_points.txt
[0.718s] writing requirements to ../../build/picproc/picproc.egg-info/requires.txt
[0.718s] writing top-level names to ../../build/picproc/picproc.egg-info/top_level.txt
[0.745s] reading manifest file '../../build/picproc/picproc.egg-info/SOURCES.txt'
[0.746s] writing manifest file '../../build/picproc/picproc.egg-info/SOURCES.txt'
[0.746s] running build
[0.746s] running build_py
[0.746s] copying picproc/picproc_node.py -> /home/user/AutoSys-TurtlebotRos2/picproc_ws/build/picproc/build/lib/picproc
[0.747s] running install
[0.747s] running install_lib
[0.748s] copying /home/user/AutoSys-TurtlebotRos2/picproc_ws/build/picproc/build/lib/picproc/picproc_node.py -> /home/user/AutoSys-TurtlebotRos2/picproc_ws/install/picproc/lib/python3.8/site-packages/picproc
[0.748s] byte-compiling /home/user/AutoSys-TurtlebotRos2/picproc_ws/install/picproc/lib/python3.8/site-packages/picproc/picproc_node.py to picproc_node.cpython-38.pyc
[0.750s] running install_data
[0.750s] running install_egg_info
[0.751s] removing '/home/user/AutoSys-TurtlebotRos2/picproc_ws/install/picproc/lib/python3.8/site-packages/picproc-0.0.0-py3.8.egg-info' (and everything under it)
[0.752s] Copying ../../build/picproc/picproc.egg-info to /home/user/AutoSys-TurtlebotRos2/picproc_ws/install/picproc/lib/python3.8/site-packages/picproc-0.0.0-py3.8.egg-info
[0.753s] running install_scripts
[0.766s] Installing picproc_node script to /home/user/AutoSys-TurtlebotRos2/picproc_ws/install/picproc/lib/picproc
[0.767s] writing list of installed files to '/home/user/AutoSys-TurtlebotRos2/picproc_ws/build/picproc/install.log'
[0.784s] Invoked command in '/home/user/AutoSys-TurtlebotRos2/picproc_ws/src/picproc' returned '0': PYTHONPATH=/home/user/AutoSys-TurtlebotRos2/picproc_ws/build/picproc/prefix_override:/home/user/AutoSys-TurtlebotRos2/picproc_ws/install/picproc/lib/python3.8/site-packages:${PYTHONPATH} /usr/bin/python3 setup.py egg_info --egg-base ../../build/picproc build --build-base /home/user/AutoSys-TurtlebotRos2/picproc_ws/build/picproc/build install --record /home/user/AutoSys-TurtlebotRos2/picproc_ws/build/picproc/install.log --install-scripts $base/lib/picproc --single-version-externally-managed
