[0.786s] Invoking command in '/home/user/AutoSys-TurtlebotRos2/picproc_ws/src/picproc': PYTHONPATH=/home/user/AutoSys-TurtlebotRos2/picproc_ws/build/picproc/prefix_override:/home/user/AutoSys-TurtlebotRos2/picproc_ws/install/picproc/lib/python3.8/site-packages:${PYTHONPATH} /usr/bin/python3 setup.py egg_info --egg-base ../../build/picproc build --build-base /home/user/AutoSys-TurtlebotRos2/picproc_ws/build/picproc/build install --record /home/user/AutoSys-TurtlebotRos2/picproc_ws/build/picproc/install.log --install-scripts $base/lib/picproc --single-version-externally-managed
[0.993s] running egg_info
[0.994s] writing ../../build/picproc/picproc.egg-info/PKG-INFO
[0.994s] writing dependency_links to ../../build/picproc/picproc.egg-info/dependency_links.txt
[0.995s] writing entry points to ../../build/picproc/picproc.egg-info/entry_points.txt
[0.995s] writing requirements to ../../build/picproc/picproc.egg-info/requires.txt
[0.995s] writing top-level names to ../../build/picproc/picproc.egg-info/top_level.txt
[1.027s] reading manifest file '../../build/picproc/picproc.egg-info/SOURCES.txt'
[1.028s] writing manifest file '../../build/picproc/picproc.egg-info/SOURCES.txt'
[1.028s] running build
[1.029s] running build_py
[1.029s] copying picproc/picproc_node.py -> /home/user/AutoSys-TurtlebotRos2/picproc_ws/build/picproc/build/lib/picproc
[1.029s] running install
[1.030s] running install_lib
[1.031s] copying /home/user/AutoSys-TurtlebotRos2/picproc_ws/build/picproc/build/lib/picproc/picproc_node.py -> /home/user/AutoSys-TurtlebotRos2/picproc_ws/install/picproc/lib/python3.8/site-packages/picproc
[1.032s] byte-compiling /home/user/AutoSys-TurtlebotRos2/picproc_ws/install/picproc/lib/python3.8/site-packages/picproc/picproc_node.py to picproc_node.cpython-38.pyc
[1.034s] running install_data
[1.034s] running install_egg_info
[1.036s] removing '/home/user/AutoSys-TurtlebotRos2/picproc_ws/install/picproc/lib/python3.8/site-packages/picproc-0.0.0-py3.8.egg-info' (and everything under it)
[1.037s] Copying ../../build/picproc/picproc.egg-info to /home/user/AutoSys-TurtlebotRos2/picproc_ws/install/picproc/lib/python3.8/site-packages/picproc-0.0.0-py3.8.egg-info
[1.038s] running install_scripts
[1.057s] Installing picproc_node script to /home/user/AutoSys-TurtlebotRos2/picproc_ws/install/picproc/lib/picproc
[1.057s] writing list of installed files to '/home/user/AutoSys-TurtlebotRos2/picproc_ws/build/picproc/install.log'
[1.088s] Invoked command in '/home/user/AutoSys-TurtlebotRos2/picproc_ws/src/picproc' returned '0': PYTHONPATH=/home/user/AutoSys-TurtlebotRos2/picproc_ws/build/picproc/prefix_override:/home/user/AutoSys-TurtlebotRos2/picproc_ws/install/picproc/lib/python3.8/site-packages:${PYTHONPATH} /usr/bin/python3 setup.py egg_info --egg-base ../../build/picproc build --build-base /home/user/AutoSys-TurtlebotRos2/picproc_ws/build/picproc/build install --record /home/user/AutoSys-TurtlebotRos2/picproc_ws/build/picproc/install.log --install-scripts $base/lib/picproc --single-version-externally-managed
