[3.404s] Invoking command in '/home/ubuntu/AutoSys-TurtlebotRos2/turtlebot3_ws/src/talker_listener': PYTHONPATH=/home/ubuntu/AutoSys-TurtlebotRos2/turtlebot3_ws/install/talker_listener/lib/python3.8/site-packages:${PYTHONPATH} /usr/bin/python3 setup.py egg_info --egg-base ../../build/talker_listener build --build-base /home/ubuntu/AutoSys-TurtlebotRos2/turtlebot3_ws/build/talker_listener/build install --prefix /home/ubuntu/AutoSys-TurtlebotRos2/turtlebot3_ws/install/talker_listener --record /home/ubuntu/AutoSys-TurtlebotRos2/turtlebot3_ws/build/talker_listener/install.log --single-version-externally-managed
[4.382s] running egg_info
[4.384s] creating ../../build/talker_listener/talker_listener.egg-info
[4.385s] writing ../../build/talker_listener/talker_listener.egg-info/PKG-INFO
[4.386s] writing dependency_links to ../../build/talker_listener/talker_listener.egg-info/dependency_links.txt
[4.387s] writing entry points to ../../build/talker_listener/talker_listener.egg-info/entry_points.txt
[4.388s] writing requirements to ../../build/talker_listener/talker_listener.egg-info/requires.txt
[4.388s] writing top-level names to ../../build/talker_listener/talker_listener.egg-info/top_level.txt
[4.396s] writing manifest file '../../build/talker_listener/talker_listener.egg-info/SOURCES.txt'
[4.543s] reading manifest file '../../build/talker_listener/talker_listener.egg-info/SOURCES.txt'
[4.547s] writing manifest file '../../build/talker_listener/talker_listener.egg-info/SOURCES.txt'
[4.548s] running build
[4.549s] running build_py
[4.549s] creating /home/ubuntu/AutoSys-TurtlebotRos2/turtlebot3_ws/build/talker_listener/build
[4.550s] creating /home/ubuntu/AutoSys-TurtlebotRos2/turtlebot3_ws/build/talker_listener/build/lib
[4.551s] creating /home/ubuntu/AutoSys-TurtlebotRos2/turtlebot3_ws/build/talker_listener/build/lib/talker_listener
[4.551s] copying talker_listener/__init__.py -> /home/ubuntu/AutoSys-TurtlebotRos2/turtlebot3_ws/build/talker_listener/build/lib/talker_listener
[4.552s] copying talker_listener/talker_node.py -> /home/ubuntu/AutoSys-TurtlebotRos2/turtlebot3_ws/build/talker_listener/build/lib/talker_listener
[4.552s] running install
[4.555s] running install_lib
[4.559s] creating /home/ubuntu/AutoSys-TurtlebotRos2/turtlebot3_ws/install/talker_listener/lib/python3.8/site-packages/talker_listener
[4.559s] copying /home/ubuntu/AutoSys-TurtlebotRos2/turtlebot3_ws/build/talker_listener/build/lib/talker_listener/__init__.py -> /home/ubuntu/AutoSys-TurtlebotRos2/turtlebot3_ws/install/talker_listener/lib/python3.8/site-packages/talker_listener
[4.560s] copying /home/ubuntu/AutoSys-TurtlebotRos2/turtlebot3_ws/build/talker_listener/build/lib/talker_listener/talker_node.py -> /home/ubuntu/AutoSys-TurtlebotRos2/turtlebot3_ws/install/talker_listener/lib/python3.8/site-packages/talker_listener
[4.562s] byte-compiling /home/ubuntu/AutoSys-TurtlebotRos2/turtlebot3_ws/install/talker_listener/lib/python3.8/site-packages/talker_listener/__init__.py to __init__.cpython-38.pyc
[4.567s] byte-compiling /home/ubuntu/AutoSys-TurtlebotRos2/turtlebot3_ws/install/talker_listener/lib/python3.8/site-packages/talker_listener/talker_node.py to talker_node.cpython-38.pyc
[4.569s] running install_data
[4.571s] creating /home/ubuntu/AutoSys-TurtlebotRos2/turtlebot3_ws/install/talker_listener/share/ament_index
[4.572s] creating /home/ubuntu/AutoSys-TurtlebotRos2/turtlebot3_ws/install/talker_listener/share/ament_index/resource_index
[4.572s] creating /home/ubuntu/AutoSys-TurtlebotRos2/turtlebot3_ws/install/talker_listener/share/ament_index/resource_index/packages
[4.573s] copying resource/talker_listener -> /home/ubuntu/AutoSys-TurtlebotRos2/turtlebot3_ws/install/talker_listener/share/ament_index/resource_index/packages
[4.573s] copying package.xml -> /home/ubuntu/AutoSys-TurtlebotRos2/turtlebot3_ws/install/talker_listener/share/talker_listener
[4.574s] running install_egg_info
[4.579s] Copying ../../build/talker_listener/talker_listener.egg-info to /home/ubuntu/AutoSys-TurtlebotRos2/turtlebot3_ws/install/talker_listener/lib/python3.8/site-packages/talker_listener-0.0.0-py3.8.egg-info
[4.585s] running install_scripts
[4.654s] Installing talker_node script to /home/ubuntu/AutoSys-TurtlebotRos2/turtlebot3_ws/install/talker_listener/lib/talker_listener
[4.656s] writing list of installed files to '/home/ubuntu/AutoSys-TurtlebotRos2/turtlebot3_ws/build/talker_listener/install.log'
[4.752s] Invoked command in '/home/ubuntu/AutoSys-TurtlebotRos2/turtlebot3_ws/src/talker_listener' returned '0': PYTHONPATH=/home/ubuntu/AutoSys-TurtlebotRos2/turtlebot3_ws/install/talker_listener/lib/python3.8/site-packages:${PYTHONPATH} /usr/bin/python3 setup.py egg_info --egg-base ../../build/talker_listener build --build-base /home/ubuntu/AutoSys-TurtlebotRos2/turtlebot3_ws/build/talker_listener/build install --prefix /home/ubuntu/AutoSys-TurtlebotRos2/turtlebot3_ws/install/talker_listener --record /home/ubuntu/AutoSys-TurtlebotRos2/turtlebot3_ws/build/talker_listener/install.log --single-version-externally-managed
