[4.692s] Invoking command in '/home/ubuntu/ros2_ws/src/talker_listener': PYTHONPATH=/home/ubuntu/ros2_ws/install/talker_listener/lib/python3.8/site-packages:${PYTHONPATH} /usr/bin/python3 setup.py egg_info --egg-base ../../build/talker_listener build --build-base /home/ubuntu/ros2_ws/build/talker_listener/build install --prefix /home/ubuntu/ros2_ws/install/talker_listener --record /home/ubuntu/ros2_ws/build/talker_listener/install.log --single-version-externally-managed
[5.926s] running egg_info
[5.929s] writing ../../build/talker_listener/talker_listener.egg-info/PKG-INFO
[5.931s] writing dependency_links to ../../build/talker_listener/talker_listener.egg-info/dependency_links.txt
[5.933s] writing entry points to ../../build/talker_listener/talker_listener.egg-info/entry_points.txt
[5.934s] writing requirements to ../../build/talker_listener/talker_listener.egg-info/requires.txt
[5.937s] writing top-level names to ../../build/talker_listener/talker_listener.egg-info/top_level.txt
[6.153s] reading manifest file '../../build/talker_listener/talker_listener.egg-info/SOURCES.txt'
[6.160s] writing manifest file '../../build/talker_listener/talker_listener.egg-info/SOURCES.txt'
[6.161s] running build
[6.162s] running build_py
[6.165s] running install
[6.169s] running install_lib
[6.180s] running install_data
[6.184s] running install_egg_info
[6.195s] removing '/home/ubuntu/ros2_ws/install/talker_listener/lib/python3.8/site-packages/talker_listener-0.0.0-py3.8.egg-info' (and everything under it)
[6.198s] Copying ../../build/talker_listener/talker_listener.egg-info to /home/ubuntu/ros2_ws/install/talker_listener/lib/python3.8/site-packages/talker_listener-0.0.0-py3.8.egg-info
[6.216s] running install_scripts
[6.349s] Installing follower script to /home/ubuntu/ros2_ws/install/talker_listener/lib/talker_listener
[6.349s] Installing talker_listener script to /home/ubuntu/ros2_ws/install/talker_listener/lib/talker_listener
[6.351s] writing list of installed files to '/home/ubuntu/ros2_ws/build/talker_listener/install.log'
[6.448s] Invoked command in '/home/ubuntu/ros2_ws/src/talker_listener' returned '0': PYTHONPATH=/home/ubuntu/ros2_ws/install/talker_listener/lib/python3.8/site-packages:${PYTHONPATH} /usr/bin/python3 setup.py egg_info --egg-base ../../build/talker_listener build --build-base /home/ubuntu/ros2_ws/build/talker_listener/build install --prefix /home/ubuntu/ros2_ws/install/talker_listener --record /home/ubuntu/ros2_ws/build/talker_listener/install.log --single-version-externally-managed
