[0.619s] Invoking command in '/home/user/AutoSys-TurtlebotRos2/ros2_ws/src/talker_listener': PYTHONPATH=/home/user/AutoSys-TurtlebotRos2/ros2_ws/build/talker_listener/prefix_override:/home/user/AutoSys-TurtlebotRos2/ros2_ws/install/talker_listener/lib/python3.8/site-packages:${PYTHONPATH} /usr/bin/python3 setup.py egg_info --egg-base ../../build/talker_listener build --build-base /home/user/AutoSys-TurtlebotRos2/ros2_ws/build/talker_listener/build install --record /home/user/AutoSys-TurtlebotRos2/ros2_ws/build/talker_listener/install.log --install-scripts $base/lib/talker_listener --single-version-externally-managed
[0.784s] running egg_info
[0.784s] writing ../../build/talker_listener/talker_listener.egg-info/PKG-INFO
[0.784s] writing dependency_links to ../../build/talker_listener/talker_listener.egg-info/dependency_links.txt
[0.785s] writing entry points to ../../build/talker_listener/talker_listener.egg-info/entry_points.txt
[0.785s] writing requirements to ../../build/talker_listener/talker_listener.egg-info/requires.txt
[0.785s] writing top-level names to ../../build/talker_listener/talker_listener.egg-info/top_level.txt
[0.817s] reading manifest file '../../build/talker_listener/talker_listener.egg-info/SOURCES.txt'
[0.820s] writing manifest file '../../build/talker_listener/talker_listener.egg-info/SOURCES.txt'
[0.820s] running build
[0.820s] running build_py
[0.820s] running install
[0.821s] running install_lib
[0.821s] running install_data
[0.822s] running install_egg_info
[0.823s] removing '/home/user/AutoSys-TurtlebotRos2/ros2_ws/install/talker_listener/lib/python3.8/site-packages/talker_listener-0.0.0-py3.8.egg-info' (and everything under it)
[0.824s] Copying ../../build/talker_listener/talker_listener.egg-info to /home/user/AutoSys-TurtlebotRos2/ros2_ws/install/talker_listener/lib/python3.8/site-packages/talker_listener-0.0.0-py3.8.egg-info
[0.825s] running install_scripts
[0.839s] Installing follower script to /home/user/AutoSys-TurtlebotRos2/ros2_ws/install/talker_listener/lib/talker_listener
[0.839s] Installing picture_publisher script to /home/user/AutoSys-TurtlebotRos2/ros2_ws/install/talker_listener/lib/talker_listener
[0.840s] Installing talker_listener script to /home/user/AutoSys-TurtlebotRos2/ros2_ws/install/talker_listener/lib/talker_listener
[0.840s] writing list of installed files to '/home/user/AutoSys-TurtlebotRos2/ros2_ws/build/talker_listener/install.log'
[0.857s] Invoked command in '/home/user/AutoSys-TurtlebotRos2/ros2_ws/src/talker_listener' returned '0': PYTHONPATH=/home/user/AutoSys-TurtlebotRos2/ros2_ws/build/talker_listener/prefix_override:/home/user/AutoSys-TurtlebotRos2/ros2_ws/install/talker_listener/lib/python3.8/site-packages:${PYTHONPATH} /usr/bin/python3 setup.py egg_info --egg-base ../../build/talker_listener build --build-base /home/user/AutoSys-TurtlebotRos2/ros2_ws/build/talker_listener/build install --record /home/user/AutoSys-TurtlebotRos2/ros2_ws/build/talker_listener/install.log --install-scripts $base/lib/talker_listener --single-version-externally-managed
