[4.675s] Invoking command in '/home/ubuntu/AutoSys-TurtlebotRos2/ros2_ws/src/talker_listener': PYTHONPATH=/home/ubuntu/AutoSys-TurtlebotRos2/ros2_ws/install/talker_listener/lib/python3.8/site-packages:${PYTHONPATH} /usr/bin/python3 setup.py egg_info --egg-base ../../build/talker_listener build --build-base /home/ubuntu/AutoSys-TurtlebotRos2/ros2_ws/build/talker_listener/build install --prefix /home/ubuntu/AutoSys-TurtlebotRos2/ros2_ws/install/talker_listener --record /home/ubuntu/AutoSys-TurtlebotRos2/ros2_ws/build/talker_listener/install.log --single-version-externally-managed
[6.284s] running egg_info
[6.288s] writing ../../build/talker_listener/talker_listener.egg-info/PKG-INFO
[6.290s] writing dependency_links to ../../build/talker_listener/talker_listener.egg-info/dependency_links.txt
[6.293s] writing entry points to ../../build/talker_listener/talker_listener.egg-info/entry_points.txt
[6.299s] writing requirements to ../../build/talker_listener/talker_listener.egg-info/requires.txt
[6.303s] writing top-level names to ../../build/talker_listener/talker_listener.egg-info/top_level.txt
[6.582s] reading manifest file '../../build/talker_listener/talker_listener.egg-info/SOURCES.txt'
[6.591s] writing manifest file '../../build/talker_listener/talker_listener.egg-info/SOURCES.txt'
[6.595s] running build
[6.597s] running build_py
[6.602s] running install
[6.612s] running install_lib
[6.625s] running install_data
[6.629s] running install_egg_info
[6.639s] removing '/home/ubuntu/AutoSys-TurtlebotRos2/ros2_ws/install/talker_listener/lib/python3.8/site-packages/talker_listener-0.0.0-py3.8.egg-info' (and everything under it)
[6.648s] Copying ../../build/talker_listener/talker_listener.egg-info to /home/ubuntu/AutoSys-TurtlebotRos2/ros2_ws/install/talker_listener/lib/python3.8/site-packages/talker_listener-0.0.0-py3.8.egg-info
[6.667s] running install_scripts
[6.824s] Installing follower script to /home/ubuntu/AutoSys-TurtlebotRos2/ros2_ws/install/talker_listener/lib/talker_listener
[6.827s] Installing picture_publisher script to /home/ubuntu/AutoSys-TurtlebotRos2/ros2_ws/install/talker_listener/lib/talker_listener
[6.828s] Installing talker_listener script to /home/ubuntu/AutoSys-TurtlebotRos2/ros2_ws/install/talker_listener/lib/talker_listener
[6.833s] writing list of installed files to '/home/ubuntu/AutoSys-TurtlebotRos2/ros2_ws/build/talker_listener/install.log'
[6.949s] Invoked command in '/home/ubuntu/AutoSys-TurtlebotRos2/ros2_ws/src/talker_listener' returned '0': PYTHONPATH=/home/ubuntu/AutoSys-TurtlebotRos2/ros2_ws/install/talker_listener/lib/python3.8/site-packages:${PYTHONPATH} /usr/bin/python3 setup.py egg_info --egg-base ../../build/talker_listener build --build-base /home/ubuntu/AutoSys-TurtlebotRos2/ros2_ws/build/talker_listener/build install --prefix /home/ubuntu/AutoSys-TurtlebotRos2/ros2_ws/install/talker_listener --record /home/ubuntu/AutoSys-TurtlebotRos2/ros2_ws/build/talker_listener/install.log --single-version-externally-managed
