[4.713s] Invoking command in '/home/ubuntu/AutoSys-TurtlebotRos2/ros2_ws/src/talker_listener': PYTHONPATH=/home/ubuntu/AutoSys-TurtlebotRos2/ros2_ws/install/talker_listener/lib/python3.8/site-packages:${PYTHONPATH} /usr/bin/python3 setup.py egg_info --egg-base ../../build/talker_listener build --build-base /home/ubuntu/AutoSys-TurtlebotRos2/ros2_ws/build/talker_listener/build install --prefix /home/ubuntu/AutoSys-TurtlebotRos2/ros2_ws/install/talker_listener --record /home/ubuntu/AutoSys-TurtlebotRos2/ros2_ws/build/talker_listener/install.log --single-version-externally-managed
[5.906s] running egg_info
[5.909s] writing ../../build/talker_listener/talker_listener.egg-info/PKG-INFO
[5.912s] writing dependency_links to ../../build/talker_listener/talker_listener.egg-info/dependency_links.txt
[5.913s] writing entry points to ../../build/talker_listener/talker_listener.egg-info/entry_points.txt
[5.914s] writing requirements to ../../build/talker_listener/talker_listener.egg-info/requires.txt
[5.915s] writing top-level names to ../../build/talker_listener/talker_listener.egg-info/top_level.txt
[6.094s] reading manifest file '../../build/talker_listener/talker_listener.egg-info/SOURCES.txt'
[6.102s] writing manifest file '../../build/talker_listener/talker_listener.egg-info/SOURCES.txt'
[6.103s] running build
[6.104s] running build_py
[6.106s] copying talker_listener/__init__.py -> /home/ubuntu/AutoSys-TurtlebotRos2/ros2_ws/build/talker_listener/build/lib/talker_listener
[6.108s] copying talker_listener/picture_publisher.py -> /home/ubuntu/AutoSys-TurtlebotRos2/ros2_ws/build/talker_listener/build/lib/talker_listener
[6.109s] copying talker_listener/follower_node.py -> /home/ubuntu/AutoSys-TurtlebotRos2/ros2_ws/build/talker_listener/build/lib/talker_listener
[6.112s] copying talker_listener/PoseEstimationMin.py -> /home/ubuntu/AutoSys-TurtlebotRos2/ros2_ws/build/talker_listener/build/lib/talker_listener
[6.116s] copying talker_listener/talker_node.py -> /home/ubuntu/AutoSys-TurtlebotRos2/ros2_ws/build/talker_listener/build/lib/talker_listener
[6.118s] running install
[6.122s] running install_lib
[6.132s] copying /home/ubuntu/AutoSys-TurtlebotRos2/ros2_ws/build/talker_listener/build/lib/talker_listener/picture_publisher.py -> /home/ubuntu/AutoSys-TurtlebotRos2/ros2_ws/install/talker_listener/lib/python3.8/site-packages/talker_listener
[6.133s] copying /home/ubuntu/AutoSys-TurtlebotRos2/ros2_ws/build/talker_listener/build/lib/talker_listener/follower_node.py -> /home/ubuntu/AutoSys-TurtlebotRos2/ros2_ws/install/talker_listener/lib/python3.8/site-packages/talker_listener
[6.134s] copying /home/ubuntu/AutoSys-TurtlebotRos2/ros2_ws/build/talker_listener/build/lib/talker_listener/PoseEstimationMin.py -> /home/ubuntu/AutoSys-TurtlebotRos2/ros2_ws/install/talker_listener/lib/python3.8/site-packages/talker_listener
[6.141s] byte-compiling /home/ubuntu/AutoSys-TurtlebotRos2/ros2_ws/install/talker_listener/lib/python3.8/site-packages/talker_listener/picture_publisher.py to picture_publisher.cpython-38.pyc
[6.153s] byte-compiling /home/ubuntu/AutoSys-TurtlebotRos2/ros2_ws/install/talker_listener/lib/python3.8/site-packages/talker_listener/follower_node.py to follower_node.cpython-38.pyc
[6.161s] byte-compiling /home/ubuntu/AutoSys-TurtlebotRos2/ros2_ws/install/talker_listener/lib/python3.8/site-packages/talker_listener/PoseEstimationMin.py to PoseEstimationMin.cpython-38.pyc
[6.167s] running install_data
[6.175s] copying package.xml -> /home/ubuntu/AutoSys-TurtlebotRos2/ros2_ws/install/talker_listener/share/talker_listener
[6.178s] running install_egg_info
[6.190s] removing '/home/ubuntu/AutoSys-TurtlebotRos2/ros2_ws/install/talker_listener/lib/python3.8/site-packages/talker_listener-0.0.0-py3.8.egg-info' (and everything under it)
[6.193s] Copying ../../build/talker_listener/talker_listener.egg-info to /home/ubuntu/AutoSys-TurtlebotRos2/ros2_ws/install/talker_listener/lib/python3.8/site-packages/talker_listener-0.0.0-py3.8.egg-info
[6.204s] running install_scripts
[6.285s] Installing follower script to /home/ubuntu/AutoSys-TurtlebotRos2/ros2_ws/install/talker_listener/lib/talker_listener
[6.287s] Installing talker_listener script to /home/ubuntu/AutoSys-TurtlebotRos2/ros2_ws/install/talker_listener/lib/talker_listener
[6.289s] writing list of installed files to '/home/ubuntu/AutoSys-TurtlebotRos2/ros2_ws/build/talker_listener/install.log'
[6.412s] Invoked command in '/home/ubuntu/AutoSys-TurtlebotRos2/ros2_ws/src/talker_listener' returned '0': PYTHONPATH=/home/ubuntu/AutoSys-TurtlebotRos2/ros2_ws/install/talker_listener/lib/python3.8/site-packages:${PYTHONPATH} /usr/bin/python3 setup.py egg_info --egg-base ../../build/talker_listener build --build-base /home/ubuntu/AutoSys-TurtlebotRos2/ros2_ws/build/talker_listener/build install --prefix /home/ubuntu/AutoSys-TurtlebotRos2/ros2_ws/install/talker_listener --record /home/ubuntu/AutoSys-TurtlebotRos2/ros2_ws/build/talker_listener/install.log --single-version-externally-managed
