[0.800s] Invoking command in '/home/user/AutoSys-TurtlebotRos2/picproc_ws/src/picproc': PYTHONPATH=/home/user/AutoSys-TurtlebotRos2/build/picproc/prefix_override:/home/user/AutoSys-TurtlebotRos2/install/picproc/lib/python3.8/site-packages:${PYTHONPATH} /usr/bin/python3 setup.py egg_info --egg-base ../../../build/picproc build --build-base /home/user/AutoSys-TurtlebotRos2/build/picproc/build install --record /home/user/AutoSys-TurtlebotRos2/build/picproc/install.log --install-scripts $base/lib/picproc --single-version-externally-managed
[0.963s] running egg_info
[0.964s] creating ../../../build/picproc/picproc.egg-info
[0.965s] writing ../../../build/picproc/picproc.egg-info/PKG-INFO
[0.965s] writing dependency_links to ../../../build/picproc/picproc.egg-info/dependency_links.txt
[0.965s] writing entry points to ../../../build/picproc/picproc.egg-info/entry_points.txt
[0.965s] writing requirements to ../../../build/picproc/picproc.egg-info/requires.txt
[0.965s] writing top-level names to ../../../build/picproc/picproc.egg-info/top_level.txt
[0.971s] writing manifest file '../../../build/picproc/picproc.egg-info/SOURCES.txt'
[0.996s] reading manifest file '../../../build/picproc/picproc.egg-info/SOURCES.txt'
[0.998s] writing manifest file '../../../build/picproc/picproc.egg-info/SOURCES.txt'
[0.999s] running build
[0.999s] running build_py
[0.999s] creating /home/user/AutoSys-TurtlebotRos2/build/picproc/build
[1.001s] creating /home/user/AutoSys-TurtlebotRos2/build/picproc/build/lib
[1.001s] creating /home/user/AutoSys-TurtlebotRos2/build/picproc/build/lib/picproc
[1.002s] copying picproc/__init__.py -> /home/user/AutoSys-TurtlebotRos2/build/picproc/build/lib/picproc
[1.002s] copying picproc/picproc_node.py -> /home/user/AutoSys-TurtlebotRos2/build/picproc/build/lib/picproc
[1.002s] running install
[1.003s] running install_lib
[1.004s] creating /home/user/AutoSys-TurtlebotRos2/install/picproc/lib/python3.8/site-packages/picproc
[1.004s] copying /home/user/AutoSys-TurtlebotRos2/build/picproc/build/lib/picproc/__init__.py -> /home/user/AutoSys-TurtlebotRos2/install/picproc/lib/python3.8/site-packages/picproc
[1.004s] copying /home/user/AutoSys-TurtlebotRos2/build/picproc/build/lib/picproc/picproc_node.py -> /home/user/AutoSys-TurtlebotRos2/install/picproc/lib/python3.8/site-packages/picproc
[1.005s] byte-compiling /home/user/AutoSys-TurtlebotRos2/install/picproc/lib/python3.8/site-packages/picproc/__init__.py to __init__.cpython-38.pyc
[1.006s] byte-compiling /home/user/AutoSys-TurtlebotRos2/install/picproc/lib/python3.8/site-packages/picproc/picproc_node.py to picproc_node.cpython-38.pyc
[1.006s] running install_data
[1.006s] creating /home/user/AutoSys-TurtlebotRos2/install/picproc/share/ament_index
[1.006s] creating /home/user/AutoSys-TurtlebotRos2/install/picproc/share/ament_index/resource_index
[1.007s] creating /home/user/AutoSys-TurtlebotRos2/install/picproc/share/ament_index/resource_index/packages
[1.007s] copying resource/picproc -> /home/user/AutoSys-TurtlebotRos2/install/picproc/share/ament_index/resource_index/packages
[1.007s] copying package.xml -> /home/user/AutoSys-TurtlebotRos2/install/picproc/share/picproc
[1.007s] running install_egg_info
[1.008s] Copying ../../../build/picproc/picproc.egg-info to /home/user/AutoSys-TurtlebotRos2/install/picproc/lib/python3.8/site-packages/picproc-0.0.0-py3.8.egg-info
[1.008s] running install_scripts
[1.021s] Installing picproc_node script to /home/user/AutoSys-TurtlebotRos2/install/picproc/lib/picproc
[1.021s] writing list of installed files to '/home/user/AutoSys-TurtlebotRos2/build/picproc/install.log'
[1.039s] Invoked command in '/home/user/AutoSys-TurtlebotRos2/picproc_ws/src/picproc' returned '0': PYTHONPATH=/home/user/AutoSys-TurtlebotRos2/build/picproc/prefix_override:/home/user/AutoSys-TurtlebotRos2/install/picproc/lib/python3.8/site-packages:${PYTHONPATH} /usr/bin/python3 setup.py egg_info --egg-base ../../../build/picproc build --build-base /home/user/AutoSys-TurtlebotRos2/build/picproc/build install --record /home/user/AutoSys-TurtlebotRos2/build/picproc/install.log --install-scripts $base/lib/picproc --single-version-externally-managed
