[4.528s] Invoking command in '/home/ubuntu/ros2_ws/src/talker_listener': PYTHONPATH=/home/ubuntu/ros2_ws/install/talker_listener/lib/python3.8/site-packages:${PYTHONPATH} /usr/bin/python3 setup.py egg_info --egg-base ../../build/talker_listener build --build-base /home/ubuntu/ros2_ws/build/talker_listener/build install --prefix /home/ubuntu/ros2_ws/install/talker_listener --record /home/ubuntu/ros2_ws/build/talker_listener/install.log --single-version-externally-managed
[6.121s] running egg_info
[6.124s] writing ../../build/talker_listener/talker_listener.egg-info/PKG-INFO
[6.127s] writing dependency_links to ../../build/talker_listener/talker_listener.egg-info/dependency_links.txt
[6.130s] writing entry points to ../../build/talker_listener/talker_listener.egg-info/entry_points.txt
[6.133s] writing requirements to ../../build/talker_listener/talker_listener.egg-info/requires.txt
[6.136s] writing top-level names to ../../build/talker_listener/talker_listener.egg-info/top_level.txt
[6.328s] reading manifest file '../../build/talker_listener/talker_listener.egg-info/SOURCES.txt'
[6.335s] writing manifest file '../../build/talker_listener/talker_listener.egg-info/SOURCES.txt'
[6.336s] running build
[6.338s] running build_py
[6.340s] copying talker_listener/follow_node.py -> /home/ubuntu/ros2_ws/build/talker_listener/build/lib/talker_listener
[6.345s] running install
[6.347s] running install_lib
[6.352s] copying /home/ubuntu/ros2_ws/build/talker_listener/build/lib/talker_listener/follow_node.py -> /home/ubuntu/ros2_ws/install/talker_listener/lib/python3.8/site-packages/talker_listener
[6.356s] byte-compiling /home/ubuntu/ros2_ws/install/talker_listener/lib/python3.8/site-packages/talker_listener/follow_node.py to follow_node.cpython-38.pyc
[6.365s] running install_data
[6.368s] running install_egg_info
[6.381s] removing '/home/ubuntu/ros2_ws/install/talker_listener/lib/python3.8/site-packages/talker_listener-0.0.0-py3.8.egg-info' (and everything under it)
[6.385s] Copying ../../build/talker_listener/talker_listener.egg-info to /home/ubuntu/ros2_ws/install/talker_listener/lib/python3.8/site-packages/talker_listener-0.0.0-py3.8.egg-info
[6.400s] running install_scripts
[6.523s] Installing talker_listener script to /home/ubuntu/ros2_ws/install/talker_listener/lib/talker_listener
[6.526s] writing list of installed files to '/home/ubuntu/ros2_ws/build/talker_listener/install.log'
[6.656s] Invoked command in '/home/ubuntu/ros2_ws/src/talker_listener' returned '0': PYTHONPATH=/home/ubuntu/ros2_ws/install/talker_listener/lib/python3.8/site-packages:${PYTHONPATH} /usr/bin/python3 setup.py egg_info --egg-base ../../build/talker_listener build --build-base /home/ubuntu/ros2_ws/build/talker_listener/build install --prefix /home/ubuntu/ros2_ws/install/talker_listener --record /home/ubuntu/ros2_ws/build/talker_listener/install.log --single-version-externally-managed
