[0.811s] DEBUG:colcon:Command line arguments: ['/usr/bin/colcon', 'build']
[0.811s] DEBUG:colcon:Parsed command line arguments: Namespace(allow_overriding=[], ament_cmake_args=None, base_paths=['.'], build_base='build', catkin_cmake_args=None, catkin_skip_building_tests=False, cmake_args=None, cmake_clean_cache=False, cmake_clean_first=False, cmake_force_configure=False, cmake_target=None, cmake_target_skip_unavailable=False, continue_on_error=False, event_handlers=None, executor='parallel', ignore_user_meta=False, install_base='install', log_base=None, log_level=None, main=<bound method BuildVerb.main of <colcon_core.verb.build.BuildVerb object at 0xffff92601970>>, merge_install=False, metas=['./colcon.meta'], packages_above=None, packages_above_and_dependencies=None, packages_above_depth=None, packages_end=None, packages_ignore=None, packages_ignore_regex=None, packages_select=None, packages_select_build_failed=False, packages_select_by_dep=None, packages_select_regex=None, packages_select_test_failures=False, packages_skip=None, packages_skip_build_finished=False, packages_skip_by_dep=None, packages_skip_regex=None, packages_skip_test_passed=False, packages_skip_up_to=None, packages_start=None, packages_up_to=None, packages_up_to_regex=None, parallel_workers=4, paths=None, symlink_install=False, test_result_base=None, verb_extension=<colcon_core.verb.build.BuildVerb object at 0xffff92601970>, verb_name='build', verb_parser=<colcon_defaults.argument_parser.defaults.DefaultArgumentsDecorator object at 0xffff92601ee0>)
[0.965s] Level 1:colcon.colcon_core.package_discovery:discover_packages(colcon_meta) check parameters
[0.965s] Level 1:colcon.colcon_core.package_discovery:discover_packages(recursive) check parameters
[0.965s] Level 1:colcon.colcon_core.package_discovery:discover_packages(ignore) check parameters
[0.966s] Level 1:colcon.colcon_core.package_discovery:discover_packages(path) check parameters
[0.966s] Level 1:colcon.colcon_core.package_discovery:discover_packages(colcon_meta) discover
[0.966s] Level 1:colcon.colcon_core.package_discovery:discover_packages(recursive) discover
[0.966s] INFO:colcon.colcon_core.package_discovery:Crawling recursively for packages in '/home/ubuntu/AutoSys-TurtlebotRos2/ros2_ws'
[0.967s] Level 1:colcon.colcon_core.package_identification:_identify(.) by extensions ['ignore', 'ignore_ament_install']
[0.967s] Level 1:colcon.colcon_core.package_identification:_identify(.) by extension 'ignore'
[0.967s] Level 1:colcon.colcon_core.package_identification:_identify(.) by extension 'ignore_ament_install'
[0.968s] Level 1:colcon.colcon_core.package_identification:_identify(.) by extensions ['colcon_pkg']
[0.968s] Level 1:colcon.colcon_core.package_identification:_identify(.) by extension 'colcon_pkg'
[0.968s] Level 1:colcon.colcon_core.package_identification:_identify(.) by extensions ['colcon_meta']
[0.968s] Level 1:colcon.colcon_core.package_identification:_identify(.) by extension 'colcon_meta'
[0.969s] Level 1:colcon.colcon_core.package_identification:_identify(.) by extensions ['ros']
[0.969s] Level 1:colcon.colcon_core.package_identification:_identify(.) by extension 'ros'
[1.040s] Level 1:colcon.colcon_core.package_identification:_identify(.) by extensions ['cmake', 'python']
[1.041s] Level 1:colcon.colcon_core.package_identification:_identify(.) by extension 'cmake'
[1.041s] Level 1:colcon.colcon_core.package_identification:_identify(.) by extension 'python'
[1.041s] Level 1:colcon.colcon_core.package_identification:_identify(.) by extensions ['python_setup_py']
[1.041s] Level 1:colcon.colcon_core.package_identification:_identify(.) by extension 'python_setup_py'
[1.042s] Level 1:colcon.colcon_core.package_identification:_identify(build) by extensions ['ignore', 'ignore_ament_install']
[1.042s] Level 1:colcon.colcon_core.package_identification:_identify(build) by extension 'ignore'
[1.042s] Level 1:colcon.colcon_core.package_identification:_identify(build) ignored
[1.043s] Level 1:colcon.colcon_core.package_identification:_identify(install) by extensions ['ignore', 'ignore_ament_install']
[1.044s] Level 1:colcon.colcon_core.package_identification:_identify(install) by extension 'ignore'
[1.044s] Level 1:colcon.colcon_core.package_identification:_identify(install) ignored
[1.045s] Level 1:colcon.colcon_core.package_identification:_identify(log) by extensions ['ignore', 'ignore_ament_install']
[1.045s] Level 1:colcon.colcon_core.package_identification:_identify(log) by extension 'ignore'
[1.045s] Level 1:colcon.colcon_core.package_identification:_identify(log) ignored
[1.046s] Level 1:colcon.colcon_core.package_identification:_identify(src) by extensions ['ignore', 'ignore_ament_install']
[1.046s] Level 1:colcon.colcon_core.package_identification:_identify(src) by extension 'ignore'
[1.046s] Level 1:colcon.colcon_core.package_identification:_identify(src) by extension 'ignore_ament_install'
[1.047s] Level 1:colcon.colcon_core.package_identification:_identify(src) by extensions ['colcon_pkg']
[1.047s] Level 1:colcon.colcon_core.package_identification:_identify(src) by extension 'colcon_pkg'
[1.047s] Level 1:colcon.colcon_core.package_identification:_identify(src) by extensions ['colcon_meta']
[1.047s] Level 1:colcon.colcon_core.package_identification:_identify(src) by extension 'colcon_meta'
[1.047s] Level 1:colcon.colcon_core.package_identification:_identify(src) by extensions ['ros']
[1.048s] Level 1:colcon.colcon_core.package_identification:_identify(src) by extension 'ros'
[1.048s] Level 1:colcon.colcon_core.package_identification:_identify(src) by extensions ['cmake', 'python']
[1.048s] Level 1:colcon.colcon_core.package_identification:_identify(src) by extension 'cmake'
[1.048s] Level 1:colcon.colcon_core.package_identification:_identify(src) by extension 'python'
[1.049s] Level 1:colcon.colcon_core.package_identification:_identify(src) by extensions ['python_setup_py']
[1.049s] Level 1:colcon.colcon_core.package_identification:_identify(src) by extension 'python_setup_py'
[1.049s] Level 1:colcon.colcon_core.package_identification:_identify(src/talker_listener) by extensions ['ignore', 'ignore_ament_install']
[1.050s] Level 1:colcon.colcon_core.package_identification:_identify(src/talker_listener) by extension 'ignore'
[1.050s] Level 1:colcon.colcon_core.package_identification:_identify(src/talker_listener) by extension 'ignore_ament_install'
[1.050s] Level 1:colcon.colcon_core.package_identification:_identify(src/talker_listener) by extensions ['colcon_pkg']
[1.050s] Level 1:colcon.colcon_core.package_identification:_identify(src/talker_listener) by extension 'colcon_pkg'
[1.051s] Level 1:colcon.colcon_core.package_identification:_identify(src/talker_listener) by extensions ['colcon_meta']
[1.051s] Level 1:colcon.colcon_core.package_identification:_identify(src/talker_listener) by extension 'colcon_meta'
[1.051s] Level 1:colcon.colcon_core.package_identification:_identify(src/talker_listener) by extensions ['ros']
[1.051s] Level 1:colcon.colcon_core.package_identification:_identify(src/talker_listener) by extension 'ros'
[1.065s] DEBUG:colcon.colcon_core.package_identification:Package 'src/talker_listener' with type 'ros.ament_python' and name 'talker_listener'
[1.065s] Level 1:colcon.colcon_core.package_discovery:discover_packages(recursive) using defaults
[1.066s] Level 1:colcon.colcon_core.package_discovery:discover_packages(ignore) discover
[1.066s] Level 1:colcon.colcon_core.package_discovery:discover_packages(ignore) using defaults
[1.066s] Level 1:colcon.colcon_core.package_discovery:discover_packages(path) discover
[1.066s] Level 1:colcon.colcon_core.package_discovery:discover_packages(path) using defaults
[1.205s] Level 1:colcon.colcon_core.package_discovery:discover_packages(prefix_path) check parameters
[1.206s] Level 1:colcon.colcon_core.package_discovery:discover_packages(prefix_path) discover
[1.227s] DEBUG:colcon.colcon_installed_package_information.package_discovery:Found 7 installed packages in /home/ubuntu/turtlebot3_ws/install
[1.237s] DEBUG:colcon.colcon_installed_package_information.package_discovery:Found 173 installed packages in /opt/ros/foxy
[1.242s] Level 1:colcon.colcon_core.package_discovery:discover_packages(prefix_path) using defaults
[1.472s] Level 5:colcon.colcon_core.verb:set package 'talker_listener' build argument 'cmake_args' from command line to 'None'
[1.473s] Level 5:colcon.colcon_core.verb:set package 'talker_listener' build argument 'cmake_target' from command line to 'None'
[1.473s] Level 5:colcon.colcon_core.verb:set package 'talker_listener' build argument 'cmake_target_skip_unavailable' from command line to 'False'
[1.473s] Level 5:colcon.colcon_core.verb:set package 'talker_listener' build argument 'cmake_clean_cache' from command line to 'False'
[1.473s] Level 5:colcon.colcon_core.verb:set package 'talker_listener' build argument 'cmake_clean_first' from command line to 'False'
[1.473s] Level 5:colcon.colcon_core.verb:set package 'talker_listener' build argument 'cmake_force_configure' from command line to 'False'
[1.473s] Level 5:colcon.colcon_core.verb:set package 'talker_listener' build argument 'ament_cmake_args' from command line to 'None'
[1.474s] Level 5:colcon.colcon_core.verb:set package 'talker_listener' build argument 'catkin_cmake_args' from command line to 'None'
[1.474s] Level 5:colcon.colcon_core.verb:set package 'talker_listener' build argument 'catkin_skip_building_tests' from command line to 'False'
[1.474s] DEBUG:colcon.colcon_core.verb:Building package 'talker_listener' with the following arguments: {'ament_cmake_args': None, 'build_base': '/home/ubuntu/AutoSys-TurtlebotRos2/ros2_ws/build/talker_listener', 'catkin_cmake_args': None, 'catkin_skip_building_tests': False, 'cmake_args': None, 'cmake_clean_cache': False, 'cmake_clean_first': False, 'cmake_force_configure': False, 'cmake_target': None, 'cmake_target_skip_unavailable': False, 'install_base': '/home/ubuntu/AutoSys-TurtlebotRos2/ros2_ws/install/talker_listener', 'merge_install': False, 'path': '/home/ubuntu/AutoSys-TurtlebotRos2/ros2_ws/src/talker_listener', 'symlink_install': False, 'test_result_base': None}
[1.477s] INFO:colcon.colcon_core.executor:Executing jobs using 'parallel' executor
[1.495s] DEBUG:colcon.colcon_parallel_executor.executor.parallel:run_until_complete
[1.496s] INFO:colcon.colcon_ros.task.ament_python.build:Building ROS package in '/home/ubuntu/AutoSys-TurtlebotRos2/ros2_ws/src/talker_listener' with build type 'ament_python'
[1.497s] Level 1:colcon.colcon_core.shell:create_environment_hook('talker_listener', 'ament_prefix_path')
[1.524s] INFO:colcon.colcon_core.plugin_system:Skipping extension 'colcon_core.shell.bat': Not used on non-Windows systems
[1.525s] INFO:colcon.colcon_core.shell:Creating environment hook '/home/ubuntu/AutoSys-TurtlebotRos2/ros2_ws/install/talker_listener/share/talker_listener/hook/ament_prefix_path.ps1'
[1.528s] INFO:colcon.colcon_core.shell:Creating environment descriptor '/home/ubuntu/AutoSys-TurtlebotRos2/ros2_ws/install/talker_listener/share/talker_listener/hook/ament_prefix_path.dsv'
[1.531s] INFO:colcon.colcon_core.shell:Creating environment hook '/home/ubuntu/AutoSys-TurtlebotRos2/ros2_ws/install/talker_listener/share/talker_listener/hook/ament_prefix_path.sh'
[1.541s] INFO:colcon.colcon_core.shell:Skip shell extension 'powershell' for command environment: Not usable outside of PowerShell
[1.542s] DEBUG:colcon.colcon_core.shell:Skip shell extension 'dsv' for command environment
[2.920s] INFO:colcon.colcon_core.task.python.build:Building Python package in '/home/ubuntu/AutoSys-TurtlebotRos2/ros2_ws/src/talker_listener'
[2.928s] INFO:colcon.colcon_core.shell:Skip shell extension 'powershell' for command environment: Not usable outside of PowerShell
[2.928s] DEBUG:colcon.colcon_core.shell:Skip shell extension 'dsv' for command environment
[6.445s] DEBUG:colcon.colcon_core.event_handler.log_command:Invoking command in '/home/ubuntu/AutoSys-TurtlebotRos2/ros2_ws/src/talker_listener': PYTHONPATH=/home/ubuntu/AutoSys-TurtlebotRos2/ros2_ws/install/talker_listener/lib/python3.8/site-packages:${PYTHONPATH} /usr/bin/python3 setup.py egg_info --egg-base ../../build/talker_listener build --build-base /home/ubuntu/AutoSys-TurtlebotRos2/ros2_ws/build/talker_listener/build install --prefix /home/ubuntu/AutoSys-TurtlebotRos2/ros2_ws/install/talker_listener --record /home/ubuntu/AutoSys-TurtlebotRos2/ros2_ws/build/talker_listener/install.log --single-version-externally-managed
[8.286s] DEBUG:colcon.colcon_core.event_handler.log_command:Invoked command in '/home/ubuntu/AutoSys-TurtlebotRos2/ros2_ws/src/talker_listener' returned '0': PYTHONPATH=/home/ubuntu/AutoSys-TurtlebotRos2/ros2_ws/install/talker_listener/lib/python3.8/site-packages:${PYTHONPATH} /usr/bin/python3 setup.py egg_info --egg-base ../../build/talker_listener build --build-base /home/ubuntu/AutoSys-TurtlebotRos2/ros2_ws/build/talker_listener/build install --prefix /home/ubuntu/AutoSys-TurtlebotRos2/ros2_ws/install/talker_listener --record /home/ubuntu/AutoSys-TurtlebotRos2/ros2_ws/build/talker_listener/install.log --single-version-externally-managed
[8.329s] Level 1:colcon.colcon_core.environment:checking '/home/ubuntu/AutoSys-TurtlebotRos2/ros2_ws/install/talker_listener' for CMake module files
[8.332s] Level 1:colcon.colcon_core.environment:checking '/home/ubuntu/AutoSys-TurtlebotRos2/ros2_ws/install/talker_listener' for CMake config files
[8.337s] Level 1:colcon.colcon_core.environment:checking '/home/ubuntu/AutoSys-TurtlebotRos2/ros2_ws/install/talker_listener/lib'
[8.338s] Level 1:colcon.colcon_core.environment:checking '/home/ubuntu/AutoSys-TurtlebotRos2/ros2_ws/install/talker_listener/bin'
[8.339s] Level 1:colcon.colcon_core.environment:checking '/home/ubuntu/AutoSys-TurtlebotRos2/ros2_ws/install/talker_listener/lib/pkgconfig/talker_listener.pc'
[8.340s] Level 1:colcon.colcon_core.environment:checking '/home/ubuntu/AutoSys-TurtlebotRos2/ros2_ws/install/talker_listener/lib/python3.8/site-packages'
[8.340s] Level 1:colcon.colcon_core.shell:create_environment_hook('talker_listener', 'pythonpath')
[8.348s] INFO:colcon.colcon_core.shell:Creating environment hook '/home/ubuntu/AutoSys-TurtlebotRos2/ros2_ws/install/talker_listener/share/talker_listener/hook/pythonpath.ps1'
[8.351s] INFO:colcon.colcon_core.shell:Creating environment descriptor '/home/ubuntu/AutoSys-TurtlebotRos2/ros2_ws/install/talker_listener/share/talker_listener/hook/pythonpath.dsv'
[8.354s] INFO:colcon.colcon_core.shell:Creating environment hook '/home/ubuntu/AutoSys-TurtlebotRos2/ros2_ws/install/talker_listener/share/talker_listener/hook/pythonpath.sh'
[8.357s] Level 1:colcon.colcon_core.environment:checking '/home/ubuntu/AutoSys-TurtlebotRos2/ros2_ws/install/talker_listener/bin'
[8.358s] Level 1:colcon.colcon_core.environment:create_environment_scripts_only(talker_listener)
[8.368s] INFO:colcon.colcon_core.shell:Creating package script '/home/ubuntu/AutoSys-TurtlebotRos2/ros2_ws/install/talker_listener/share/talker_listener/package.ps1'
[8.373s] INFO:colcon.colcon_core.shell:Creating package descriptor '/home/ubuntu/AutoSys-TurtlebotRos2/ros2_ws/install/talker_listener/share/talker_listener/package.dsv'
[8.378s] INFO:colcon.colcon_core.shell:Creating package script '/home/ubuntu/AutoSys-TurtlebotRos2/ros2_ws/install/talker_listener/share/talker_listener/package.sh'
[8.384s] INFO:colcon.colcon_core.shell:Creating package script '/home/ubuntu/AutoSys-TurtlebotRos2/ros2_ws/install/talker_listener/share/talker_listener/package.bash'
[8.391s] INFO:colcon.colcon_core.shell:Creating package script '/home/ubuntu/AutoSys-TurtlebotRos2/ros2_ws/install/talker_listener/share/talker_listener/package.zsh'
[8.396s] Level 1:colcon.colcon_core.environment:create_file_with_runtime_dependencies(/home/ubuntu/AutoSys-TurtlebotRos2/ros2_ws/install/talker_listener/share/colcon-core/packages/talker_listener)
[8.399s] DEBUG:colcon.colcon_parallel_executor.executor.parallel:closing loop
[8.401s] DEBUG:colcon.colcon_parallel_executor.executor.parallel:loop closed
[8.401s] DEBUG:colcon.colcon_parallel_executor.executor.parallel:run_until_complete finished with '0'
[8.403s] DEBUG:colcon.colcon_core.event_reactor:joining thread
[8.487s] INFO:colcon.colcon_core.plugin_system:Skipping extension 'colcon_notification.desktop_notification.terminal_notifier': Not used on non-Darwin systems
[8.488s] INFO:colcon.colcon_core.plugin_system:Skipping extension 'colcon_notification.desktop_notification.win32': Not used on non-Windows systems
[8.488s] INFO:colcon.colcon_notification.desktop_notification:Sending desktop notification using 'notify2'
[33.519s] DEBUG:colcon.colcon_notification.desktop_notification.notify2:Failed to initialize notify2: org.freedesktop.DBus.Error.NoReply: Did not receive a reply. Possible causes include: the remote application did not send a reply, the message bus security policy blocked the reply, the reply timeout expired, or the network connection was broken.
[33.519s] DEBUG:colcon.colcon_core.event_reactor:joined thread
[33.534s] INFO:colcon.colcon_core.shell:Creating prefix script '/home/ubuntu/AutoSys-TurtlebotRos2/ros2_ws/install/local_setup.ps1'
[33.539s] INFO:colcon.colcon_core.shell:Creating prefix util module '/home/ubuntu/AutoSys-TurtlebotRos2/ros2_ws/install/_local_setup_util_ps1.py'
[33.546s] INFO:colcon.colcon_core.shell:Creating prefix chain script '/home/ubuntu/AutoSys-TurtlebotRos2/ros2_ws/install/setup.ps1'
[33.556s] INFO:colcon.colcon_core.shell:Creating prefix script '/home/ubuntu/AutoSys-TurtlebotRos2/ros2_ws/install/local_setup.sh'
[33.559s] INFO:colcon.colcon_core.shell:Creating prefix util module '/home/ubuntu/AutoSys-TurtlebotRos2/ros2_ws/install/_local_setup_util_sh.py'
[33.562s] INFO:colcon.colcon_core.shell:Creating prefix chain script '/home/ubuntu/AutoSys-TurtlebotRos2/ros2_ws/install/setup.sh'
[33.570s] INFO:colcon.colcon_core.shell:Creating prefix script '/home/ubuntu/AutoSys-TurtlebotRos2/ros2_ws/install/local_setup.bash'
[33.573s] INFO:colcon.colcon_core.shell:Creating prefix chain script '/home/ubuntu/AutoSys-TurtlebotRos2/ros2_ws/install/setup.bash'
[33.581s] INFO:colcon.colcon_core.shell:Creating prefix script '/home/ubuntu/AutoSys-TurtlebotRos2/ros2_ws/install/local_setup.zsh'
[33.585s] INFO:colcon.colcon_core.shell:Creating prefix chain script '/home/ubuntu/AutoSys-TurtlebotRos2/ros2_ws/install/setup.zsh'
