[11.801s] Invoking command in '/home/ubuntu/AutoSys-TurtlebotRos2/ros2_ws/src/talker_listener': PYTHONPATH=/home/ubuntu/AutoSys-TurtlebotRos2/install/talker_listener/lib/python3.8/site-packages:${PYTHONPATH} /usr/bin/python3 setup.py egg_info --egg-base ../../../build/talker_listener build --build-base /home/ubuntu/AutoSys-TurtlebotRos2/build/talker_listener/build install --prefix /home/ubuntu/AutoSys-TurtlebotRos2/install/talker_listener --record /home/ubuntu/AutoSys-TurtlebotRos2/build/talker_listener/install.log --single-version-externally-managed
[15.112s] running egg_info
[15.118s] creating ../../../build/talker_listener/talker_listener.egg-info
[15.120s] writing ../../../build/talker_listener/talker_listener.egg-info/PKG-INFO
[15.124s] writing dependency_links to ../../../build/talker_listener/talker_listener.egg-info/dependency_links.txt
[15.127s] writing entry points to ../../../build/talker_listener/talker_listener.egg-info/entry_points.txt
[15.129s] writing requirements to ../../../build/talker_listener/talker_listener.egg-info/requires.txt
[15.131s] writing top-level names to ../../../build/talker_listener/talker_listener.egg-info/top_level.txt
[15.148s] writing manifest file '../../../build/talker_listener/talker_listener.egg-info/SOURCES.txt'
[15.353s] reading manifest file '../../../build/talker_listener/talker_listener.egg-info/SOURCES.txt'
[15.361s] writing manifest file '../../../build/talker_listener/talker_listener.egg-info/SOURCES.txt'
[15.363s] running build
[15.364s] running build_py
[15.365s] creating /home/ubuntu/AutoSys-TurtlebotRos2/build/talker_listener/build
[15.367s] creating /home/ubuntu/AutoSys-TurtlebotRos2/build/talker_listener/build/lib
[15.369s] creating /home/ubuntu/AutoSys-TurtlebotRos2/build/talker_listener/build/lib/talker_listener
[15.371s] copying talker_listener/__init__.py -> /home/ubuntu/AutoSys-TurtlebotRos2/build/talker_listener/build/lib/talker_listener
[15.375s] copying talker_listener/picture_publisher.py -> /home/ubuntu/AutoSys-TurtlebotRos2/build/talker_listener/build/lib/talker_listener
[15.377s] copying talker_listener/follower_node.py -> /home/ubuntu/AutoSys-TurtlebotRos2/build/talker_listener/build/lib/talker_listener
[15.384s] copying talker_listener/PoseEstimationMin.py -> /home/ubuntu/AutoSys-TurtlebotRos2/build/talker_listener/build/lib/talker_listener
[15.390s] copying talker_listener/talker_node.py -> /home/ubuntu/AutoSys-TurtlebotRos2/build/talker_listener/build/lib/talker_listener
[15.396s] running install
[15.398s] running install_lib
[15.417s] creating /home/ubuntu/AutoSys-TurtlebotRos2/install/talker_listener/lib/python3.8/site-packages/talker_listener
[15.419s] copying /home/ubuntu/AutoSys-TurtlebotRos2/build/talker_listener/build/lib/talker_listener/__init__.py -> /home/ubuntu/AutoSys-TurtlebotRos2/install/talker_listener/lib/python3.8/site-packages/talker_listener
[15.421s] copying /home/ubuntu/AutoSys-TurtlebotRos2/build/talker_listener/build/lib/talker_listener/picture_publisher.py -> /home/ubuntu/AutoSys-TurtlebotRos2/install/talker_listener/lib/python3.8/site-packages/talker_listener
[15.423s] copying /home/ubuntu/AutoSys-TurtlebotRos2/build/talker_listener/build/lib/talker_listener/follower_node.py -> /home/ubuntu/AutoSys-TurtlebotRos2/install/talker_listener/lib/python3.8/site-packages/talker_listener
[15.426s] copying /home/ubuntu/AutoSys-TurtlebotRos2/build/talker_listener/build/lib/talker_listener/PoseEstimationMin.py -> /home/ubuntu/AutoSys-TurtlebotRos2/install/talker_listener/lib/python3.8/site-packages/talker_listener
[15.428s] copying /home/ubuntu/AutoSys-TurtlebotRos2/build/talker_listener/build/lib/talker_listener/talker_node.py -> /home/ubuntu/AutoSys-TurtlebotRos2/install/talker_listener/lib/python3.8/site-packages/talker_listener
[15.435s] byte-compiling /home/ubuntu/AutoSys-TurtlebotRos2/install/talker_listener/lib/python3.8/site-packages/talker_listener/__init__.py to __init__.cpython-38.pyc
[15.450s] byte-compiling /home/ubuntu/AutoSys-TurtlebotRos2/install/talker_listener/lib/python3.8/site-packages/talker_listener/picture_publisher.py to picture_publisher.cpython-38.pyc
[15.457s] byte-compiling /home/ubuntu/AutoSys-TurtlebotRos2/install/talker_listener/lib/python3.8/site-packages/talker_listener/follower_node.py to follower_node.cpython-38.pyc
[15.467s] byte-compiling /home/ubuntu/AutoSys-TurtlebotRos2/install/talker_listener/lib/python3.8/site-packages/talker_listener/PoseEstimationMin.py to PoseEstimationMin.cpython-38.pyc
[15.474s] byte-compiling /home/ubuntu/AutoSys-TurtlebotRos2/install/talker_listener/lib/python3.8/site-packages/talker_listener/talker_node.py to talker_node.cpython-38.pyc
[15.480s] running install_data
[15.487s] creating /home/ubuntu/AutoSys-TurtlebotRos2/install/talker_listener/share/ament_index
[15.495s] creating /home/ubuntu/AutoSys-TurtlebotRos2/install/talker_listener/share/ament_index/resource_index
[15.500s] creating /home/ubuntu/AutoSys-TurtlebotRos2/install/talker_listener/share/ament_index/resource_index/packages
[15.503s] copying resource/talker_listener -> /home/ubuntu/AutoSys-TurtlebotRos2/install/talker_listener/share/ament_index/resource_index/packages
[15.505s] copying package.xml -> /home/ubuntu/AutoSys-TurtlebotRos2/install/talker_listener/share/talker_listener
[15.507s] running install_egg_info
[15.523s] Copying ../../../build/talker_listener/talker_listener.egg-info to /home/ubuntu/AutoSys-TurtlebotRos2/install/talker_listener/lib/python3.8/site-packages/talker_listener-0.0.0-py3.8.egg-info
[15.546s] running install_scripts
[15.877s] Installing follower script to /home/ubuntu/AutoSys-TurtlebotRos2/install/talker_listener/lib/talker_listener
[15.879s] Installing picture_publisher script to /home/ubuntu/AutoSys-TurtlebotRos2/install/talker_listener/lib/talker_listener
[15.881s] Installing talker_listener script to /home/ubuntu/AutoSys-TurtlebotRos2/install/talker_listener/lib/talker_listener
[15.883s] writing list of installed files to '/home/ubuntu/AutoSys-TurtlebotRos2/build/talker_listener/install.log'
[16.144s] Invoked command in '/home/ubuntu/AutoSys-TurtlebotRos2/ros2_ws/src/talker_listener' returned '0': PYTHONPATH=/home/ubuntu/AutoSys-TurtlebotRos2/install/talker_listener/lib/python3.8/site-packages:${PYTHONPATH} /usr/bin/python3 setup.py egg_info --egg-base ../../../build/talker_listener build --build-base /home/ubuntu/AutoSys-TurtlebotRos2/build/talker_listener/build install --prefix /home/ubuntu/AutoSys-TurtlebotRos2/install/talker_listener --record /home/ubuntu/AutoSys-TurtlebotRos2/build/talker_listener/install.log --single-version-externally-managed
