[4.711s] Invoking command in '/home/ubuntu/ros2_ws/src/talker_listener': PYTHONPATH=/home/ubuntu/ros2_ws/install/talker_listener/lib/python3.8/site-packages:${PYTHONPATH} /usr/bin/python3 setup.py egg_info --egg-base ../../build/talker_listener build --build-base /home/ubuntu/ros2_ws/build/talker_listener/build install --prefix /home/ubuntu/ros2_ws/install/talker_listener --record /home/ubuntu/ros2_ws/build/talker_listener/install.log --single-version-externally-managed
[6.344s] running egg_info
[6.348s] writing ../../build/talker_listener/talker_listener.egg-info/PKG-INFO
[6.350s] writing dependency_links to ../../build/talker_listener/talker_listener.egg-info/dependency_links.txt
[6.352s] writing entry points to ../../build/talker_listener/talker_listener.egg-info/entry_points.txt
[6.354s] writing requirements to ../../build/talker_listener/talker_listener.egg-info/requires.txt
[6.357s] writing top-level names to ../../build/talker_listener/talker_listener.egg-info/top_level.txt
[6.550s] reading manifest file '../../build/talker_listener/talker_listener.egg-info/SOURCES.txt'
[6.556s] writing manifest file '../../build/talker_listener/talker_listener.egg-info/SOURCES.txt'
[6.558s] running build
[6.560s] running build_py
[6.565s] running install
[6.567s] running install_lib
[6.573s] running install_data
[6.576s] running install_egg_info
[6.584s] removing '/home/ubuntu/ros2_ws/install/talker_listener/lib/python3.8/site-packages/talker_listener-0.0.0-py3.8.egg-info' (and everything under it)
[6.586s] Copying ../../build/talker_listener/talker_listener.egg-info to /home/ubuntu/ros2_ws/install/talker_listener/lib/python3.8/site-packages/talker_listener-0.0.0-py3.8.egg-info
[6.594s] running install_scripts
[6.675s] Installing talker_listener script to /home/ubuntu/ros2_ws/install/talker_listener/lib/talker_listener
[6.677s] writing list of installed files to '/home/ubuntu/ros2_ws/build/talker_listener/install.log'
[6.804s] Invoked command in '/home/ubuntu/ros2_ws/src/talker_listener' returned '0': PYTHONPATH=/home/ubuntu/ros2_ws/install/talker_listener/lib/python3.8/site-packages:${PYTHONPATH} /usr/bin/python3 setup.py egg_info --egg-base ../../build/talker_listener build --build-base /home/ubuntu/ros2_ws/build/talker_listener/build install --prefix /home/ubuntu/ros2_ws/install/talker_listener --record /home/ubuntu/ros2_ws/build/talker_listener/install.log --single-version-externally-managed
