[4.609s] Invoking command in '/home/ubuntu/ros2_ws/src/talker_listener': PYTHONPATH=/home/ubuntu/ros2_ws/install/talker_listener/lib/python3.8/site-packages:${PYTHONPATH} /usr/bin/python3 setup.py egg_info --egg-base ../../build/talker_listener build --build-base /home/ubuntu/ros2_ws/build/talker_listener/build install --prefix /home/ubuntu/ros2_ws/install/talker_listener --record /home/ubuntu/ros2_ws/build/talker_listener/install.log --single-version-externally-managed
[6.056s] running egg_info
[6.060s] writing ../../build/talker_listener/talker_listener.egg-info/PKG-INFO
[6.061s] writing dependency_links to ../../build/talker_listener/talker_listener.egg-info/dependency_links.txt
[6.066s] writing entry points to ../../build/talker_listener/talker_listener.egg-info/entry_points.txt
[6.069s] writing requirements to ../../build/talker_listener/talker_listener.egg-info/requires.txt
[6.076s] writing top-level names to ../../build/talker_listener/talker_listener.egg-info/top_level.txt
[6.221s] reading manifest file '../../build/talker_listener/talker_listener.egg-info/SOURCES.txt'
[6.225s] writing manifest file '../../build/talker_listener/talker_listener.egg-info/SOURCES.txt'
[6.226s] running build
[6.228s] running build_py
[6.229s] running install
[6.231s] running install_lib
[6.238s] running install_data
[6.240s] running install_egg_info
[6.247s] removing '/home/ubuntu/ros2_ws/install/talker_listener/lib/python3.8/site-packages/talker_listener-0.0.0-py3.8.egg-info' (and everything under it)
[6.251s] Copying ../../build/talker_listener/talker_listener.egg-info to /home/ubuntu/ros2_ws/install/talker_listener/lib/python3.8/site-packages/talker_listener-0.0.0-py3.8.egg-info
[6.255s] running install_scripts
[6.324s] Installing follower script to /home/ubuntu/ros2_ws/install/talker_listener/lib/talker_listener
[6.325s] Installing talker_listener script to /home/ubuntu/ros2_ws/install/talker_listener/lib/talker_listener
[6.326s] writing list of installed files to '/home/ubuntu/ros2_ws/build/talker_listener/install.log'
[6.425s] Invoked command in '/home/ubuntu/ros2_ws/src/talker_listener' returned '0': PYTHONPATH=/home/ubuntu/ros2_ws/install/talker_listener/lib/python3.8/site-packages:${PYTHONPATH} /usr/bin/python3 setup.py egg_info --egg-base ../../build/talker_listener build --build-base /home/ubuntu/ros2_ws/build/talker_listener/build install --prefix /home/ubuntu/ros2_ws/install/talker_listener --record /home/ubuntu/ros2_ws/build/talker_listener/install.log --single-version-externally-managed
