[7.542s] Invoking command in '/home/ubuntu/AutoSys-TurtlebotRos2/picproc_ws/src/picproc': PYTHONPATH=/home/ubuntu/AutoSys-TurtlebotRos2/picproc_ws/install/picproc/lib/python3.8/site-packages:${PYTHONPATH} /usr/bin/python3 setup.py egg_info --egg-base ../../build/picproc build --build-base /home/ubuntu/AutoSys-TurtlebotRos2/picproc_ws/build/picproc/build install --prefix /home/ubuntu/AutoSys-TurtlebotRos2/picproc_ws/install/picproc --record /home/ubuntu/AutoSys-TurtlebotRos2/picproc_ws/build/picproc/install.log --single-version-externally-managed
[9.338s] running egg_info
[9.341s] writing ../../build/picproc/picproc.egg-info/PKG-INFO
[9.342s] writing dependency_links to ../../build/picproc/picproc.egg-info/dependency_links.txt
[9.344s] writing entry points to ../../build/picproc/picproc.egg-info/entry_points.txt
[9.345s] writing requirements to ../../build/picproc/picproc.egg-info/requires.txt
[9.346s] writing top-level names to ../../build/picproc/picproc.egg-info/top_level.txt
[9.543s] reading manifest file '../../build/picproc/picproc.egg-info/SOURCES.txt'
[9.548s] writing manifest file '../../build/picproc/picproc.egg-info/SOURCES.txt'
[9.549s] running build
[9.551s] running build_py
[9.553s] copying picproc/picproc_node.py -> /home/ubuntu/AutoSys-TurtlebotRos2/picproc_ws/build/picproc/build/lib/picproc
[9.555s] running install
[9.557s] running install_lib
[9.563s] copying /home/ubuntu/AutoSys-TurtlebotRos2/picproc_ws/build/picproc/build/lib/picproc/picproc_node.py -> /home/ubuntu/AutoSys-TurtlebotRos2/picproc_ws/install/picproc/lib/python3.8/site-packages/picproc
[9.566s] byte-compiling /home/ubuntu/AutoSys-TurtlebotRos2/picproc_ws/install/picproc/lib/python3.8/site-packages/picproc/picproc_node.py to picproc_node.cpython-38.pyc
[9.575s] running install_data
[9.578s] running install_egg_info
[9.586s] removing '/home/ubuntu/AutoSys-TurtlebotRos2/picproc_ws/install/picproc/lib/python3.8/site-packages/picproc-0.0.0-py3.8.egg-info' (and everything under it)
[9.590s] Copying ../../build/picproc/picproc.egg-info to /home/ubuntu/AutoSys-TurtlebotRos2/picproc_ws/install/picproc/lib/python3.8/site-packages/picproc-0.0.0-py3.8.egg-info
[9.600s] running install_scripts
[9.726s] Installing picproc_node script to /home/ubuntu/AutoSys-TurtlebotRos2/picproc_ws/install/picproc/lib/picproc
[9.730s] writing list of installed files to '/home/ubuntu/AutoSys-TurtlebotRos2/picproc_ws/build/picproc/install.log'
[9.931s] Invoked command in '/home/ubuntu/AutoSys-TurtlebotRos2/picproc_ws/src/picproc' returned '0': PYTHONPATH=/home/ubuntu/AutoSys-TurtlebotRos2/picproc_ws/install/picproc/lib/python3.8/site-packages:${PYTHONPATH} /usr/bin/python3 setup.py egg_info --egg-base ../../build/picproc build --build-base /home/ubuntu/AutoSys-TurtlebotRos2/picproc_ws/build/picproc/build install --prefix /home/ubuntu/AutoSys-TurtlebotRos2/picproc_ws/install/picproc --record /home/ubuntu/AutoSys-TurtlebotRos2/picproc_ws/build/picproc/install.log --single-version-externally-managed
