[5.358s] Invoking command in '/home/ubuntu/ros2_ws/src/talker_listener': PYTHONPATH=/home/ubuntu/ros2_ws/install/talker_listener/lib/python3.8/site-packages:${PYTHONPATH} /usr/bin/python3 setup.py egg_info --egg-base ../../build/talker_listener build --build-base /home/ubuntu/ros2_ws/build/talker_listener/build install --prefix /home/ubuntu/ros2_ws/install/talker_listener --record /home/ubuntu/ros2_ws/build/talker_listener/install.log --single-version-externally-managed
[6.668s] running egg_info
[6.670s] writing ../../build/talker_listener/talker_listener.egg-info/PKG-INFO
[6.672s] writing dependency_links to ../../build/talker_listener/talker_listener.egg-info/dependency_links.txt
[6.674s] writing entry points to ../../build/talker_listener/talker_listener.egg-info/entry_points.txt
[6.675s] writing requirements to ../../build/talker_listener/talker_listener.egg-info/requires.txt
[6.675s] writing top-level names to ../../build/talker_listener/talker_listener.egg-info/top_level.txt
[6.856s] reading manifest file '../../build/talker_listener/talker_listener.egg-info/SOURCES.txt'
[6.862s] writing manifest file '../../build/talker_listener/talker_listener.egg-info/SOURCES.txt'
[6.864s] running build
[6.865s] running build_py
[6.866s] copying talker_listener/follower_node.py -> /home/ubuntu/ros2_ws/build/talker_listener/build/lib/talker_listener
[6.875s] running install
[6.879s] running install_lib
[6.883s] copying /home/ubuntu/ros2_ws/build/talker_listener/build/lib/talker_listener/follower_node.py -> /home/ubuntu/ros2_ws/install/talker_listener/lib/python3.8/site-packages/talker_listener
[6.885s] byte-compiling /home/ubuntu/ros2_ws/install/talker_listener/lib/python3.8/site-packages/talker_listener/follower_node.py to follower_node.cpython-38.pyc
[6.894s] running install_data
[6.901s] running install_egg_info
[6.910s] removing '/home/ubuntu/ros2_ws/install/talker_listener/lib/python3.8/site-packages/talker_listener-0.0.0-py3.8.egg-info' (and everything under it)
[6.913s] Copying ../../build/talker_listener/talker_listener.egg-info to /home/ubuntu/ros2_ws/install/talker_listener/lib/python3.8/site-packages/talker_listener-0.0.0-py3.8.egg-info
[6.923s] running install_scripts
[7.023s] Installing follower script to /home/ubuntu/ros2_ws/install/talker_listener/lib/talker_listener
[7.024s] Installing talker_listener script to /home/ubuntu/ros2_ws/install/talker_listener/lib/talker_listener
[7.032s] writing list of installed files to '/home/ubuntu/ros2_ws/build/talker_listener/install.log'
[7.144s] Invoked command in '/home/ubuntu/ros2_ws/src/talker_listener' returned '0': PYTHONPATH=/home/ubuntu/ros2_ws/install/talker_listener/lib/python3.8/site-packages:${PYTHONPATH} /usr/bin/python3 setup.py egg_info --egg-base ../../build/talker_listener build --build-base /home/ubuntu/ros2_ws/build/talker_listener/build install --prefix /home/ubuntu/ros2_ws/install/talker_listener --record /home/ubuntu/ros2_ws/build/talker_listener/install.log --single-version-externally-managed
