/home/user/AutoSys-TurtlebotRos2/install/talker_listener/lib/python3.8/site-packages/talker_listener/__init__.py
/home/user/AutoSys-TurtlebotRos2/install/talker_listener/lib/python3.8/site-packages/talker_listener/picture_publisher.py
/home/user/AutoSys-TurtlebotRos2/install/talker_listener/lib/python3.8/site-packages/talker_listener/follower_node.py
/home/user/AutoSys-TurtlebotRos2/install/talker_listener/lib/python3.8/site-packages/talker_listener/PoseEstimationMin.py
/home/user/AutoSys-TurtlebotRos2/install/talker_listener/lib/python3.8/site-packages/talker_listener/talker_node.py
/home/user/AutoSys-TurtlebotRos2/install/talker_listener/lib/python3.8/site-packages/talker_listener/__pycache__/__init__.cpython-38.pyc
/home/user/AutoSys-TurtlebotRos2/install/talker_listener/lib/python3.8/site-packages/talker_listener/__pycache__/picture_publisher.cpython-38.pyc
/home/user/AutoSys-TurtlebotRos2/install/talker_listener/lib/python3.8/site-packages/talker_listener/__pycache__/follower_node.cpython-38.pyc
/home/user/AutoSys-TurtlebotRos2/install/talker_listener/lib/python3.8/site-packages/talker_listener/__pycache__/PoseEstimationMin.cpython-38.pyc
/home/user/AutoSys-TurtlebotRos2/install/talker_listener/lib/python3.8/site-packages/talker_listener/__pycache__/talker_node.cpython-38.pyc
/home/user/AutoSys-TurtlebotRos2/install/talker_listener/share/ament_index/resource_index/packages/talker_listener
/home/user/AutoSys-TurtlebotRos2/install/talker_listener/share/talker_listener/package.xml
/home/user/AutoSys-TurtlebotRos2/install/talker_listener/lib/python3.8/site-packages/talker_listener-0.0.0-py3.8.egg-info/requires.txt
/home/user/AutoSys-TurtlebotRos2/install/talker_listener/lib/python3.8/site-packages/talker_listener-0.0.0-py3.8.egg-info/zip-safe
/home/user/AutoSys-TurtlebotRos2/install/talker_listener/lib/python3.8/site-packages/talker_listener-0.0.0-py3.8.egg-info/top_level.txt
/home/user/AutoSys-TurtlebotRos2/install/talker_listener/lib/python3.8/site-packages/talker_listener-0.0.0-py3.8.egg-info/entry_points.txt
/home/user/AutoSys-TurtlebotRos2/install/talker_listener/lib/python3.8/site-packages/talker_listener-0.0.0-py3.8.egg-info/PKG-INFO
/home/user/AutoSys-TurtlebotRos2/install/talker_listener/lib/python3.8/site-packages/talker_listener-0.0.0-py3.8.egg-info/SOURCES.txt
/home/user/AutoSys-TurtlebotRos2/install/talker_listener/lib/python3.8/site-packages/talker_listener-0.0.0-py3.8.egg-info/dependency_links.txt
/home/user/AutoSys-TurtlebotRos2/install/talker_listener/lib/talker_listener/follower
/home/user/AutoSys-TurtlebotRos2/install/talker_listener/lib/talker_listener/picture_publisher
/home/user/AutoSys-TurtlebotRos2/install/talker_listener/lib/talker_listener/talker_listener
