[5.166s] Invoking command in '/home/ubuntu/AutoSys-TurtlebotRos2/ros2_ws/src/talker_listener': PYTHONPATH=/home/ubuntu/AutoSys-TurtlebotRos2/ros2_ws/install/talker_listener/lib/python3.8/site-packages:${PYTHONPATH} /usr/bin/python3 setup.py egg_info --egg-base ../../build/talker_listener build --build-base /home/ubuntu/AutoSys-TurtlebotRos2/ros2_ws/build/talker_listener/build install --prefix /home/ubuntu/AutoSys-TurtlebotRos2/ros2_ws/install/talker_listener --record /home/ubuntu/AutoSys-TurtlebotRos2/ros2_ws/build/talker_listener/install.log --single-version-externally-managed
[6.806s] running egg_info
[6.807s] writing ../../build/talker_listener/talker_listener.egg-info/PKG-INFO
[6.808s] writing dependency_links to ../../build/talker_listener/talker_listener.egg-info/dependency_links.txt
[6.810s] writing entry points to ../../build/talker_listener/talker_listener.egg-info/entry_points.txt
[6.810s] writing requirements to ../../build/talker_listener/talker_listener.egg-info/requires.txt
[6.811s] writing top-level names to ../../build/talker_listener/talker_listener.egg-info/top_level.txt
[7.024s] reading manifest file '../../build/talker_listener/talker_listener.egg-info/SOURCES.txt'
[7.029s] writing manifest file '../../build/talker_listener/talker_listener.egg-info/SOURCES.txt'
[7.031s] running build
[7.031s] running build_py
[7.033s] copying talker_listener/picture_publisher.py -> /home/ubuntu/AutoSys-TurtlebotRos2/ros2_ws/build/talker_listener/build/lib/talker_listener
[7.035s] running install
[7.039s] running install_lib
[7.047s] copying /home/ubuntu/AutoSys-TurtlebotRos2/ros2_ws/build/talker_listener/build/lib/talker_listener/picture_publisher.py -> /home/ubuntu/AutoSys-TurtlebotRos2/ros2_ws/install/talker_listener/lib/python3.8/site-packages/talker_listener
[7.053s] byte-compiling /home/ubuntu/AutoSys-TurtlebotRos2/ros2_ws/install/talker_listener/lib/python3.8/site-packages/talker_listener/picture_publisher.py to picture_publisher.cpython-38.pyc
[7.066s] running install_data
[7.068s] running install_egg_info
[7.077s] removing '/home/ubuntu/AutoSys-TurtlebotRos2/ros2_ws/install/talker_listener/lib/python3.8/site-packages/talker_listener-0.0.0-py3.8.egg-info' (and everything under it)
[7.078s] Copying ../../build/talker_listener/talker_listener.egg-info to /home/ubuntu/AutoSys-TurtlebotRos2/ros2_ws/install/talker_listener/lib/python3.8/site-packages/talker_listener-0.0.0-py3.8.egg-info
[7.089s] running install_scripts
[7.188s] Installing follower script to /home/ubuntu/AutoSys-TurtlebotRos2/ros2_ws/install/talker_listener/lib/talker_listener
[7.190s] Installing picture_publisher script to /home/ubuntu/AutoSys-TurtlebotRos2/ros2_ws/install/talker_listener/lib/talker_listener
[7.191s] Installing talker_listener script to /home/ubuntu/AutoSys-TurtlebotRos2/ros2_ws/install/talker_listener/lib/talker_listener
[7.193s] writing list of installed files to '/home/ubuntu/AutoSys-TurtlebotRos2/ros2_ws/build/talker_listener/install.log'
[7.344s] Invoked command in '/home/ubuntu/AutoSys-TurtlebotRos2/ros2_ws/src/talker_listener' returned '0': PYTHONPATH=/home/ubuntu/AutoSys-TurtlebotRos2/ros2_ws/install/talker_listener/lib/python3.8/site-packages:${PYTHONPATH} /usr/bin/python3 setup.py egg_info --egg-base ../../build/talker_listener build --build-base /home/ubuntu/AutoSys-TurtlebotRos2/ros2_ws/build/talker_listener/build install --prefix /home/ubuntu/AutoSys-TurtlebotRos2/ros2_ws/install/talker_listener --record /home/ubuntu/AutoSys-TurtlebotRos2/ros2_ws/build/talker_listener/install.log --single-version-externally-managed
