[4.558s] Invoking command in '/home/ubuntu/ros2_ws/src/talker_listener': PYTHONPATH=/home/ubuntu/ros2_ws/install/talker_listener/lib/python3.8/site-packages:${PYTHONPATH} /usr/bin/python3 setup.py egg_info --egg-base ../../build/talker_listener build --build-base /home/ubuntu/ros2_ws/build/talker_listener/build install --prefix /home/ubuntu/ros2_ws/install/talker_listener --record /home/ubuntu/ros2_ws/build/talker_listener/install.log --single-version-externally-managed
[5.936s] running egg_info
[5.940s] writing ../../build/talker_listener/talker_listener.egg-info/PKG-INFO
[5.942s] writing dependency_links to ../../build/talker_listener/talker_listener.egg-info/dependency_links.txt
[5.943s] writing entry points to ../../build/talker_listener/talker_listener.egg-info/entry_points.txt
[5.944s] writing requirements to ../../build/talker_listener/talker_listener.egg-info/requires.txt
[5.945s] writing top-level names to ../../build/talker_listener/talker_listener.egg-info/top_level.txt
[6.123s] reading manifest file '../../build/talker_listener/talker_listener.egg-info/SOURCES.txt'
[6.128s] writing manifest file '../../build/talker_listener/talker_listener.egg-info/SOURCES.txt'
[6.137s] running build
[6.138s] running build_py
[6.139s] running install
[6.141s] running install_lib
[6.147s] running install_data
[6.150s] running install_egg_info
[6.159s] removing '/home/ubuntu/ros2_ws/install/talker_listener/lib/python3.8/site-packages/talker_listener-0.0.0-py3.8.egg-info' (and everything under it)
[6.164s] Copying ../../build/talker_listener/talker_listener.egg-info to /home/ubuntu/ros2_ws/install/talker_listener/lib/python3.8/site-packages/talker_listener-0.0.0-py3.8.egg-info
[6.196s] running install_scripts
[6.290s] Installing follower script to /home/ubuntu/ros2_ws/install/talker_listener/lib/talker_listener
[6.293s] Installing talker_listener script to /home/ubuntu/ros2_ws/install/talker_listener/lib/talker_listener
[6.304s] writing list of installed files to '/home/ubuntu/ros2_ws/build/talker_listener/install.log'
[6.432s] Invoked command in '/home/ubuntu/ros2_ws/src/talker_listener' returned '0': PYTHONPATH=/home/ubuntu/ros2_ws/install/talker_listener/lib/python3.8/site-packages:${PYTHONPATH} /usr/bin/python3 setup.py egg_info --egg-base ../../build/talker_listener build --build-base /home/ubuntu/ros2_ws/build/talker_listener/build install --prefix /home/ubuntu/ros2_ws/install/talker_listener --record /home/ubuntu/ros2_ws/build/talker_listener/install.log --single-version-externally-managed
