[0.441s] DEBUG:colcon:Command line arguments: ['/usr/bin/colcon', 'build']
[0.441s] DEBUG:colcon:Parsed command line arguments: Namespace(allow_overriding=[], ament_cmake_args=None, base_paths=['.'], build_base='build', catkin_cmake_args=None, catkin_skip_building_tests=False, cmake_args=None, cmake_clean_cache=False, cmake_clean_first=False, cmake_force_configure=False, cmake_target=None, cmake_target_skip_unavailable=False, continue_on_error=False, event_handlers=None, executor='parallel', ignore_user_meta=False, install_base='install', log_base=None, log_level=None, main=<bound method BuildVerb.main of <colcon_core.verb.build.BuildVerb object at 0x7f52a2a41670>>, merge_install=False, metas=['./colcon.meta'], packages_above=None, packages_above_and_dependencies=None, packages_above_depth=None, packages_end=None, packages_ignore=None, packages_ignore_regex=None, packages_select=None, packages_select_build_failed=False, packages_select_by_dep=None, packages_select_regex=None, packages_select_test_failures=False, packages_skip=None, packages_skip_build_finished=False, packages_skip_by_dep=None, packages_skip_regex=None, packages_skip_test_passed=False, packages_skip_up_to=None, packages_start=None, packages_up_to=None, packages_up_to_regex=None, parallel_workers=12, paths=None, symlink_install=False, test_result_base=None, verb_extension=<colcon_core.verb.build.BuildVerb object at 0x7f52a2a41670>, verb_name='build', verb_parser=<colcon_defaults.argument_parser.defaults.DefaultArgumentsDecorator object at 0x7f52a2a41bb0>)
[0.502s] Level 1:colcon.colcon_core.package_discovery:discover_packages(colcon_meta) check parameters
[0.502s] Level 1:colcon.colcon_core.package_discovery:discover_packages(recursive) check parameters
[0.502s] Level 1:colcon.colcon_core.package_discovery:discover_packages(ignore) check parameters
[0.502s] Level 1:colcon.colcon_core.package_discovery:discover_packages(path) check parameters
[0.502s] Level 1:colcon.colcon_core.package_discovery:discover_packages(colcon_meta) discover
[0.502s] Level 1:colcon.colcon_core.package_discovery:discover_packages(recursive) discover
[0.502s] INFO:colcon.colcon_core.package_discovery:Crawling recursively for packages in '/home/user/AutoSys-TurtlebotRos2/ros2_ws'
[0.502s] Level 1:colcon.colcon_core.package_identification:_identify(.) by extensions ['ignore', 'ignore_ament_install']
[0.502s] Level 1:colcon.colcon_core.package_identification:_identify(.) by extension 'ignore'
[0.502s] Level 1:colcon.colcon_core.package_identification:_identify(.) by extension 'ignore_ament_install'
[0.503s] Level 1:colcon.colcon_core.package_identification:_identify(.) by extensions ['colcon_pkg']
[0.503s] Level 1:colcon.colcon_core.package_identification:_identify(.) by extension 'colcon_pkg'
[0.503s] Level 1:colcon.colcon_core.package_identification:_identify(.) by extensions ['colcon_meta']
[0.503s] Level 1:colcon.colcon_core.package_identification:_identify(.) by extension 'colcon_meta'
[0.503s] Level 1:colcon.colcon_core.package_identification:_identify(.) by extensions ['ros']
[0.503s] Level 1:colcon.colcon_core.package_identification:_identify(.) by extension 'ros'
[0.519s] Level 1:colcon.colcon_core.package_identification:_identify(.) by extensions ['cmake', 'python']
[0.519s] Level 1:colcon.colcon_core.package_identification:_identify(.) by extension 'cmake'
[0.519s] Level 1:colcon.colcon_core.package_identification:_identify(.) by extension 'python'
[0.519s] Level 1:colcon.colcon_core.package_identification:_identify(.) by extensions ['python_setup_py']
[0.519s] Level 1:colcon.colcon_core.package_identification:_identify(.) by extension 'python_setup_py'
[0.519s] Level 1:colcon.colcon_core.package_identification:_identify(build) by extensions ['ignore', 'ignore_ament_install']
[0.519s] Level 1:colcon.colcon_core.package_identification:_identify(build) by extension 'ignore'
[0.519s] Level 1:colcon.colcon_core.package_identification:_identify(build) ignored
[0.519s] Level 1:colcon.colcon_core.package_identification:_identify(install) by extensions ['ignore', 'ignore_ament_install']
[0.519s] Level 1:colcon.colcon_core.package_identification:_identify(install) by extension 'ignore'
[0.519s] Level 1:colcon.colcon_core.package_identification:_identify(install) ignored
[0.519s] Level 1:colcon.colcon_core.package_identification:_identify(log) by extensions ['ignore', 'ignore_ament_install']
[0.520s] Level 1:colcon.colcon_core.package_identification:_identify(log) by extension 'ignore'
[0.520s] Level 1:colcon.colcon_core.package_identification:_identify(log) ignored
[0.520s] Level 1:colcon.colcon_core.package_identification:_identify(src) by extensions ['ignore', 'ignore_ament_install']
[0.520s] Level 1:colcon.colcon_core.package_identification:_identify(src) by extension 'ignore'
[0.520s] Level 1:colcon.colcon_core.package_identification:_identify(src) by extension 'ignore_ament_install'
[0.520s] Level 1:colcon.colcon_core.package_identification:_identify(src) by extensions ['colcon_pkg']
[0.520s] Level 1:colcon.colcon_core.package_identification:_identify(src) by extension 'colcon_pkg'
[0.520s] Level 1:colcon.colcon_core.package_identification:_identify(src) by extensions ['colcon_meta']
[0.520s] Level 1:colcon.colcon_core.package_identification:_identify(src) by extension 'colcon_meta'
[0.520s] Level 1:colcon.colcon_core.package_identification:_identify(src) by extensions ['ros']
[0.520s] Level 1:colcon.colcon_core.package_identification:_identify(src) by extension 'ros'
[0.520s] Level 1:colcon.colcon_core.package_identification:_identify(src) by extensions ['cmake', 'python']
[0.520s] Level 1:colcon.colcon_core.package_identification:_identify(src) by extension 'cmake'
[0.520s] Level 1:colcon.colcon_core.package_identification:_identify(src) by extension 'python'
[0.520s] Level 1:colcon.colcon_core.package_identification:_identify(src) by extensions ['python_setup_py']
[0.520s] Level 1:colcon.colcon_core.package_identification:_identify(src) by extension 'python_setup_py'
[0.520s] Level 1:colcon.colcon_core.package_identification:_identify(src/talker_listener) by extensions ['ignore', 'ignore_ament_install']
[0.521s] Level 1:colcon.colcon_core.package_identification:_identify(src/talker_listener) by extension 'ignore'
[0.521s] Level 1:colcon.colcon_core.package_identification:_identify(src/talker_listener) by extension 'ignore_ament_install'
[0.521s] Level 1:colcon.colcon_core.package_identification:_identify(src/talker_listener) by extensions ['colcon_pkg']
[0.521s] Level 1:colcon.colcon_core.package_identification:_identify(src/talker_listener) by extension 'colcon_pkg'
[0.521s] Level 1:colcon.colcon_core.package_identification:_identify(src/talker_listener) by extensions ['colcon_meta']
[0.521s] Level 1:colcon.colcon_core.package_identification:_identify(src/talker_listener) by extension 'colcon_meta'
[0.521s] Level 1:colcon.colcon_core.package_identification:_identify(src/talker_listener) by extensions ['ros']
[0.521s] Level 1:colcon.colcon_core.package_identification:_identify(src/talker_listener) by extension 'ros'
[0.524s] DEBUG:colcon.colcon_core.package_identification:Package 'src/talker_listener' with type 'ros.ament_python' and name 'talker_listener'
[0.524s] Level 1:colcon.colcon_core.package_discovery:discover_packages(recursive) using defaults
[0.524s] Level 1:colcon.colcon_core.package_discovery:discover_packages(ignore) discover
[0.524s] Level 1:colcon.colcon_core.package_discovery:discover_packages(ignore) using defaults
[0.525s] Level 1:colcon.colcon_core.package_discovery:discover_packages(path) discover
[0.525s] Level 1:colcon.colcon_core.package_discovery:discover_packages(path) using defaults
[0.567s] Level 1:colcon.colcon_core.package_discovery:discover_packages(prefix_path) check parameters
[0.567s] Level 1:colcon.colcon_core.package_discovery:discover_packages(prefix_path) discover
[0.572s] DEBUG:colcon.colcon_installed_package_information.package_discovery:Found 1 installed packages in /home/user/AutoSys-TurtlebotRos2/picproc_ws/install
[0.573s] DEBUG:colcon.colcon_installed_package_information.package_discovery:Found 0 installed packages in /home/user/colcon_ws/install
[0.578s] DEBUG:colcon.colcon_installed_package_information.package_discovery:Found 332 installed packages in /opt/ros/foxy
[0.579s] Level 1:colcon.colcon_core.package_discovery:discover_packages(prefix_path) using defaults
[0.785s] Level 5:colcon.colcon_core.verb:set package 'talker_listener' build argument 'cmake_args' from command line to 'None'
[0.785s] Level 5:colcon.colcon_core.verb:set package 'talker_listener' build argument 'cmake_target' from command line to 'None'
[0.785s] Level 5:colcon.colcon_core.verb:set package 'talker_listener' build argument 'cmake_target_skip_unavailable' from command line to 'False'
[0.785s] Level 5:colcon.colcon_core.verb:set package 'talker_listener' build argument 'cmake_clean_cache' from command line to 'False'
[0.785s] Level 5:colcon.colcon_core.verb:set package 'talker_listener' build argument 'cmake_clean_first' from command line to 'False'
[0.785s] Level 5:colcon.colcon_core.verb:set package 'talker_listener' build argument 'cmake_force_configure' from command line to 'False'
[0.786s] Level 5:colcon.colcon_core.verb:set package 'talker_listener' build argument 'ament_cmake_args' from command line to 'None'
[0.786s] Level 5:colcon.colcon_core.verb:set package 'talker_listener' build argument 'catkin_cmake_args' from command line to 'None'
[0.786s] Level 5:colcon.colcon_core.verb:set package 'talker_listener' build argument 'catkin_skip_building_tests' from command line to 'False'
[0.786s] DEBUG:colcon.colcon_core.verb:Building package 'talker_listener' with the following arguments: {'ament_cmake_args': None, 'build_base': '/home/user/AutoSys-TurtlebotRos2/ros2_ws/build/talker_listener', 'catkin_cmake_args': None, 'catkin_skip_building_tests': False, 'cmake_args': None, 'cmake_clean_cache': False, 'cmake_clean_first': False, 'cmake_force_configure': False, 'cmake_target': None, 'cmake_target_skip_unavailable': False, 'install_base': '/home/user/AutoSys-TurtlebotRos2/ros2_ws/install/talker_listener', 'merge_install': False, 'path': '/home/user/AutoSys-TurtlebotRos2/ros2_ws/src/talker_listener', 'symlink_install': False, 'test_result_base': None}
[0.786s] INFO:colcon.colcon_core.executor:Executing jobs using 'parallel' executor
[0.789s] DEBUG:colcon.colcon_parallel_executor.executor.parallel:run_until_complete
[0.790s] INFO:colcon.colcon_ros.task.ament_python.build:Building ROS package in '/home/user/AutoSys-TurtlebotRos2/ros2_ws/src/talker_listener' with build type 'ament_python'
[0.790s] Level 1:colcon.colcon_core.shell:create_environment_hook('talker_listener', 'ament_prefix_path')
[0.799s] INFO:colcon.colcon_core.plugin_system:Skipping extension 'colcon_core.shell.bat': Not used on non-Windows systems
[0.799s] INFO:colcon.colcon_core.shell:Creating environment hook '/home/user/AutoSys-TurtlebotRos2/ros2_ws/install/talker_listener/share/talker_listener/hook/ament_prefix_path.ps1'
[0.801s] INFO:colcon.colcon_core.shell:Creating environment descriptor '/home/user/AutoSys-TurtlebotRos2/ros2_ws/install/talker_listener/share/talker_listener/hook/ament_prefix_path.dsv'
[0.802s] INFO:colcon.colcon_core.shell:Creating environment hook '/home/user/AutoSys-TurtlebotRos2/ros2_ws/install/talker_listener/share/talker_listener/hook/ament_prefix_path.sh'
[0.804s] INFO:colcon.colcon_core.shell:Skip shell extension 'powershell' for command environment: Not usable outside of PowerShell
[0.805s] DEBUG:colcon.colcon_core.shell:Skip shell extension 'dsv' for command environment
[0.989s] INFO:colcon.colcon_core.task.python.build:Building Python package in '/home/user/AutoSys-TurtlebotRos2/ros2_ws/src/talker_listener'
[0.990s] INFO:colcon.colcon_core.shell:Skip shell extension 'powershell' for command environment: Not usable outside of PowerShell
[0.990s] DEBUG:colcon.colcon_core.shell:Skip shell extension 'dsv' for command environment
[1.409s] DEBUG:colcon.colcon_core.event_handler.log_command:Invoking command in '/home/user/AutoSys-TurtlebotRos2/ros2_ws/src/talker_listener': PYTHONPATH=/home/user/AutoSys-TurtlebotRos2/ros2_ws/build/talker_listener/prefix_override:/home/user/AutoSys-TurtlebotRos2/ros2_ws/install/talker_listener/lib/python3.8/site-packages:${PYTHONPATH} /usr/bin/python3 setup.py egg_info --egg-base ../../build/talker_listener build --build-base /home/user/AutoSys-TurtlebotRos2/ros2_ws/build/talker_listener/build install --record /home/user/AutoSys-TurtlebotRos2/ros2_ws/build/talker_listener/install.log --install-scripts $base/lib/talker_listener --single-version-externally-managed
[1.647s] DEBUG:colcon.colcon_core.event_handler.log_command:Invoked command in '/home/user/AutoSys-TurtlebotRos2/ros2_ws/src/talker_listener' returned '0': PYTHONPATH=/home/user/AutoSys-TurtlebotRos2/ros2_ws/build/talker_listener/prefix_override:/home/user/AutoSys-TurtlebotRos2/ros2_ws/install/talker_listener/lib/python3.8/site-packages:${PYTHONPATH} /usr/bin/python3 setup.py egg_info --egg-base ../../build/talker_listener build --build-base /home/user/AutoSys-TurtlebotRos2/ros2_ws/build/talker_listener/build install --record /home/user/AutoSys-TurtlebotRos2/ros2_ws/build/talker_listener/install.log --install-scripts $base/lib/talker_listener --single-version-externally-managed
[1.662s] Level 1:colcon.colcon_core.environment:checking '/home/user/AutoSys-TurtlebotRos2/ros2_ws/install/talker_listener' for CMake module files
[1.663s] Level 1:colcon.colcon_core.environment:checking '/home/user/AutoSys-TurtlebotRos2/ros2_ws/install/talker_listener' for CMake config files
[1.664s] Level 1:colcon.colcon_core.environment:checking '/home/user/AutoSys-TurtlebotRos2/ros2_ws/install/talker_listener/lib'
[1.664s] Level 1:colcon.colcon_core.environment:checking '/home/user/AutoSys-TurtlebotRos2/ros2_ws/install/talker_listener/bin'
[1.664s] Level 1:colcon.colcon_core.environment:checking '/home/user/AutoSys-TurtlebotRos2/ros2_ws/install/talker_listener/lib/pkgconfig/talker_listener.pc'
[1.664s] Level 1:colcon.colcon_core.environment:checking '/home/user/AutoSys-TurtlebotRos2/ros2_ws/install/talker_listener/lib/python3.8/site-packages'
[1.664s] Level 1:colcon.colcon_core.shell:create_environment_hook('talker_listener', 'pythonpath')
[1.665s] INFO:colcon.colcon_core.shell:Creating environment hook '/home/user/AutoSys-TurtlebotRos2/ros2_ws/install/talker_listener/share/talker_listener/hook/pythonpath.ps1'
[1.666s] INFO:colcon.colcon_core.shell:Creating environment descriptor '/home/user/AutoSys-TurtlebotRos2/ros2_ws/install/talker_listener/share/talker_listener/hook/pythonpath.dsv'
[1.666s] INFO:colcon.colcon_core.shell:Creating environment hook '/home/user/AutoSys-TurtlebotRos2/ros2_ws/install/talker_listener/share/talker_listener/hook/pythonpath.sh'
[1.666s] Level 1:colcon.colcon_core.environment:checking '/home/user/AutoSys-TurtlebotRos2/ros2_ws/install/talker_listener/bin'
[1.666s] Level 1:colcon.colcon_core.environment:create_environment_scripts_only(talker_listener)
[1.667s] INFO:colcon.colcon_core.shell:Creating package script '/home/user/AutoSys-TurtlebotRos2/ros2_ws/install/talker_listener/share/talker_listener/package.ps1'
[1.669s] INFO:colcon.colcon_core.shell:Creating package descriptor '/home/user/AutoSys-TurtlebotRos2/ros2_ws/install/talker_listener/share/talker_listener/package.dsv'
[1.670s] INFO:colcon.colcon_core.shell:Creating package script '/home/user/AutoSys-TurtlebotRos2/ros2_ws/install/talker_listener/share/talker_listener/package.sh'
[1.670s] INFO:colcon.colcon_core.shell:Creating package script '/home/user/AutoSys-TurtlebotRos2/ros2_ws/install/talker_listener/share/talker_listener/package.bash'
[1.672s] INFO:colcon.colcon_core.shell:Creating package script '/home/user/AutoSys-TurtlebotRos2/ros2_ws/install/talker_listener/share/talker_listener/package.zsh'
[1.673s] Level 1:colcon.colcon_core.environment:create_file_with_runtime_dependencies(/home/user/AutoSys-TurtlebotRos2/ros2_ws/install/talker_listener/share/colcon-core/packages/talker_listener)
[1.673s] DEBUG:colcon.colcon_parallel_executor.executor.parallel:closing loop
[1.673s] DEBUG:colcon.colcon_parallel_executor.executor.parallel:loop closed
[1.673s] DEBUG:colcon.colcon_parallel_executor.executor.parallel:run_until_complete finished with '0'
[1.673s] DEBUG:colcon.colcon_core.event_reactor:joining thread
[1.744s] INFO:colcon.colcon_core.plugin_system:Skipping extension 'colcon_notification.desktop_notification.notify_send': Could not find 'notify-send'
[1.744s] INFO:colcon.colcon_core.plugin_system:Skipping extension 'colcon_notification.desktop_notification.terminal_notifier': Not used on non-Darwin systems
[1.744s] INFO:colcon.colcon_core.plugin_system:Skipping extension 'colcon_notification.desktop_notification.win32': Not used on non-Windows systems
[1.745s] INFO:colcon.colcon_notification.desktop_notification:Sending desktop notification using 'notify2'
[1.794s] DEBUG:colcon.colcon_notification.desktop_notification.notify2:Failed to initialize notify2: org.freedesktop.DBus.Error.ServiceUnknown: The name org.freedesktop.Notifications was not provided by any .service files
[1.794s] DEBUG:colcon.colcon_core.event_reactor:joined thread
[1.796s] INFO:colcon.colcon_core.shell:Creating prefix script '/home/user/AutoSys-TurtlebotRos2/ros2_ws/install/local_setup.ps1'
[1.797s] INFO:colcon.colcon_core.shell:Creating prefix util module '/home/user/AutoSys-TurtlebotRos2/ros2_ws/install/_local_setup_util_ps1.py'
[1.798s] INFO:colcon.colcon_core.shell:Creating prefix chain script '/home/user/AutoSys-TurtlebotRos2/ros2_ws/install/setup.ps1'
[1.800s] INFO:colcon.colcon_core.shell:Creating prefix script '/home/user/AutoSys-TurtlebotRos2/ros2_ws/install/local_setup.sh'
[1.800s] INFO:colcon.colcon_core.shell:Creating prefix util module '/home/user/AutoSys-TurtlebotRos2/ros2_ws/install/_local_setup_util_sh.py'
[1.801s] INFO:colcon.colcon_core.shell:Creating prefix chain script '/home/user/AutoSys-TurtlebotRos2/ros2_ws/install/setup.sh'
[1.802s] INFO:colcon.colcon_core.shell:Creating prefix script '/home/user/AutoSys-TurtlebotRos2/ros2_ws/install/local_setup.bash'
[1.803s] INFO:colcon.colcon_core.shell:Creating prefix chain script '/home/user/AutoSys-TurtlebotRos2/ros2_ws/install/setup.bash'
[1.804s] INFO:colcon.colcon_core.shell:Creating prefix script '/home/user/AutoSys-TurtlebotRos2/ros2_ws/install/local_setup.zsh'
[1.804s] INFO:colcon.colcon_core.shell:Creating prefix chain script '/home/user/AutoSys-TurtlebotRos2/ros2_ws/install/setup.zsh'
