[4.486s] Invoking command in '/home/ubuntu/ros2_ws/src/talker_listener': PYTHONPATH=/home/ubuntu/ros2_ws/install/talker_listener/lib/python3.8/site-packages:${PYTHONPATH} /usr/bin/python3 setup.py egg_info --egg-base ../../build/talker_listener build --build-base /home/ubuntu/ros2_ws/build/talker_listener/build install --prefix /home/ubuntu/ros2_ws/install/talker_listener --record /home/ubuntu/ros2_ws/build/talker_listener/install.log --single-version-externally-managed
[5.913s] running egg_info
[5.917s] writing ../../build/talker_listener/talker_listener.egg-info/PKG-INFO
[5.918s] writing dependency_links to ../../build/talker_listener/talker_listener.egg-info/dependency_links.txt
[5.922s] writing entry points to ../../build/talker_listener/talker_listener.egg-info/entry_points.txt
[5.930s] writing requirements to ../../build/talker_listener/talker_listener.egg-info/requires.txt
[5.933s] writing top-level names to ../../build/talker_listener/talker_listener.egg-info/top_level.txt
[6.108s] reading manifest file '../../build/talker_listener/talker_listener.egg-info/SOURCES.txt'
[6.112s] writing manifest file '../../build/talker_listener/talker_listener.egg-info/SOURCES.txt'
[6.113s] running build
[6.114s] running build_py
[6.115s] copying talker_listener/follower_node.py -> /home/ubuntu/ros2_ws/build/talker_listener/build/lib/talker_listener
[6.116s] running install
[6.119s] running install_lib
[6.124s] copying /home/ubuntu/ros2_ws/build/talker_listener/build/lib/talker_listener/follower_node.py -> /home/ubuntu/ros2_ws/install/talker_listener/lib/python3.8/site-packages/talker_listener
[6.127s] byte-compiling /home/ubuntu/ros2_ws/install/talker_listener/lib/python3.8/site-packages/talker_listener/follower_node.py to follower_node.cpython-38.pyc
[6.134s] running install_data
[6.136s] running install_egg_info
[6.143s] removing '/home/ubuntu/ros2_ws/install/talker_listener/lib/python3.8/site-packages/talker_listener-0.0.0-py3.8.egg-info' (and everything under it)
[6.145s] Copying ../../build/talker_listener/talker_listener.egg-info to /home/ubuntu/ros2_ws/install/talker_listener/lib/python3.8/site-packages/talker_listener-0.0.0-py3.8.egg-info
[6.151s] running install_scripts
[6.220s] Installing follower script to /home/ubuntu/ros2_ws/install/talker_listener/lib/talker_listener
[6.221s] Installing talker_listener script to /home/ubuntu/ros2_ws/install/talker_listener/lib/talker_listener
[6.223s] writing list of installed files to '/home/ubuntu/ros2_ws/build/talker_listener/install.log'
[6.321s] Invoked command in '/home/ubuntu/ros2_ws/src/talker_listener' returned '0': PYTHONPATH=/home/ubuntu/ros2_ws/install/talker_listener/lib/python3.8/site-packages:${PYTHONPATH} /usr/bin/python3 setup.py egg_info --egg-base ../../build/talker_listener build --build-base /home/ubuntu/ros2_ws/build/talker_listener/build install --prefix /home/ubuntu/ros2_ws/install/talker_listener --record /home/ubuntu/ros2_ws/build/talker_listener/install.log --single-version-externally-managed
