[0.713s] DEBUG:colcon:Command line arguments: ['/usr/bin/colcon', 'build']
[0.713s] DEBUG:colcon:Parsed command line arguments: Namespace(allow_overriding=[], ament_cmake_args=None, base_paths=['.'], build_base='build', catkin_cmake_args=None, catkin_skip_building_tests=False, cmake_args=None, cmake_clean_cache=False, cmake_clean_first=False, cmake_force_configure=False, cmake_target=None, cmake_target_skip_unavailable=False, continue_on_error=False, event_handlers=None, executor='parallel', ignore_user_meta=False, install_base='install', log_base=None, log_level=None, main=<bound method BuildVerb.main of <colcon_core.verb.build.BuildVerb object at 0xffffaa0d7e50>>, merge_install=False, metas=['./colcon.meta'], packages_above=None, packages_above_and_dependencies=None, packages_above_depth=None, packages_end=None, packages_ignore=None, packages_ignore_regex=None, packages_select=None, packages_select_build_failed=False, packages_select_by_dep=None, packages_select_regex=None, packages_select_test_failures=False, packages_skip=None, packages_skip_build_finished=False, packages_skip_by_dep=None, packages_skip_regex=None, packages_skip_test_passed=False, packages_skip_up_to=None, packages_start=None, packages_up_to=None, packages_up_to_regex=None, parallel_workers=4, paths=None, symlink_install=False, test_result_base=None, verb_extension=<colcon_core.verb.build.BuildVerb object at 0xffffaa0d7e50>, verb_name='build', verb_parser=<colcon_defaults.argument_parser.defaults.DefaultArgumentsDecorator object at 0xffffaa0ea400>)
[0.837s] Level 1:colcon.colcon_core.package_discovery:discover_packages(colcon_meta) check parameters
[0.838s] Level 1:colcon.colcon_core.package_discovery:discover_packages(recursive) check parameters
[0.838s] Level 1:colcon.colcon_core.package_discovery:discover_packages(ignore) check parameters
[0.839s] Level 1:colcon.colcon_core.package_discovery:discover_packages(path) check parameters
[0.839s] Level 1:colcon.colcon_core.package_discovery:discover_packages(colcon_meta) discover
[0.840s] Level 1:colcon.colcon_core.package_discovery:discover_packages(recursive) discover
[0.840s] INFO:colcon.colcon_core.package_discovery:Crawling recursively for packages in '/home/ubuntu/AutoSys-TurtlebotRos2/ros2_ws'
[0.841s] Level 1:colcon.colcon_core.package_identification:_identify(.) by extensions ['ignore', 'ignore_ament_install']
[0.843s] Level 1:colcon.colcon_core.package_identification:_identify(.) by extension 'ignore'
[0.844s] Level 1:colcon.colcon_core.package_identification:_identify(.) by extension 'ignore_ament_install'
[0.844s] Level 1:colcon.colcon_core.package_identification:_identify(.) by extensions ['colcon_pkg']
[0.845s] Level 1:colcon.colcon_core.package_identification:_identify(.) by extension 'colcon_pkg'
[0.846s] Level 1:colcon.colcon_core.package_identification:_identify(.) by extensions ['colcon_meta']
[0.846s] Level 1:colcon.colcon_core.package_identification:_identify(.) by extension 'colcon_meta'
[0.847s] Level 1:colcon.colcon_core.package_identification:_identify(.) by extensions ['ros']
[0.847s] Level 1:colcon.colcon_core.package_identification:_identify(.) by extension 'ros'
[0.953s] Level 1:colcon.colcon_core.package_identification:_identify(.) by extensions ['cmake', 'python']
[0.954s] Level 1:colcon.colcon_core.package_identification:_identify(.) by extension 'cmake'
[0.954s] Level 1:colcon.colcon_core.package_identification:_identify(.) by extension 'python'
[0.955s] Level 1:colcon.colcon_core.package_identification:_identify(.) by extensions ['python_setup_py']
[0.955s] Level 1:colcon.colcon_core.package_identification:_identify(.) by extension 'python_setup_py'
[0.957s] Level 1:colcon.colcon_core.package_identification:_identify(build) by extensions ['ignore', 'ignore_ament_install']
[0.957s] Level 1:colcon.colcon_core.package_identification:_identify(build) by extension 'ignore'
[0.958s] Level 1:colcon.colcon_core.package_identification:_identify(build) ignored
[0.959s] Level 1:colcon.colcon_core.package_identification:_identify(install) by extensions ['ignore', 'ignore_ament_install']
[0.960s] Level 1:colcon.colcon_core.package_identification:_identify(install) by extension 'ignore'
[0.961s] Level 1:colcon.colcon_core.package_identification:_identify(install) ignored
[0.963s] Level 1:colcon.colcon_core.package_identification:_identify(log) by extensions ['ignore', 'ignore_ament_install']
[0.964s] Level 1:colcon.colcon_core.package_identification:_identify(log) by extension 'ignore'
[0.964s] Level 1:colcon.colcon_core.package_identification:_identify(log) ignored
[0.965s] Level 1:colcon.colcon_core.package_identification:_identify(src) by extensions ['ignore', 'ignore_ament_install']
[0.966s] Level 1:colcon.colcon_core.package_identification:_identify(src) by extension 'ignore'
[0.967s] Level 1:colcon.colcon_core.package_identification:_identify(src) by extension 'ignore_ament_install'
[0.967s] Level 1:colcon.colcon_core.package_identification:_identify(src) by extensions ['colcon_pkg']
[0.968s] Level 1:colcon.colcon_core.package_identification:_identify(src) by extension 'colcon_pkg'
[0.968s] Level 1:colcon.colcon_core.package_identification:_identify(src) by extensions ['colcon_meta']
[0.969s] Level 1:colcon.colcon_core.package_identification:_identify(src) by extension 'colcon_meta'
[0.969s] Level 1:colcon.colcon_core.package_identification:_identify(src) by extensions ['ros']
[0.969s] Level 1:colcon.colcon_core.package_identification:_identify(src) by extension 'ros'
[0.970s] Level 1:colcon.colcon_core.package_identification:_identify(src) by extensions ['cmake', 'python']
[0.971s] Level 1:colcon.colcon_core.package_identification:_identify(src) by extension 'cmake'
[0.971s] Level 1:colcon.colcon_core.package_identification:_identify(src) by extension 'python'
[0.972s] Level 1:colcon.colcon_core.package_identification:_identify(src) by extensions ['python_setup_py']
[0.972s] Level 1:colcon.colcon_core.package_identification:_identify(src) by extension 'python_setup_py'
[0.973s] Level 1:colcon.colcon_core.package_identification:_identify(src/talker_listener) by extensions ['ignore', 'ignore_ament_install']
[0.974s] Level 1:colcon.colcon_core.package_identification:_identify(src/talker_listener) by extension 'ignore'
[0.975s] Level 1:colcon.colcon_core.package_identification:_identify(src/talker_listener) by extension 'ignore_ament_install'
[0.976s] Level 1:colcon.colcon_core.package_identification:_identify(src/talker_listener) by extensions ['colcon_pkg']
[0.976s] Level 1:colcon.colcon_core.package_identification:_identify(src/talker_listener) by extension 'colcon_pkg'
[0.976s] Level 1:colcon.colcon_core.package_identification:_identify(src/talker_listener) by extensions ['colcon_meta']
[0.977s] Level 1:colcon.colcon_core.package_identification:_identify(src/talker_listener) by extension 'colcon_meta'
[0.977s] Level 1:colcon.colcon_core.package_identification:_identify(src/talker_listener) by extensions ['ros']
[0.978s] Level 1:colcon.colcon_core.package_identification:_identify(src/talker_listener) by extension 'ros'
[1.002s] DEBUG:colcon.colcon_core.package_identification:Package 'src/talker_listener' with type 'ros.ament_python' and name 'talker_listener'
[1.003s] Level 1:colcon.colcon_core.package_discovery:discover_packages(recursive) using defaults
[1.003s] Level 1:colcon.colcon_core.package_discovery:discover_packages(ignore) discover
[1.004s] Level 1:colcon.colcon_core.package_discovery:discover_packages(ignore) using defaults
[1.004s] Level 1:colcon.colcon_core.package_discovery:discover_packages(path) discover
[1.004s] Level 1:colcon.colcon_core.package_discovery:discover_packages(path) using defaults
[1.270s] Level 1:colcon.colcon_core.package_discovery:discover_packages(prefix_path) check parameters
[1.271s] Level 1:colcon.colcon_core.package_discovery:discover_packages(prefix_path) discover
[1.308s] DEBUG:colcon.colcon_installed_package_information.package_discovery:Found 1 installed packages in /home/ubuntu/AutoSys-TurtlebotRos2/ros2_ws/install
[1.321s] DEBUG:colcon.colcon_installed_package_information.package_discovery:Found 7 installed packages in /home/ubuntu/turtlebot3_ws/install
[1.343s] DEBUG:colcon.colcon_installed_package_information.package_discovery:Found 173 installed packages in /opt/ros/foxy
[1.356s] Level 1:colcon.colcon_core.package_discovery:discover_packages(prefix_path) using defaults
[1.951s] Level 5:colcon.colcon_core.verb:set package 'talker_listener' build argument 'cmake_args' from command line to 'None'
[1.952s] Level 5:colcon.colcon_core.verb:set package 'talker_listener' build argument 'cmake_target' from command line to 'None'
[1.952s] Level 5:colcon.colcon_core.verb:set package 'talker_listener' build argument 'cmake_target_skip_unavailable' from command line to 'False'
[1.953s] Level 5:colcon.colcon_core.verb:set package 'talker_listener' build argument 'cmake_clean_cache' from command line to 'False'
[1.953s] Level 5:colcon.colcon_core.verb:set package 'talker_listener' build argument 'cmake_clean_first' from command line to 'False'
[1.954s] Level 5:colcon.colcon_core.verb:set package 'talker_listener' build argument 'cmake_force_configure' from command line to 'False'
[1.954s] Level 5:colcon.colcon_core.verb:set package 'talker_listener' build argument 'ament_cmake_args' from command line to 'None'
[1.954s] Level 5:colcon.colcon_core.verb:set package 'talker_listener' build argument 'catkin_cmake_args' from command line to 'None'
[1.955s] Level 5:colcon.colcon_core.verb:set package 'talker_listener' build argument 'catkin_skip_building_tests' from command line to 'False'
[1.955s] DEBUG:colcon.colcon_core.verb:Building package 'talker_listener' with the following arguments: {'ament_cmake_args': None, 'build_base': '/home/ubuntu/AutoSys-TurtlebotRos2/ros2_ws/build/talker_listener', 'catkin_cmake_args': None, 'catkin_skip_building_tests': False, 'cmake_args': None, 'cmake_clean_cache': False, 'cmake_clean_first': False, 'cmake_force_configure': False, 'cmake_target': None, 'cmake_target_skip_unavailable': False, 'install_base': '/home/ubuntu/AutoSys-TurtlebotRos2/ros2_ws/install/talker_listener', 'merge_install': False, 'path': '/home/ubuntu/AutoSys-TurtlebotRos2/ros2_ws/src/talker_listener', 'symlink_install': False, 'test_result_base': None}
[1.965s] INFO:colcon.colcon_core.executor:Executing jobs using 'parallel' executor
[2.018s] DEBUG:colcon.colcon_parallel_executor.executor.parallel:run_until_complete
[2.021s] INFO:colcon.colcon_ros.task.ament_python.build:Building ROS package in '/home/ubuntu/AutoSys-TurtlebotRos2/ros2_ws/src/talker_listener' with build type 'ament_python'
[2.023s] Level 1:colcon.colcon_core.shell:create_environment_hook('talker_listener', 'ament_prefix_path')
[2.096s] INFO:colcon.colcon_core.plugin_system:Skipping extension 'colcon_core.shell.bat': Not used on non-Windows systems
[2.100s] INFO:colcon.colcon_core.shell:Creating environment hook '/home/ubuntu/AutoSys-TurtlebotRos2/ros2_ws/install/talker_listener/share/talker_listener/hook/ament_prefix_path.ps1'
[2.107s] INFO:colcon.colcon_core.shell:Creating environment descriptor '/home/ubuntu/AutoSys-TurtlebotRos2/ros2_ws/install/talker_listener/share/talker_listener/hook/ament_prefix_path.dsv'
[2.113s] INFO:colcon.colcon_core.shell:Creating environment hook '/home/ubuntu/AutoSys-TurtlebotRos2/ros2_ws/install/talker_listener/share/talker_listener/hook/ament_prefix_path.sh'
[2.148s] INFO:colcon.colcon_core.shell:Skip shell extension 'powershell' for command environment: Not usable outside of PowerShell
[2.149s] DEBUG:colcon.colcon_core.shell:Skip shell extension 'dsv' for command environment
[5.070s] INFO:colcon.colcon_core.task.python.build:Building Python package in '/home/ubuntu/AutoSys-TurtlebotRos2/ros2_ws/src/talker_listener'
[5.091s] INFO:colcon.colcon_core.shell:Skip shell extension 'powershell' for command environment: Not usable outside of PowerShell
[5.092s] DEBUG:colcon.colcon_core.shell:Skip shell extension 'dsv' for command environment
[10.860s] DEBUG:colcon.colcon_core.event_handler.log_command:Invoking command in '/home/ubuntu/AutoSys-TurtlebotRos2/ros2_ws/src/talker_listener': PYTHONPATH=/home/ubuntu/AutoSys-TurtlebotRos2/ros2_ws/install/talker_listener/lib/python3.8/site-packages:${PYTHONPATH} /usr/bin/python3 setup.py egg_info --egg-base ../../build/talker_listener build --build-base /home/ubuntu/AutoSys-TurtlebotRos2/ros2_ws/build/talker_listener/build install --prefix /home/ubuntu/AutoSys-TurtlebotRos2/ros2_ws/install/talker_listener --record /home/ubuntu/AutoSys-TurtlebotRos2/ros2_ws/build/talker_listener/install.log --single-version-externally-managed
[13.870s] DEBUG:colcon.colcon_core.event_handler.log_command:Invoked command in '/home/ubuntu/AutoSys-TurtlebotRos2/ros2_ws/src/talker_listener' returned '0': PYTHONPATH=/home/ubuntu/AutoSys-TurtlebotRos2/ros2_ws/install/talker_listener/lib/python3.8/site-packages:${PYTHONPATH} /usr/bin/python3 setup.py egg_info --egg-base ../../build/talker_listener build --build-base /home/ubuntu/AutoSys-TurtlebotRos2/ros2_ws/build/talker_listener/build install --prefix /home/ubuntu/AutoSys-TurtlebotRos2/ros2_ws/install/talker_listener --record /home/ubuntu/AutoSys-TurtlebotRos2/ros2_ws/build/talker_listener/install.log --single-version-externally-managed
[13.939s] Level 1:colcon.colcon_core.environment:checking '/home/ubuntu/AutoSys-TurtlebotRos2/ros2_ws/install/talker_listener' for CMake module files
[13.953s] Level 1:colcon.colcon_core.environment:checking '/home/ubuntu/AutoSys-TurtlebotRos2/ros2_ws/install/talker_listener' for CMake config files
[13.976s] Level 1:colcon.colcon_core.environment:checking '/home/ubuntu/AutoSys-TurtlebotRos2/ros2_ws/install/talker_listener/lib'
[13.982s] Level 1:colcon.colcon_core.environment:checking '/home/ubuntu/AutoSys-TurtlebotRos2/ros2_ws/install/talker_listener/bin'
[13.986s] Level 1:colcon.colcon_core.environment:checking '/home/ubuntu/AutoSys-TurtlebotRos2/ros2_ws/install/talker_listener/lib/pkgconfig/talker_listener.pc'
[13.996s] Level 1:colcon.colcon_core.environment:checking '/home/ubuntu/AutoSys-TurtlebotRos2/ros2_ws/install/talker_listener/lib/python3.8/site-packages'
[13.999s] Level 1:colcon.colcon_core.shell:create_environment_hook('talker_listener', 'pythonpath')
[14.017s] INFO:colcon.colcon_core.shell:Creating environment hook '/home/ubuntu/AutoSys-TurtlebotRos2/ros2_ws/install/talker_listener/share/talker_listener/hook/pythonpath.ps1'
[14.022s] INFO:colcon.colcon_core.shell:Creating environment descriptor '/home/ubuntu/AutoSys-TurtlebotRos2/ros2_ws/install/talker_listener/share/talker_listener/hook/pythonpath.dsv'
[14.027s] INFO:colcon.colcon_core.shell:Creating environment hook '/home/ubuntu/AutoSys-TurtlebotRos2/ros2_ws/install/talker_listener/share/talker_listener/hook/pythonpath.sh'
[14.042s] Level 1:colcon.colcon_core.environment:checking '/home/ubuntu/AutoSys-TurtlebotRos2/ros2_ws/install/talker_listener/bin'
[14.044s] Level 1:colcon.colcon_core.environment:create_environment_scripts_only(talker_listener)
[14.075s] INFO:colcon.colcon_core.shell:Creating package script '/home/ubuntu/AutoSys-TurtlebotRos2/ros2_ws/install/talker_listener/share/talker_listener/package.ps1'
[14.095s] INFO:colcon.colcon_core.shell:Creating package descriptor '/home/ubuntu/AutoSys-TurtlebotRos2/ros2_ws/install/talker_listener/share/talker_listener/package.dsv'
[14.105s] INFO:colcon.colcon_core.shell:Creating package script '/home/ubuntu/AutoSys-TurtlebotRos2/ros2_ws/install/talker_listener/share/talker_listener/package.sh'
[14.117s] INFO:colcon.colcon_core.shell:Creating package script '/home/ubuntu/AutoSys-TurtlebotRos2/ros2_ws/install/talker_listener/share/talker_listener/package.bash'
[14.131s] INFO:colcon.colcon_core.shell:Creating package script '/home/ubuntu/AutoSys-TurtlebotRos2/ros2_ws/install/talker_listener/share/talker_listener/package.zsh'
[14.149s] Level 1:colcon.colcon_core.environment:create_file_with_runtime_dependencies(/home/ubuntu/AutoSys-TurtlebotRos2/ros2_ws/install/talker_listener/share/colcon-core/packages/talker_listener)
[14.165s] DEBUG:colcon.colcon_parallel_executor.executor.parallel:closing loop
[14.167s] DEBUG:colcon.colcon_parallel_executor.executor.parallel:loop closed
[14.171s] DEBUG:colcon.colcon_parallel_executor.executor.parallel:run_until_complete finished with '0'
[14.173s] DEBUG:colcon.colcon_core.event_reactor:joining thread
[14.293s] INFO:colcon.colcon_core.plugin_system:Skipping extension 'colcon_notification.desktop_notification.terminal_notifier': Not used on non-Darwin systems
[14.294s] INFO:colcon.colcon_core.plugin_system:Skipping extension 'colcon_notification.desktop_notification.win32': Not used on non-Windows systems
[14.296s] INFO:colcon.colcon_notification.desktop_notification:Sending desktop notification using 'notify2'
[39.342s] DEBUG:colcon.colcon_notification.desktop_notification.notify2:Failed to initialize notify2: org.freedesktop.DBus.Error.NoReply: Did not receive a reply. Possible causes include: the remote application did not send a reply, the message bus security policy blocked the reply, the reply timeout expired, or the network connection was broken.
[39.343s] DEBUG:colcon.colcon_core.event_reactor:joined thread
[39.359s] INFO:colcon.colcon_core.shell:Creating prefix script '/home/ubuntu/AutoSys-TurtlebotRos2/ros2_ws/install/local_setup.ps1'
[39.367s] INFO:colcon.colcon_core.shell:Creating prefix util module '/home/ubuntu/AutoSys-TurtlebotRos2/ros2_ws/install/_local_setup_util_ps1.py'
[39.381s] INFO:colcon.colcon_core.shell:Creating prefix chain script '/home/ubuntu/AutoSys-TurtlebotRos2/ros2_ws/install/setup.ps1'
[39.399s] INFO:colcon.colcon_core.shell:Creating prefix script '/home/ubuntu/AutoSys-TurtlebotRos2/ros2_ws/install/local_setup.sh'
[39.404s] INFO:colcon.colcon_core.shell:Creating prefix util module '/home/ubuntu/AutoSys-TurtlebotRos2/ros2_ws/install/_local_setup_util_sh.py'
[39.409s] INFO:colcon.colcon_core.shell:Creating prefix chain script '/home/ubuntu/AutoSys-TurtlebotRos2/ros2_ws/install/setup.sh'
[39.427s] INFO:colcon.colcon_core.shell:Creating prefix script '/home/ubuntu/AutoSys-TurtlebotRos2/ros2_ws/install/local_setup.bash'
[39.432s] INFO:colcon.colcon_core.shell:Creating prefix chain script '/home/ubuntu/AutoSys-TurtlebotRos2/ros2_ws/install/setup.bash'
[39.450s] INFO:colcon.colcon_core.shell:Creating prefix script '/home/ubuntu/AutoSys-TurtlebotRos2/ros2_ws/install/local_setup.zsh'
[39.455s] INFO:colcon.colcon_core.shell:Creating prefix chain script '/home/ubuntu/AutoSys-TurtlebotRos2/ros2_ws/install/setup.zsh'
