[4.622s] Invoking command in '/home/ubuntu/AutoSys-TurtlebotRos2/ros2_ws/src/talker_listener': PYTHONPATH=/home/ubuntu/AutoSys-TurtlebotRos2/ros2_ws/install/talker_listener/lib/python3.8/site-packages:${PYTHONPATH} /usr/bin/python3 setup.py egg_info --egg-base ../../build/talker_listener build --build-base /home/ubuntu/AutoSys-TurtlebotRos2/ros2_ws/build/talker_listener/build install --prefix /home/ubuntu/AutoSys-TurtlebotRos2/ros2_ws/install/talker_listener --record /home/ubuntu/AutoSys-TurtlebotRos2/ros2_ws/build/talker_listener/install.log --single-version-externally-managed
[6.322s] running egg_info
[6.324s] writing ../../build/talker_listener/talker_listener.egg-info/PKG-INFO
[6.327s] writing dependency_links to ../../build/talker_listener/talker_listener.egg-info/dependency_links.txt
[6.331s] writing entry points to ../../build/talker_listener/talker_listener.egg-info/entry_points.txt
[6.332s] writing requirements to ../../build/talker_listener/talker_listener.egg-info/requires.txt
[6.332s] writing top-level names to ../../build/talker_listener/talker_listener.egg-info/top_level.txt
[6.512s] reading manifest file '../../build/talker_listener/talker_listener.egg-info/SOURCES.txt'
[6.519s] writing manifest file '../../build/talker_listener/talker_listener.egg-info/SOURCES.txt'
[6.523s] running build
[6.524s] running build_py
[6.527s] copying talker_listener/picture_publisher.py -> /home/ubuntu/AutoSys-TurtlebotRos2/ros2_ws/build/talker_listener/build/lib/talker_listener
[6.532s] running install
[6.539s] running install_lib
[6.550s] copying /home/ubuntu/AutoSys-TurtlebotRos2/ros2_ws/build/talker_listener/build/lib/talker_listener/picture_publisher.py -> /home/ubuntu/AutoSys-TurtlebotRos2/ros2_ws/install/talker_listener/lib/python3.8/site-packages/talker_listener
[6.558s] byte-compiling /home/ubuntu/AutoSys-TurtlebotRos2/ros2_ws/install/talker_listener/lib/python3.8/site-packages/talker_listener/picture_publisher.py to picture_publisher.cpython-38.pyc
[6.586s] running install_data
[6.601s] running install_egg_info
[6.618s] removing '/home/ubuntu/AutoSys-TurtlebotRos2/ros2_ws/install/talker_listener/lib/python3.8/site-packages/talker_listener-0.0.0-py3.8.egg-info' (and everything under it)
[6.626s] Copying ../../build/talker_listener/talker_listener.egg-info to /home/ubuntu/AutoSys-TurtlebotRos2/ros2_ws/install/talker_listener/lib/python3.8/site-packages/talker_listener-0.0.0-py3.8.egg-info
[6.651s] running install_scripts
[6.785s] Installing follower script to /home/ubuntu/AutoSys-TurtlebotRos2/ros2_ws/install/talker_listener/lib/talker_listener
[6.786s] Installing picture_publisher script to /home/ubuntu/AutoSys-TurtlebotRos2/ros2_ws/install/talker_listener/lib/talker_listener
[6.788s] Installing talker_listener script to /home/ubuntu/AutoSys-TurtlebotRos2/ros2_ws/install/talker_listener/lib/talker_listener
[6.792s] writing list of installed files to '/home/ubuntu/AutoSys-TurtlebotRos2/ros2_ws/build/talker_listener/install.log'
[6.954s] Invoked command in '/home/ubuntu/AutoSys-TurtlebotRos2/ros2_ws/src/talker_listener' returned '0': PYTHONPATH=/home/ubuntu/AutoSys-TurtlebotRos2/ros2_ws/install/talker_listener/lib/python3.8/site-packages:${PYTHONPATH} /usr/bin/python3 setup.py egg_info --egg-base ../../build/talker_listener build --build-base /home/ubuntu/AutoSys-TurtlebotRos2/ros2_ws/build/talker_listener/build install --prefix /home/ubuntu/AutoSys-TurtlebotRos2/ros2_ws/install/talker_listener --record /home/ubuntu/AutoSys-TurtlebotRos2/ros2_ws/build/talker_listener/install.log --single-version-externally-managed
