[4.583s] Invoking command in '/home/ubuntu/ros2_ws/src/talker_listener': PYTHONPATH=/home/ubuntu/ros2_ws/install/talker_listener/lib/python3.8/site-packages:${PYTHONPATH} /usr/bin/python3 setup.py egg_info --egg-base ../../build/talker_listener build --build-base /home/ubuntu/ros2_ws/build/talker_listener/build install --prefix /home/ubuntu/ros2_ws/install/talker_listener --record /home/ubuntu/ros2_ws/build/talker_listener/install.log --single-version-externally-managed
[6.073s] running egg_info
[6.076s] writing ../../build/talker_listener/talker_listener.egg-info/PKG-INFO
[6.078s] writing dependency_links to ../../build/talker_listener/talker_listener.egg-info/dependency_links.txt
[6.081s] writing entry points to ../../build/talker_listener/talker_listener.egg-info/entry_points.txt
[6.082s] writing requirements to ../../build/talker_listener/talker_listener.egg-info/requires.txt
[6.084s] writing top-level names to ../../build/talker_listener/talker_listener.egg-info/top_level.txt
[6.251s] reading manifest file '../../build/talker_listener/talker_listener.egg-info/SOURCES.txt'
[6.259s] writing manifest file '../../build/talker_listener/talker_listener.egg-info/SOURCES.txt'
[6.262s] running build
[6.270s] running build_py
[6.273s] copying talker_listener/follower_node.py -> /home/ubuntu/ros2_ws/build/talker_listener/build/lib/talker_listener
[6.275s] running install
[6.276s] running install_lib
[6.278s] copying /home/ubuntu/ros2_ws/build/talker_listener/build/lib/talker_listener/follower_node.py -> /home/ubuntu/ros2_ws/install/talker_listener/lib/python3.8/site-packages/talker_listener
[6.280s] byte-compiling /home/ubuntu/ros2_ws/install/talker_listener/lib/python3.8/site-packages/talker_listener/follower_node.py to follower_node.cpython-38.pyc
[6.285s] running install_data
[6.288s] running install_egg_info
[6.301s] removing '/home/ubuntu/ros2_ws/install/talker_listener/lib/python3.8/site-packages/talker_listener-0.0.0-py3.8.egg-info' (and everything under it)
[6.310s] Copying ../../build/talker_listener/talker_listener.egg-info to /home/ubuntu/ros2_ws/install/talker_listener/lib/python3.8/site-packages/talker_listener-0.0.0-py3.8.egg-info
[6.333s] running install_scripts
[6.425s] Installing follower script to /home/ubuntu/ros2_ws/install/talker_listener/lib/talker_listener
[6.427s] Installing talker_listener script to /home/ubuntu/ros2_ws/install/talker_listener/lib/talker_listener
[6.430s] writing list of installed files to '/home/ubuntu/ros2_ws/build/talker_listener/install.log'
[6.599s] Invoked command in '/home/ubuntu/ros2_ws/src/talker_listener' returned '0': PYTHONPATH=/home/ubuntu/ros2_ws/install/talker_listener/lib/python3.8/site-packages:${PYTHONPATH} /usr/bin/python3 setup.py egg_info --egg-base ../../build/talker_listener build --build-base /home/ubuntu/ros2_ws/build/talker_listener/build install --prefix /home/ubuntu/ros2_ws/install/talker_listener --record /home/ubuntu/ros2_ws/build/talker_listener/install.log --single-version-externally-managed
