[4.531s] Invoking command in '/home/ubuntu/ros2_ws/src/talker_listener': PYTHONPATH=/home/ubuntu/ros2_ws/install/talker_listener/lib/python3.8/site-packages:${PYTHONPATH} /usr/bin/python3 setup.py egg_info --egg-base ../../build/talker_listener build --build-base /home/ubuntu/ros2_ws/build/talker_listener/build install --prefix /home/ubuntu/ros2_ws/install/talker_listener --record /home/ubuntu/ros2_ws/build/talker_listener/install.log --single-version-externally-managed
[5.944s] running egg_info
[5.946s] writing ../../build/talker_listener/talker_listener.egg-info/PKG-INFO
[5.949s] writing dependency_links to ../../build/talker_listener/talker_listener.egg-info/dependency_links.txt
[5.951s] writing entry points to ../../build/talker_listener/talker_listener.egg-info/entry_points.txt
[5.953s] writing requirements to ../../build/talker_listener/talker_listener.egg-info/requires.txt
[5.955s] writing top-level names to ../../build/talker_listener/talker_listener.egg-info/top_level.txt
[6.171s] reading manifest file '../../build/talker_listener/talker_listener.egg-info/SOURCES.txt'
[6.175s] writing manifest file '../../build/talker_listener/talker_listener.egg-info/SOURCES.txt'
[6.176s] running build
[6.176s] running build_py
[6.177s] copying talker_listener/follower_node.py -> /home/ubuntu/ros2_ws/build/talker_listener/build/lib/talker_listener
[6.178s] running install
[6.181s] running install_lib
[6.186s] copying /home/ubuntu/ros2_ws/build/talker_listener/build/lib/talker_listener/follower_node.py -> /home/ubuntu/ros2_ws/install/talker_listener/lib/python3.8/site-packages/talker_listener
[6.189s] byte-compiling /home/ubuntu/ros2_ws/install/talker_listener/lib/python3.8/site-packages/talker_listener/follower_node.py to follower_node.cpython-38.pyc
[6.196s] running install_data
[6.198s] running install_egg_info
[6.204s] removing '/home/ubuntu/ros2_ws/install/talker_listener/lib/python3.8/site-packages/talker_listener-0.0.0-py3.8.egg-info' (and everything under it)
[6.206s] Copying ../../build/talker_listener/talker_listener.egg-info to /home/ubuntu/ros2_ws/install/talker_listener/lib/python3.8/site-packages/talker_listener-0.0.0-py3.8.egg-info
[6.211s] running install_scripts
[6.281s] Installing follower script to /home/ubuntu/ros2_ws/install/talker_listener/lib/talker_listener
[6.282s] Installing talker_listener script to /home/ubuntu/ros2_ws/install/talker_listener/lib/talker_listener
[6.284s] writing list of installed files to '/home/ubuntu/ros2_ws/build/talker_listener/install.log'
[6.382s] Invoked command in '/home/ubuntu/ros2_ws/src/talker_listener' returned '0': PYTHONPATH=/home/ubuntu/ros2_ws/install/talker_listener/lib/python3.8/site-packages:${PYTHONPATH} /usr/bin/python3 setup.py egg_info --egg-base ../../build/talker_listener build --build-base /home/ubuntu/ros2_ws/build/talker_listener/build install --prefix /home/ubuntu/ros2_ws/install/talker_listener --record /home/ubuntu/ros2_ws/build/talker_listener/install.log --single-version-externally-managed
