[4.706s] Invoking command in '/home/ubuntu/ros2_ws/src/talker_listener': PYTHONPATH=/home/ubuntu/ros2_ws/install/talker_listener/lib/python3.8/site-packages:${PYTHONPATH} /usr/bin/python3 setup.py egg_info --egg-base ../../build/talker_listener build --build-base /home/ubuntu/ros2_ws/build/talker_listener/build install --prefix /home/ubuntu/ros2_ws/install/talker_listener --record /home/ubuntu/ros2_ws/build/talker_listener/install.log --single-version-externally-managed
[6.131s] running egg_info
[6.133s] writing ../../build/talker_listener/talker_listener.egg-info/PKG-INFO
[6.134s] writing dependency_links to ../../build/talker_listener/talker_listener.egg-info/dependency_links.txt
[6.135s] writing entry points to ../../build/talker_listener/talker_listener.egg-info/entry_points.txt
[6.137s] writing requirements to ../../build/talker_listener/talker_listener.egg-info/requires.txt
[6.138s] writing top-level names to ../../build/talker_listener/talker_listener.egg-info/top_level.txt
[6.291s] reading manifest file '../../build/talker_listener/talker_listener.egg-info/SOURCES.txt'
[6.296s] writing manifest file '../../build/talker_listener/talker_listener.egg-info/SOURCES.txt'
[6.297s] running build
[6.297s] running build_py
[6.298s] copying talker_listener/follower_node.py -> /home/ubuntu/ros2_ws/build/talker_listener/build/lib/talker_listener
[6.302s] running install
[6.306s] running install_lib
[6.311s] copying /home/ubuntu/ros2_ws/build/talker_listener/build/lib/talker_listener/follower_node.py -> /home/ubuntu/ros2_ws/install/talker_listener/lib/python3.8/site-packages/talker_listener
[6.315s] byte-compiling /home/ubuntu/ros2_ws/install/talker_listener/lib/python3.8/site-packages/talker_listener/follower_node.py to follower_node.cpython-38.pyc
[6.322s] running install_data
[6.324s] running install_egg_info
[6.331s] removing '/home/ubuntu/ros2_ws/install/talker_listener/lib/python3.8/site-packages/talker_listener-0.0.0-py3.8.egg-info' (and everything under it)
[6.333s] Copying ../../build/talker_listener/talker_listener.egg-info to /home/ubuntu/ros2_ws/install/talker_listener/lib/python3.8/site-packages/talker_listener-0.0.0-py3.8.egg-info
[6.339s] running install_scripts
[6.408s] Installing follower script to /home/ubuntu/ros2_ws/install/talker_listener/lib/talker_listener
[6.409s] Installing talker_listener script to /home/ubuntu/ros2_ws/install/talker_listener/lib/talker_listener
[6.411s] writing list of installed files to '/home/ubuntu/ros2_ws/build/talker_listener/install.log'
[6.510s] Invoked command in '/home/ubuntu/ros2_ws/src/talker_listener' returned '0': PYTHONPATH=/home/ubuntu/ros2_ws/install/talker_listener/lib/python3.8/site-packages:${PYTHONPATH} /usr/bin/python3 setup.py egg_info --egg-base ../../build/talker_listener build --build-base /home/ubuntu/ros2_ws/build/talker_listener/build install --prefix /home/ubuntu/ros2_ws/install/talker_listener --record /home/ubuntu/ros2_ws/build/talker_listener/install.log --single-version-externally-managed
